#
# There is insufficient memory for the Java Runtime Environment to continue.
# Native memory allocation (malloc) failed to allocate 2166576 bytes. Error detail: Chunk::new
# Possible reasons:
#   The system is out of physical RAM or swap space
#   This process is running with CompressedOops enabled, and the Java Heap may be blocking the growth of the native heap
# Possible solutions:
#   Reduce memory load on the system
#   Increase physical memory or swap space
#   Check if swap backing store is full
#   Decrease Java heap size (-Xmx/-Xms)
#   Decrease number of Java threads
#   Decrease Java thread stack sizes (-Xss)
#   Set larger code cache with -XX:ReservedCodeCacheSize=
#   JVM is running with Unscaled Compressed Oops mode in which the Java heap is
#     placed in the first 4GB address space. The Java Heap base address is the
#     maximum limit for the native heap growth. Please use -XX:HeapBaseMinAddress
#     to set the Java Heap base and to place the Java Heap above 4GB virtual address.
# This output file may be truncated or incomplete.
#
#  Out of Memory Error (arena.cpp:191), pid=14752, tid=1148
#
# JRE version: OpenJDK Runtime Environment Corretto-17.0.16.8.1 (17.0.16+8) (build 17.0.16+8-LTS)
# Java VM: OpenJDK 64-Bit Server VM Corretto-17.0.16.8.1 (17.0.16+8-LTS, mixed mode, sharing, tiered, compressed oops, compressed class ptrs, g1 gc, windows-amd64)
# No core dump will be written. Minidumps are not enabled by default on client versions of Windows
#

---------------  S U M M A R Y ------------

Command Line: --add-opens=java.base/java.lang=ALL-UNNAMED --add-opens=java.base/java.lang.invoke=ALL-UNNAMED --add-opens=java.base/java.util=ALL-UNNAMED --add-opens=java.prefs/java.util.prefs=ALL-UNNAMED --add-exports=jdk.compiler/com.sun.tools.javac.api=ALL-UNNAMED --add-exports=jdk.compiler/com.sun.tools.javac.util=ALL-UNNAMED --add-opens=java.base/java.util=ALL-UNNAMED --add-opens=java.prefs/java.util.prefs=ALL-UNNAMED --add-opens=java.base/java.nio.charset=ALL-UNNAMED --add-opens=java.base/java.net=ALL-UNNAMED --add-opens=java.base/java.util.concurrent.atomic=ALL-UNNAMED --add-opens=java.xml/javax.xml.namespace=ALL-UNNAMED -Xmx2048m -Dfile.encoding=UTF-8 -Duser.country=KR -Duser.language=ko -Duser.variant -javaagent:C:\Users\Administrator\.gradle\wrapper\dists\gradle-8.11.1-bin\bpt9gzteqjrbo1mjrsomdt32c\gradle-8.11.1\lib\agents\gradle-instrumentation-agent-8.11.1.jar org.gradle.launcher.daemon.bootstrap.GradleDaemon 8.11.1

Host: 12th Gen Intel(R) Core(TM) i7-12700, 20 cores, 15G,  Windows 11 , 64 bit Build 26100 (10.0.26100.4768)
Time: Mon Dec  8 11:07:30 2025  Windows 11 , 64 bit Build 26100 (10.0.26100.4768) elapsed time: 20.854119 seconds (0d 0h 0m 20s)

---------------  T H R E A D  ---------------

Current thread (0x000001bf7c128690):  JavaThread "C2 CompilerThread0" daemon [_thread_in_native, id=1148, stack(0x0000000d27f00000,0x0000000d28000000)]


Current CompileTask:
C2:  20854 12270       4       org.gradle.internal.instantiation.generator.AbstractClassGenerator::inspectType (560 bytes)

Stack: [0x0000000d27f00000,0x0000000d28000000]
Native frames: (J=compiled Java code, j=interpreted, Vv=VM code, C=native code)
V  [jvm.dll+0x681329]
V  [jvm.dll+0x838dda]
V  [jvm.dll+0x83a89e]
V  [jvm.dll+0x83af03]
V  [jvm.dll+0x2484af]
V  [jvm.dll+0xaca34]
V  [jvm.dll+0xad07c]
V  [jvm.dll+0x367b67]
V  [jvm.dll+0x1bd562]
V  [jvm.dll+0x21aa89]
V  [jvm.dll+0x219d71]
V  [jvm.dll+0x1a5a8d]
V  [jvm.dll+0x229a9d]
V  [jvm.dll+0x227c5c]
V  [jvm.dll+0x7edd17]
V  [jvm.dll+0x7e826c]
V  [jvm.dll+0x6801f7]
C  [ucrtbase.dll+0x37b0]
C  [KERNEL32.DLL+0x2e8d7]
C  [ntdll.dll+0x3c34c]


---------------  P R O C E S S  ---------------

Threads class SMR info:
_java_thread_list=0x000001bf467106e0, length=129, elements={
0x000001bf5da52240, 0x000001bf7c10e470, 0x000001bf7c10ed40, 0x000001bf7c126020,
0x000001bf7c1268f0, 0x000001bf7c1271c0, 0x000001bf7c127a90, 0x000001bf7c128690,
0x000001bf7c128fa0, 0x000001bf7c12b8c0, 0x000001bf7d0bbee0, 0x000001bf7d0c03e0,
0x000001bf7d21a4e0, 0x000001bf7f64b040, 0x000001bf7d697390, 0x000001bf7f446140,
0x000001bf7f6def90, 0x000001bf7f72a5c0, 0x000001bf7f74f910, 0x000001bf7f74fe20,
0x000001bf7f74f400, 0x000001bf7f74eef0, 0x000001bf7f74e4d0, 0x000001bf7f74e9e0,
0x000001bf7f955ed0, 0x000001bf7f9568f0, 0x000001bf7f957820, 0x000001bf7f9563e0,
0x000001bf7f956e00, 0x000001bf7f954a90, 0x000001bf7f957310, 0x000001bf7f954070,
0x000001bf7f954fa0, 0x000001bf7f957d30, 0x000001bf7f954580, 0x000001bf7f958240,
0x000001bf7f958750, 0x000001bf7f958c60, 0x000001bf7f9554b0, 0x000001bf7f95afd0,
0x000001bf7f95b4e0, 0x000001bf7f95aac0, 0x000001bf7f95a5b0, 0x000001bf7f95b9f0,
0x000001bf7f83cb10, 0x000001bf7f83bbe0, 0x000001bf7f83d020, 0x000001bf7f83da40,
0x000001bf7f83c0f0, 0x000001bf7f83e460, 0x000001bf7f83d530, 0x000001bf7f83df50,
0x000001bf7f83e970, 0x000001bf7f83b1c0, 0x000001bf7f83b6d0, 0x000001bf472cff50,
0x000001bf472cfa40, 0x000001bf472d0970, 0x000001bf472d0e80, 0x000001bf472cf020,
0x000001bf472cf530, 0x000001bf472d1390, 0x000001bf472d0460, 0x000001bf472d1db0,
0x000001bf472d4120, 0x000001bf472d4b40, 0x000001bf472d4630, 0x000001bf472d5050,
0x000001bf472d22c0, 0x000001bf472d2ce0, 0x000001bf472d18a0, 0x000001bf472d31f0,
0x000001bf472d3700, 0x000001bf472d5a70, 0x000001bf472d27d0, 0x000001bf472d3c10,
0x000001bf472d5560, 0x000001bf472d5f80, 0x000001bf472d6490, 0x000001bf472d69a0,
0x000001bf469364f0, 0x000001bf46935ad0, 0x000001bf46938350, 0x000001bf469350b0,
0x000001bf46936f10, 0x000001bf46937e40, 0x000001bf469355c0, 0x000001bf46938860,
0x000001bf46937420, 0x000001bf46938d70, 0x000001bf46939280, 0x000001bf46936a00,
0x000001bf46939790, 0x000001bf46937930, 0x000001bf46935fe0, 0x000001bf4693ca30,
0x000001bf4693a1b0, 0x000001bf4693c520, 0x000001bf4693c010, 0x000001bf4693b0e0,
0x000001bf46939ca0, 0x000001bf7dc35470, 0x000001bf4693abd0, 0x000001bf45fc0990,
0x000001bf7d07c130, 0x000001bf7d07c680, 0x000001bf45fc13b0, 0x000001bf45fc18c0,
0x000001bf45fc0480, 0x000001bf45fc1dd0, 0x000001bf45fc22e0, 0x000001bf45fbf040,
0x000001bf45fc5580, 0x000001bf45fc3c30, 0x000001bf45fc4140, 0x000001bf45fc5a90,
0x000001bf45fc2d00, 0x000001bf45fc3720, 0x000001bf45fc3210, 0x000001bf45fc4650,
0x000001bf45fc4b60, 0x000001bf45fc5070, 0x000001bf452428f0, 0x000001bf452414b0,
0x000001bf452419c0, 0x000001bf4523fb60, 0x000001bf4523f650, 0x000001bf7d07abf0,
0x000001bf7d07ebb0
}

Java Threads: ( => current thread )
  0x000001bf5da52240 JavaThread "main" [_thread_blocked, id=17040, stack(0x0000000d27200000,0x0000000d27300000)]
  0x000001bf7c10e470 JavaThread "Reference Handler" daemon [_thread_blocked, id=15836, stack(0x0000000d27900000,0x0000000d27a00000)]
  0x000001bf7c10ed40 JavaThread "Finalizer" daemon [_thread_blocked, id=11096, stack(0x0000000d27a00000,0x0000000d27b00000)]
  0x000001bf7c126020 JavaThread "Signal Dispatcher" daemon [_thread_blocked, id=18668, stack(0x0000000d27b00000,0x0000000d27c00000)]
  0x000001bf7c1268f0 JavaThread "Attach Listener" daemon [_thread_blocked, id=13900, stack(0x0000000d27c00000,0x0000000d27d00000)]
  0x000001bf7c1271c0 JavaThread "Service Thread" daemon [_thread_blocked, id=11628, stack(0x0000000d27d00000,0x0000000d27e00000)]
  0x000001bf7c127a90 JavaThread "Monitor Deflation Thread" daemon [_thread_blocked, id=12404, stack(0x0000000d27e00000,0x0000000d27f00000)]
=>0x000001bf7c128690 JavaThread "C2 CompilerThread0" daemon [_thread_in_native, id=1148, stack(0x0000000d27f00000,0x0000000d28000000)]
  0x000001bf7c128fa0 JavaThread "C1 CompilerThread0" daemon [_thread_blocked, id=8368, stack(0x0000000d28000000,0x0000000d28100000)]
  0x000001bf7c12b8c0 JavaThread "Sweeper thread" daemon [_thread_blocked, id=8612, stack(0x0000000d28100000,0x0000000d28200000)]
  0x000001bf7d0bbee0 JavaThread "Common-Cleaner" daemon [_thread_blocked, id=560, stack(0x0000000d28200000,0x0000000d28300000)]
  0x000001bf7d0c03e0 JavaThread "C1 CompilerThread1" daemon [_thread_blocked, id=8452, stack(0x0000000d28300000,0x0000000d28400000)]
  0x000001bf7d21a4e0 JavaThread "Notification Thread" daemon [_thread_blocked, id=3792, stack(0x0000000d28700000,0x0000000d28800000)]
  0x000001bf7f64b040 JavaThread "Daemon health stats" [_thread_blocked, id=11312, stack(0x0000000d28a00000,0x0000000d28b00000)]
  0x000001bf7d697390 JavaThread "Incoming local TCP Connector on port 3609" [_thread_in_native, id=13736, stack(0x0000000d28900000,0x0000000d28a00000)]
  0x000001bf7f446140 JavaThread "Daemon periodic checks" [_thread_blocked, id=18216, stack(0x0000000d29000000,0x0000000d29100000)]
  0x000001bf7f6def90 JavaThread "Daemon" [_thread_blocked, id=19148, stack(0x0000000d29100000,0x0000000d29200000)]
  0x000001bf7f72a5c0 JavaThread "Handler for socket connection from /127.0.0.1:3609 to /127.0.0.1:3610" [_thread_in_native, id=17544, stack(0x0000000d29200000,0x0000000d29300000)]
  0x000001bf7f74f910 JavaThread "Cancel handler" [_thread_blocked, id=5764, stack(0x0000000d29300000,0x0000000d29400000)]
  0x000001bf7f74fe20 JavaThread "Daemon worker" [_thread_in_native, id=9600, stack(0x0000000d29400000,0x0000000d29500000)]
  0x000001bf7f74f400 JavaThread "Asynchronous log dispatcher for DefaultDaemonConnection: socket connection from /127.0.0.1:3609 to /127.0.0.1:3610" [_thread_blocked, id=5940, stack(0x0000000d29500000,0x0000000d29600000)]
  0x000001bf7f74eef0 JavaThread "Stdin handler" [_thread_blocked, id=6580, stack(0x0000000d29600000,0x0000000d29700000)]
  0x000001bf7f74e4d0 JavaThread "Daemon client event forwarder" [_thread_blocked, id=12600, stack(0x0000000d29700000,0x0000000d29800000)]
  0x000001bf7f74e9e0 JavaThread "Cache worker for journal cache (C:\Users\Administrator\.gradle\caches\journal-1)" [_thread_blocked, id=524, stack(0x0000000d29800000,0x0000000d29900000)]
  0x000001bf7f955ed0 JavaThread "File lock request listener" [_thread_in_native, id=14156, stack(0x0000000d29900000,0x0000000d29a00000)]
  0x000001bf7f9568f0 JavaThread "Cache worker for file hash cache (C:\Users\Administrator\.gradle\caches\8.11.1\fileHashes)" [_thread_blocked, id=7404, stack(0x0000000d29a00000,0x0000000d29b00000)]
  0x000001bf7f957820 JavaThread "Cache worker for file content cache (C:\Users\Administrator\.gradle\caches\8.11.1\fileContent)" [_thread_blocked, id=6068, stack(0x0000000d29b00000,0x0000000d29c00000)]
  0x000001bf7f9563e0 JavaThread "File lock release action executor" [_thread_blocked, id=1852, stack(0x0000000d29d00000,0x0000000d29e00000)]
  0x000001bf7f956e00 JavaThread "Cache worker for file hash cache (C:\WiseYoung1206_2\WiseYoung1206_2\WiseYoung\.gradle\8.11.1\fileHashes)" [_thread_blocked, id=7136, stack(0x0000000d29e00000,0x0000000d29f00000)]
  0x000001bf7f954a90 JavaThread "Cache worker for Build Output Cleanup Cache (C:\WiseYoung1206_2\WiseYoung1206_2\WiseYoung\.gradle\buildOutputCleanup)" [_thread_blocked, id=10540, stack(0x0000000d29f00000,0x0000000d2a000000)]
  0x000001bf7f957310 JavaThread "File watcher server" daemon [_thread_in_native, id=14312, stack(0x0000000d2ac00000,0x0000000d2ad00000)]
  0x000001bf7f954070 JavaThread "File watcher consumer" daemon [_thread_blocked, id=2476, stack(0x0000000d2ad00000,0x0000000d2ae00000)]
  0x000001bf7f954fa0 JavaThread "jar transforms" [_thread_blocked, id=15016, stack(0x0000000d2ae00000,0x0000000d2af00000)]
  0x000001bf7f957d30 JavaThread "jar transforms Thread 2" [_thread_blocked, id=12084, stack(0x0000000d2af00000,0x0000000d2b000000)]
  0x000001bf7f954580 JavaThread "jar transforms Thread 3" [_thread_blocked, id=19236, stack(0x0000000d2b000000,0x0000000d2b100000)]
  0x000001bf7f958240 JavaThread "Cache worker for checksums cache (C:\WiseYoung1206_2\WiseYoung1206_2\WiseYoung\.gradle\8.11.1\checksums)" [_thread_blocked, id=14764, stack(0x0000000d2b200000,0x0000000d2b300000)]
  0x000001bf7f958750 JavaThread "Cache worker for cache directory md-rule (C:\Users\Administrator\.gradle\caches\8.11.1\md-rule)" [_thread_blocked, id=1172, stack(0x0000000d2b300000,0x0000000d2b400000)]
  0x000001bf7f958c60 JavaThread "Cache worker for cache directory md-supplier (C:\Users\Administrator\.gradle\caches\8.11.1\md-supplier)" [_thread_blocked, id=2024, stack(0x0000000d2b400000,0x0000000d2b500000)]
  0x000001bf7f9554b0 JavaThread "jar transforms Thread 4" [_thread_blocked, id=5964, stack(0x0000000d2b500000,0x0000000d2b600000)]
  0x000001bf7f95afd0 JavaThread "jar transforms Thread 5" [_thread_blocked, id=15728, stack(0x0000000d2b600000,0x0000000d2b700000)]
  0x000001bf7f95b4e0 JavaThread "jar transforms Thread 6" [_thread_blocked, id=7408, stack(0x0000000d2b700000,0x0000000d2b800000)]
  0x000001bf7f95aac0 JavaThread "jar transforms Thread 7" [_thread_blocked, id=19316, stack(0x0000000d2b800000,0x0000000d2b900000)]
  0x000001bf7f95a5b0 JavaThread "jar transforms Thread 8" [_thread_blocked, id=16620, stack(0x0000000d2b900000,0x0000000d2ba00000)]
  0x000001bf7f95b9f0 JavaThread "jar transforms Thread 9" [_thread_blocked, id=16512, stack(0x0000000d2ba00000,0x0000000d2bb00000)]
  0x000001bf7f83cb10 JavaThread "Unconstrained build operations" [_thread_blocked, id=2760, stack(0x0000000d2b100000,0x0000000d2b200000)]
  0x000001bf7f83bbe0 JavaThread "Unconstrained build operations Thread 2" [_thread_blocked, id=18080, stack(0x0000000d2bb00000,0x0000000d2bc00000)]
  0x000001bf7f83d020 JavaThread "Unconstrained build operations Thread 3" [_thread_blocked, id=16624, stack(0x0000000d2bc00000,0x0000000d2bd00000)]
  0x000001bf7f83da40 JavaThread "Unconstrained build operations Thread 4" [_thread_blocked, id=6616, stack(0x0000000d2bd00000,0x0000000d2be00000)]
  0x000001bf7f83c0f0 JavaThread "Unconstrained build operations Thread 5" [_thread_blocked, id=1492, stack(0x0000000d2be00000,0x0000000d2bf00000)]
  0x000001bf7f83e460 JavaThread "Unconstrained build operations Thread 6" [_thread_blocked, id=11012, stack(0x0000000d2bf00000,0x0000000d2c000000)]
  0x000001bf7f83d530 JavaThread "Unconstrained build operations Thread 7" [_thread_blocked, id=2100, stack(0x0000000d2c000000,0x0000000d2c100000)]
  0x000001bf7f83df50 JavaThread "Unconstrained build operations Thread 8" [_thread_blocked, id=6276, stack(0x0000000d2c100000,0x0000000d2c200000)]
  0x000001bf7f83e970 JavaThread "Unconstrained build operations Thread 9" [_thread_blocked, id=1464, stack(0x0000000d2c200000,0x0000000d2c300000)]
  0x000001bf7f83b1c0 JavaThread "Unconstrained build operations Thread 10" [_thread_blocked, id=19060, stack(0x0000000d2c300000,0x0000000d2c400000)]
  0x000001bf7f83b6d0 JavaThread "Unconstrained build operations Thread 11" [_thread_blocked, id=9760, stack(0x0000000d2c400000,0x0000000d2c500000)]
  0x000001bf472cff50 JavaThread "Unconstrained build operations Thread 12" [_thread_blocked, id=14080, stack(0x0000000d2c500000,0x0000000d2c600000)]
  0x000001bf472cfa40 JavaThread "Unconstrained build operations Thread 13" [_thread_blocked, id=16708, stack(0x0000000d2c600000,0x0000000d2c700000)]
  0x000001bf472d0970 JavaThread "Unconstrained build operations Thread 14" [_thread_blocked, id=7640, stack(0x0000000d2c700000,0x0000000d2c800000)]
  0x000001bf472d0e80 JavaThread "Unconstrained build operations Thread 15" [_thread_blocked, id=14708, stack(0x0000000d2c800000,0x0000000d2c900000)]
  0x000001bf472cf020 JavaThread "Unconstrained build operations Thread 16" [_thread_blocked, id=17980, stack(0x0000000d2c900000,0x0000000d2ca00000)]
  0x000001bf472cf530 JavaThread "Unconstrained build operations Thread 17" [_thread_blocked, id=6084, stack(0x0000000d2ca00000,0x0000000d2cb00000)]
  0x000001bf472d1390 JavaThread "Unconstrained build operations Thread 18" [_thread_blocked, id=15204, stack(0x0000000d2cb00000,0x0000000d2cc00000)]
  0x000001bf472d0460 JavaThread "Unconstrained build operations Thread 19" [_thread_blocked, id=18732, stack(0x0000000d2cc00000,0x0000000d2cd00000)]
  0x000001bf472d1db0 JavaThread "Unconstrained build operations Thread 20" [_thread_blocked, id=8156, stack(0x0000000d2cd00000,0x0000000d2ce00000)]
  0x000001bf472d4120 JavaThread "Unconstrained build operations Thread 21" [_thread_blocked, id=11324, stack(0x0000000d2ce00000,0x0000000d2cf00000)]
  0x000001bf472d4b40 JavaThread "Unconstrained build operations Thread 22" [_thread_blocked, id=17320, stack(0x0000000d2cf00000,0x0000000d2d000000)]
  0x000001bf472d4630 JavaThread "Unconstrained build operations Thread 23" [_thread_blocked, id=9864, stack(0x0000000d2d000000,0x0000000d2d100000)]
  0x000001bf472d5050 JavaThread "Unconstrained build operations Thread 24" [_thread_blocked, id=19152, stack(0x0000000d2d100000,0x0000000d2d200000)]
  0x000001bf472d22c0 JavaThread "Unconstrained build operations Thread 25" [_thread_blocked, id=14028, stack(0x0000000d2d200000,0x0000000d2d300000)]
  0x000001bf472d2ce0 JavaThread "Unconstrained build operations Thread 26" [_thread_blocked, id=19392, stack(0x0000000d2d300000,0x0000000d2d400000)]
  0x000001bf472d18a0 JavaThread "Unconstrained build operations Thread 27" [_thread_blocked, id=19368, stack(0x0000000d2d400000,0x0000000d2d500000)]
  0x000001bf472d31f0 JavaThread "Unconstrained build operations Thread 28" [_thread_blocked, id=14812, stack(0x0000000d2d500000,0x0000000d2d600000)]
  0x000001bf472d3700 JavaThread "Unconstrained build operations Thread 29" [_thread_blocked, id=1516, stack(0x0000000d2d600000,0x0000000d2d700000)]
  0x000001bf472d5a70 JavaThread "Unconstrained build operations Thread 30" [_thread_blocked, id=8036, stack(0x0000000d2d700000,0x0000000d2d800000)]
  0x000001bf472d27d0 JavaThread "Unconstrained build operations Thread 31" [_thread_blocked, id=19024, stack(0x0000000d2d800000,0x0000000d2d900000)]
  0x000001bf472d3c10 JavaThread "Unconstrained build operations Thread 32" [_thread_blocked, id=18784, stack(0x0000000d2d900000,0x0000000d2da00000)]
  0x000001bf472d5560 JavaThread "Unconstrained build operations Thread 33" [_thread_blocked, id=16224, stack(0x0000000d2da00000,0x0000000d2db00000)]
  0x000001bf472d5f80 JavaThread "Unconstrained build operations Thread 34" [_thread_blocked, id=2092, stack(0x0000000d2db00000,0x0000000d2dc00000)]
  0x000001bf472d6490 JavaThread "Unconstrained build operations Thread 35" [_thread_blocked, id=4260, stack(0x0000000d2dc00000,0x0000000d2dd00000)]
  0x000001bf472d69a0 JavaThread "Unconstrained build operations Thread 36" [_thread_blocked, id=16472, stack(0x0000000d2dd00000,0x0000000d2de00000)]
  0x000001bf469364f0 JavaThread "Unconstrained build operations Thread 37" [_thread_blocked, id=19160, stack(0x0000000d2de00000,0x0000000d2df00000)]
  0x000001bf46935ad0 JavaThread "Unconstrained build operations Thread 38" [_thread_blocked, id=4508, stack(0x0000000d2df00000,0x0000000d2e000000)]
  0x000001bf46938350 JavaThread "Unconstrained build operations Thread 39" [_thread_blocked, id=2068, stack(0x0000000d2e100000,0x0000000d2e200000)]
  0x000001bf469350b0 JavaThread "Unconstrained build operations Thread 40" [_thread_blocked, id=6900, stack(0x0000000d2e200000,0x0000000d2e300000)]
  0x000001bf46936f10 JavaThread "Unconstrained build operations Thread 41" [_thread_blocked, id=18008, stack(0x0000000d2e300000,0x0000000d2e400000)]
  0x000001bf46937e40 JavaThread "Unconstrained build operations Thread 42" [_thread_blocked, id=3840, stack(0x0000000d2e400000,0x0000000d2e500000)]
  0x000001bf469355c0 JavaThread "Unconstrained build operations Thread 43" [_thread_blocked, id=7336, stack(0x0000000d2e500000,0x0000000d2e600000)]
  0x000001bf46938860 JavaThread "Unconstrained build operations Thread 44" [_thread_blocked, id=18672, stack(0x0000000d2e600000,0x0000000d2e700000)]
  0x000001bf46937420 JavaThread "Unconstrained build operations Thread 45" [_thread_blocked, id=12324, stack(0x0000000d2e700000,0x0000000d2e800000)]
  0x000001bf46938d70 JavaThread "Unconstrained build operations Thread 46" [_thread_blocked, id=19028, stack(0x0000000d2e800000,0x0000000d2e900000)]
  0x000001bf46939280 JavaThread "Unconstrained build operations Thread 47" [_thread_blocked, id=6284, stack(0x0000000d2e900000,0x0000000d2ea00000)]
  0x000001bf46936a00 JavaThread "Unconstrained build operations Thread 48" [_thread_blocked, id=16080, stack(0x0000000d2ea00000,0x0000000d2eb00000)]
  0x000001bf46939790 JavaThread "Unconstrained build operations Thread 49" [_thread_blocked, id=7844, stack(0x0000000d2eb00000,0x0000000d2ec00000)]
  0x000001bf46937930 JavaThread "Unconstrained build operations Thread 50" [_thread_blocked, id=18792, stack(0x0000000d2ec00000,0x0000000d2ed00000)]
  0x000001bf46935fe0 JavaThread "Unconstrained build operations Thread 51" [_thread_blocked, id=8296, stack(0x0000000d2ed00000,0x0000000d2ee00000)]
  0x000001bf4693ca30 JavaThread "Unconstrained build operations Thread 52" [_thread_blocked, id=15692, stack(0x0000000d2ee00000,0x0000000d2ef00000)]
  0x000001bf4693a1b0 JavaThread "Unconstrained build operations Thread 53" [_thread_blocked, id=16124, stack(0x0000000d2ef00000,0x0000000d2f000000)]
  0x000001bf4693c520 JavaThread "Unconstrained build operations Thread 54" [_thread_blocked, id=15068, stack(0x0000000d2f000000,0x0000000d2f100000)]
  0x000001bf4693c010 JavaThread "Unconstrained build operations Thread 55" [_thread_blocked, id=15092, stack(0x0000000d2f100000,0x0000000d2f200000)]
  0x000001bf4693b0e0 JavaThread "Unconstrained build operations Thread 56" [_thread_blocked, id=9248, stack(0x0000000d2f200000,0x0000000d2f300000)]
  0x000001bf46939ca0 JavaThread "Unconstrained build operations Thread 57" [_thread_blocked, id=16852, stack(0x0000000d2f300000,0x0000000d2f400000)]
  0x000001bf7dc35470 JavaThread "C1 CompilerThread2" daemon [_thread_blocked, id=19168, stack(0x0000000d28600000,0x0000000d28700000)]
  0x000001bf4693abd0 JavaThread "Memory manager" [_thread_blocked, id=6804, stack(0x0000000d29c00000,0x0000000d29d00000)]
  0x000001bf45fc0990 JavaThread "build event listener" [_thread_blocked, id=18724, stack(0x0000000d2e000000,0x0000000d2e100000)]
  0x000001bf7d07c130 JavaThread "C2 CompilerThread1" daemon [_thread_blocked, id=4244, stack(0x0000000d28400000,0x0000000d28500000)]
  0x000001bf7d07c680 JavaThread "C2 CompilerThread2" daemon [_thread_in_native, id=516, stack(0x0000000d2f400000,0x0000000d2f500000)]
  0x000001bf45fc13b0 JavaThread "included builds" [_thread_blocked, id=19444, stack(0x0000000d2f500000,0x0000000d2f600000)]
  0x000001bf45fc18c0 JavaThread "Execution worker" [_thread_blocked, id=6076, stack(0x0000000d2f600000,0x0000000d2f700000)]
  0x000001bf45fc0480 JavaThread "Execution worker Thread 2" [_thread_blocked, id=8672, stack(0x0000000d2f700000,0x0000000d2f800000)]
  0x000001bf45fc1dd0 JavaThread "Execution worker Thread 3" [_thread_blocked, id=6916, stack(0x0000000d2f800000,0x0000000d2f900000)]
  0x000001bf45fc22e0 JavaThread "Execution worker Thread 4" [_thread_blocked, id=18360, stack(0x0000000d2f900000,0x0000000d2fa00000)]
  0x000001bf45fbf040 JavaThread "Execution worker Thread 5" [_thread_blocked, id=11128, stack(0x0000000d2fa00000,0x0000000d2fb00000)]
  0x000001bf45fc5580 JavaThread "Execution worker Thread 6" [_thread_blocked, id=14832, stack(0x0000000d2fb00000,0x0000000d2fc00000)]
  0x000001bf45fc3c30 JavaThread "Execution worker Thread 7" [_thread_blocked, id=10648, stack(0x0000000d2fc00000,0x0000000d2fd00000)]
  0x000001bf45fc4140 JavaThread "Execution worker Thread 8" [_thread_blocked, id=11592, stack(0x0000000d2fd00000,0x0000000d2fe00000)]
  0x000001bf45fc5a90 JavaThread "Execution worker Thread 9" [_thread_blocked, id=512, stack(0x0000000d2fe00000,0x0000000d2ff00000)]
  0x000001bf45fc2d00 JavaThread "Execution worker Thread 10" [_thread_blocked, id=7388, stack(0x0000000d2ff00000,0x0000000d30000000)]
  0x000001bf45fc3720 JavaThread "Execution worker Thread 11" [_thread_blocked, id=18808, stack(0x0000000d30000000,0x0000000d30100000)]
  0x000001bf45fc3210 JavaThread "Execution worker Thread 12" [_thread_blocked, id=16140, stack(0x0000000d30100000,0x0000000d30200000)]
  0x000001bf45fc4650 JavaThread "Execution worker Thread 13" [_thread_blocked, id=14212, stack(0x0000000d30200000,0x0000000d30300000)]
  0x000001bf45fc4b60 JavaThread "Execution worker Thread 14" [_thread_blocked, id=9540, stack(0x0000000d30300000,0x0000000d30400000)]
  0x000001bf45fc5070 JavaThread "Execution worker Thread 15" [_thread_blocked, id=952, stack(0x0000000d30400000,0x0000000d30500000)]
  0x000001bf452428f0 JavaThread "Execution worker Thread 16" [_thread_blocked, id=1412, stack(0x0000000d30500000,0x0000000d30600000)]
  0x000001bf452414b0 JavaThread "Execution worker Thread 17" [_thread_blocked, id=18052, stack(0x0000000d30600000,0x0000000d30700000)]
  0x000001bf452419c0 JavaThread "Execution worker Thread 18" [_thread_blocked, id=7056, stack(0x0000000d30700000,0x0000000d30800000)]
  0x000001bf4523fb60 JavaThread "Execution worker Thread 19" [_thread_blocked, id=16488, stack(0x0000000d30800000,0x0000000d30900000)]
  0x000001bf4523f650 JavaThread "Cache worker for execution history cache (C:\WiseYoung1206_2\WiseYoung1206_2\WiseYoung\.gradle\8.11.1\executionHistory)" [_thread_blocked, id=16496, stack(0x0000000d30900000,0x0000000d30a00000)]
  0x000001bf7d07abf0 JavaThread "C2 CompilerThread3" daemon [_thread_blocked, id=13512, stack(0x0000000d30a00000,0x0000000d30b00000)]
  0x000001bf7d07ebb0 JavaThread "C1 CompilerThread3" daemon [_thread_blocked, id=6908, stack(0x0000000d28500000,0x0000000d28600000)]

Other Threads:
  0x000001bf7c10b490 VMThread "VM Thread" [stack: 0x0000000d27800000,0x0000000d27900000] [id=1144]
  0x000001bf7d211e80 WatcherThread [stack: 0x0000000d28800000,0x0000000d28900000] [id=14588]
  0x000001bf5b75e870 GCTaskThread "GC Thread#0" [stack: 0x0000000d27300000,0x0000000d27400000] [id=3368]
  0x000001bf7d274720 GCTaskThread "GC Thread#1" [stack: 0x0000000d28b00000,0x0000000d28c00000] [id=3548]
  0x000001bf7dae7b70 GCTaskThread "GC Thread#2" [stack: 0x0000000d28c00000,0x0000000d28d00000] [id=18316]
  0x000001bf7d773400 GCTaskThread "GC Thread#3" [stack: 0x0000000d28d00000,0x0000000d28e00000] [id=9036]
  0x000001bf7d7736c0 GCTaskThread "GC Thread#4" [stack: 0x0000000d28e00000,0x0000000d28f00000] [id=15772]
  0x000001bf7d3acaf0 GCTaskThread "GC Thread#5" [stack: 0x0000000d28f00000,0x0000000d29000000] [id=18468]
  0x000001bf46f8b380 GCTaskThread "GC Thread#6" [stack: 0x0000000d2a000000,0x0000000d2a100000] [id=18992]
  0x000001bf46f8be80 GCTaskThread "GC Thread#7" [stack: 0x0000000d2a100000,0x0000000d2a200000] [id=16172]
  0x000001bf46f8b640 GCTaskThread "GC Thread#8" [stack: 0x0000000d2a200000,0x0000000d2a300000] [id=8420]
  0x000001bf46f8ae00 GCTaskThread "GC Thread#9" [stack: 0x0000000d2a300000,0x0000000d2a400000] [id=19260]
  0x000001bf46f8b900 GCTaskThread "GC Thread#10" [stack: 0x0000000d2a400000,0x0000000d2a500000] [id=18916]
  0x000001bf46f8c140 GCTaskThread "GC Thread#11" [stack: 0x0000000d2a500000,0x0000000d2a600000] [id=18952]
  0x000001bf46f8a880 GCTaskThread "GC Thread#12" [stack: 0x0000000d2a600000,0x0000000d2a700000] [id=17512]
  0x000001bf46f8ab40 GCTaskThread "GC Thread#13" [stack: 0x0000000d2a700000,0x0000000d2a800000] [id=19080]
  0x000001bf46f8b0c0 GCTaskThread "GC Thread#14" [stack: 0x0000000d2a800000,0x0000000d2a900000] [id=12728]
  0x000001bf5dabc310 ConcurrentGCThread "G1 Main Marker" [stack: 0x0000000d27400000,0x0000000d27500000] [id=17908]
  0x000001bf5dabcc40 ConcurrentGCThread "G1 Conc#0" [stack: 0x0000000d27500000,0x0000000d27600000] [id=8768]
  0x000001bf46f8bbc0 ConcurrentGCThread "G1 Conc#1" [stack: 0x0000000d2a900000,0x0000000d2aa00000] [id=14208]
  0x000001bf46f8a5c0 ConcurrentGCThread "G1 Conc#2" [stack: 0x0000000d2aa00000,0x0000000d2ab00000] [id=18508]
  0x000001bf7f9a6b80 ConcurrentGCThread "G1 Conc#3" [stack: 0x0000000d2ab00000,0x0000000d2ac00000] [id=18640]
  0x000001bf5dafec00 ConcurrentGCThread "G1 Refine#0" [stack: 0x0000000d27600000,0x0000000d27700000] [id=15404]
  0x000001bf7c03b8b0 ConcurrentGCThread "G1 Service" [stack: 0x0000000d27700000,0x0000000d27800000] [id=10324]

Threads with active compile tasks:
C2 CompilerThread0    20878 12270       4       org.gradle.internal.instantiation.generator.AbstractClassGenerator::inspectType (560 bytes)
C2 CompilerThread2    20878 12332       4       org.gradle.api.internal.collections.CollectionFilter$1::execute (24 bytes)

VM state: not at safepoint (normal execution)

VM Mutex/Monitor currently owned by a thread: None

Heap address: 0x0000000080000000, size: 2048 MB, Compressed Oops mode: 32-bit

CDS archive(s) mapped at: [0x000001bf00000000-0x000001bf00bb0000-0x000001bf00bb0000), size 12255232, SharedBaseAddress: 0x000001bf00000000, ArchiveRelocationMode: 1.
Compressed class space mapped at: 0x000001bf01000000-0x000001bf41000000, reserved size: 1073741824
Narrow klass base: 0x000001bf00000000, Narrow klass shift: 0, Narrow klass range: 0x100000000

GC Precious Log:
 CPUs: 20 total, 20 available
 Memory: 16068M
 Large Page Support: Disabled
 NUMA Support: Disabled
 Compressed Oops: Enabled (32-bit)
 Heap Region Size: 1M
 Heap Min Capacity: 8M
 Heap Initial Capacity: 252M
 Heap Max Capacity: 2G
 Pre-touch: Disabled
 Parallel Workers: 15
 Concurrent Workers: 4
 Concurrent Refinement Workers: 15
 Periodic GC: Disabled

Heap:
 garbage-first heap   total 220160K, used 164239K [0x0000000080000000, 0x0000000100000000)
  region size 1024K, 64 young (65536K), 6 survivors (6144K)
 Metaspace       used 90535K, committed 91392K, reserved 1179648K
  class space    used 12712K, committed 13120K, reserved 1048576K

Heap Regions: E=young(eden), S=young(survivor), O=old, HS=humongous(starts), HC=humongous(continues), CS=collection set, F=free, OA=open archive, CA=closed archive, TAMS=top-at-mark-start (previous, next)
|   0|0x0000000080000000, 0x0000000080100000, 0x0000000080100000|100%|HS|  |TAMS 0x0000000080100000, 0x0000000080000000| Complete 
|   1|0x0000000080100000, 0x0000000080200000, 0x0000000080200000|100%|HC|  |TAMS 0x0000000080200000, 0x0000000080100000| Complete 
|   2|0x0000000080200000, 0x0000000080300000, 0x0000000080300000|100%|HC|  |TAMS 0x0000000080300000, 0x0000000080200000| Complete 
|   3|0x0000000080300000, 0x0000000080400000, 0x0000000080400000|100%| O|  |TAMS 0x0000000080400000, 0x0000000080300000| Untracked 
|   4|0x0000000080400000, 0x0000000080500000, 0x0000000080500000|100%| O|  |TAMS 0x0000000080500000, 0x0000000080400000| Untracked 
|   5|0x0000000080500000, 0x0000000080600000, 0x0000000080600000|100%| O|  |TAMS 0x0000000080600000, 0x0000000080500000| Untracked 
|   6|0x0000000080600000, 0x0000000080700000, 0x0000000080700000|100%|HS|  |TAMS 0x0000000080700000, 0x0000000080600000| Complete 
|   7|0x0000000080700000, 0x0000000080800000, 0x0000000080800000|100%| O|  |TAMS 0x0000000080800000, 0x0000000080700000| Untracked 
|   8|0x0000000080800000, 0x0000000080900000, 0x0000000080900000|100%| O|  |TAMS 0x0000000080900000, 0x0000000080800000| Untracked 
|   9|0x0000000080900000, 0x0000000080a00000, 0x0000000080a00000|100%| O|  |TAMS 0x0000000080a00000, 0x0000000080900000| Untracked 
|  10|0x0000000080a00000, 0x0000000080b00000, 0x0000000080b00000|100%| O|  |TAMS 0x0000000080b00000, 0x0000000080a00000| Untracked 
|  11|0x0000000080b00000, 0x0000000080c00000, 0x0000000080c00000|100%| O|  |TAMS 0x0000000080c00000, 0x0000000080b00000| Untracked 
|  12|0x0000000080c00000, 0x0000000080c98200, 0x0000000080d00000| 59%| O|  |TAMS 0x0000000080c98200, 0x0000000080c00000| Untracked 
|  13|0x0000000080d00000, 0x0000000080e00000, 0x0000000080e00000|100%| O|  |TAMS 0x0000000080e00000, 0x0000000080d00000| Untracked 
|  14|0x0000000080e00000, 0x0000000080f00000, 0x0000000080f00000|100%| O|  |TAMS 0x0000000080f00000, 0x0000000080e00000| Untracked 
|  15|0x0000000080f00000, 0x0000000081000000, 0x0000000081000000|100%| O|  |TAMS 0x0000000081000000, 0x0000000080f00000| Untracked 
|  16|0x0000000081000000, 0x0000000081100000, 0x0000000081100000|100%| O|  |TAMS 0x0000000081100000, 0x0000000081000000| Untracked 
|  17|0x0000000081100000, 0x0000000081200000, 0x0000000081200000|100%| O|  |TAMS 0x0000000081200000, 0x0000000081100000| Untracked 
|  18|0x0000000081200000, 0x0000000081300000, 0x0000000081300000|100%| O|  |TAMS 0x0000000081300000, 0x0000000081200000| Untracked 
|  19|0x0000000081300000, 0x00000000813ffff8, 0x0000000081400000| 99%| O|  |TAMS 0x00000000813ffff8, 0x0000000081300000| Untracked 
|  20|0x0000000081400000, 0x0000000081500000, 0x0000000081500000|100%| O|  |TAMS 0x0000000081500000, 0x0000000081400000| Untracked 
|  21|0x0000000081500000, 0x0000000081600000, 0x0000000081600000|100%| O|  |TAMS 0x0000000081600000, 0x0000000081500000| Untracked 
|  22|0x0000000081600000, 0x0000000081700000, 0x0000000081700000|100%| O|  |TAMS 0x0000000081700000, 0x0000000081600000| Untracked 
|  23|0x0000000081700000, 0x0000000081800000, 0x0000000081800000|100%| O|  |TAMS 0x0000000081800000, 0x0000000081700000| Untracked 
|  24|0x0000000081800000, 0x0000000081900000, 0x0000000081900000|100%| O|  |TAMS 0x0000000081900000, 0x0000000081800000| Untracked 
|  25|0x0000000081900000, 0x0000000081a00000, 0x0000000081a00000|100%| O|  |TAMS 0x0000000081a00000, 0x0000000081900000| Untracked 
|  26|0x0000000081a00000, 0x0000000081b00000, 0x0000000081b00000|100%| O|  |TAMS 0x0000000081b00000, 0x0000000081a00000| Complete 
|  27|0x0000000081b00000, 0x0000000081c00000, 0x0000000081c00000|100%| O|  |TAMS 0x0000000081c00000, 0x0000000081b00000| Untracked 
|  28|0x0000000081c00000, 0x0000000081d00000, 0x0000000081d00000|100%| O|  |TAMS 0x0000000081d00000, 0x0000000081c00000| Untracked 
|  29|0x0000000081d00000, 0x0000000081e00000, 0x0000000081e00000|100%| O|  |TAMS 0x0000000081e00000, 0x0000000081d00000| Untracked 
|  30|0x0000000081e00000, 0x0000000081f00000, 0x0000000081f00000|100%| O|  |TAMS 0x0000000081f00000, 0x0000000081e00000| Untracked 
|  31|0x0000000081f00000, 0x0000000082000000, 0x0000000082000000|100%| O|  |TAMS 0x0000000082000000, 0x0000000081f00000| Untracked 
|  32|0x0000000082000000, 0x0000000082100000, 0x0000000082100000|100%| O|  |TAMS 0x0000000082100000, 0x0000000082000000| Untracked 
|  33|0x0000000082100000, 0x0000000082200000, 0x0000000082200000|100%| O|  |TAMS 0x0000000082200000, 0x0000000082100000| Untracked 
|  34|0x0000000082200000, 0x0000000082300000, 0x0000000082300000|100%| O|  |TAMS 0x0000000082300000, 0x0000000082200000| Untracked 
|  35|0x0000000082300000, 0x0000000082400000, 0x0000000082400000|100%| O|  |TAMS 0x0000000082400000, 0x0000000082300000| Untracked 
|  36|0x0000000082400000, 0x0000000082500000, 0x0000000082500000|100%| O|  |TAMS 0x0000000082500000, 0x0000000082400000| Untracked 
|  37|0x0000000082500000, 0x0000000082600000, 0x0000000082600000|100%| O|  |TAMS 0x0000000082600000, 0x0000000082500000| Untracked 
|  38|0x0000000082600000, 0x0000000082700000, 0x0000000082700000|100%| O|  |TAMS 0x0000000082700000, 0x0000000082600000| Untracked 
|  39|0x0000000082700000, 0x0000000082800000, 0x0000000082800000|100%| O|  |TAMS 0x0000000082800000, 0x0000000082700000| Untracked 
|  40|0x0000000082800000, 0x0000000082900000, 0x0000000082900000|100%| O|  |TAMS 0x0000000082900000, 0x0000000082800000| Untracked 
|  41|0x0000000082900000, 0x0000000082a00000, 0x0000000082a00000|100%| O|  |TAMS 0x0000000082a00000, 0x0000000082900000| Untracked 
|  42|0x0000000082a00000, 0x0000000082b00000, 0x0000000082b00000|100%| O|  |TAMS 0x0000000082b00000, 0x0000000082a00000| Untracked 
|  43|0x0000000082b00000, 0x0000000082c00000, 0x0000000082c00000|100%| O|  |TAMS 0x0000000082c00000, 0x0000000082b00000| Untracked 
|  44|0x0000000082c00000, 0x0000000082d00000, 0x0000000082d00000|100%| O|  |TAMS 0x0000000082d00000, 0x0000000082c00000| Untracked 
|  45|0x0000000082d00000, 0x0000000082e00000, 0x0000000082e00000|100%| O|  |TAMS 0x0000000082e00000, 0x0000000082d00000| Untracked 
|  46|0x0000000082e00000, 0x0000000082f00000, 0x0000000082f00000|100%| O|  |TAMS 0x0000000082f00000, 0x0000000082e00000| Untracked 
|  47|0x0000000082f00000, 0x0000000083000000, 0x0000000083000000|100%| O|  |TAMS 0x0000000083000000, 0x0000000082f00000| Untracked 
|  48|0x0000000083000000, 0x0000000083100000, 0x0000000083100000|100%| O|  |TAMS 0x0000000083100000, 0x0000000083000000| Complete 
|  49|0x0000000083100000, 0x0000000083200000, 0x0000000083200000|100%| O|  |TAMS 0x0000000083200000, 0x0000000083100000| Untracked 
|  50|0x0000000083200000, 0x0000000083300000, 0x0000000083300000|100%|HS|  |TAMS 0x0000000083300000, 0x0000000083200000| Complete 
|  51|0x0000000083300000, 0x0000000083400000, 0x0000000083400000|100%|HC|  |TAMS 0x0000000083400000, 0x0000000083300000| Complete 
|  52|0x0000000083400000, 0x0000000083500000, 0x0000000083500000|100%| O|  |TAMS 0x0000000083500000, 0x0000000083400000| Untracked 
|  53|0x0000000083500000, 0x0000000083600000, 0x0000000083600000|100%| O|  |TAMS 0x0000000083600000, 0x0000000083500000| Complete 
|  54|0x0000000083600000, 0x0000000083700000, 0x0000000083700000|100%| O|  |TAMS 0x0000000083700000, 0x0000000083600000| Complete 
|  55|0x0000000083700000, 0x0000000083800000, 0x0000000083800000|100%|HS|  |TAMS 0x0000000083800000, 0x0000000083700000| Complete 
|  56|0x0000000083800000, 0x0000000083900000, 0x0000000083900000|100%|HS|  |TAMS 0x0000000083900000, 0x0000000083800000| Complete 
|  57|0x0000000083900000, 0x0000000083a00000, 0x0000000083a00000|100%|HS|  |TAMS 0x0000000083a00000, 0x0000000083900000| Complete 
|  58|0x0000000083a00000, 0x0000000083b00000, 0x0000000083b00000|100%|HC|  |TAMS 0x0000000083b00000, 0x0000000083a00000| Complete 
|  59|0x0000000083b00000, 0x0000000083c00000, 0x0000000083c00000|100%|HC|  |TAMS 0x0000000083c00000, 0x0000000083b00000| Complete 
|  60|0x0000000083c00000, 0x0000000083d00000, 0x0000000083d00000|100%|HS|  |TAMS 0x0000000083d00000, 0x0000000083c00000| Complete 
|  61|0x0000000083d00000, 0x0000000083e00000, 0x0000000083e00000|100%|HS|  |TAMS 0x0000000083e00000, 0x0000000083d00000| Complete 
|  62|0x0000000083e00000, 0x0000000083f00000, 0x0000000083f00000|100%| O|  |TAMS 0x0000000083f00000, 0x0000000083e00000| Untracked 
|  63|0x0000000083f00000, 0x0000000084000000, 0x0000000084000000|100%|HS|  |TAMS 0x0000000084000000, 0x0000000083f00000| Complete 
|  64|0x0000000084000000, 0x0000000084100000, 0x0000000084100000|100%|HC|  |TAMS 0x0000000084100000, 0x0000000084000000| Complete 
|  65|0x0000000084100000, 0x0000000084200000, 0x0000000084200000|100%|HS|  |TAMS 0x0000000084200000, 0x0000000084100000| Complete 
|  66|0x0000000084200000, 0x0000000084300000, 0x0000000084300000|100%|HS|  |TAMS 0x0000000084300000, 0x0000000084200000| Complete 
|  67|0x0000000084300000, 0x0000000084400000, 0x0000000084400000|100%|HS|  |TAMS 0x0000000084400000, 0x0000000084300000| Complete 
|  68|0x0000000084400000, 0x0000000084500000, 0x0000000084500000|100%|HC|  |TAMS 0x0000000084500000, 0x0000000084400000| Complete 
|  69|0x0000000084500000, 0x0000000084600000, 0x0000000084600000|100%|HC|  |TAMS 0x0000000084600000, 0x0000000084500000| Complete 
|  70|0x0000000084600000, 0x0000000084700000, 0x0000000084700000|100%|HS|  |TAMS 0x0000000084700000, 0x0000000084600000| Complete 
|  71|0x0000000084700000, 0x0000000084800000, 0x0000000084800000|100%| O|  |TAMS 0x0000000084800000, 0x0000000084700000| Untracked 
|  72|0x0000000084800000, 0x0000000084900000, 0x0000000084900000|100%| O|  |TAMS 0x0000000084900000, 0x0000000084800000| Untracked 
|  73|0x0000000084900000, 0x0000000084a00000, 0x0000000084a00000|100%| O|  |TAMS 0x0000000084a00000, 0x0000000084900000| Untracked 
|  74|0x0000000084a00000, 0x0000000084b00000, 0x0000000084b00000|100%| O|  |TAMS 0x0000000084b00000, 0x0000000084a00000| Untracked 
|  75|0x0000000084b00000, 0x0000000084c00000, 0x0000000084c00000|100%| O|  |TAMS 0x0000000084c00000, 0x0000000084b00000| Untracked 
|  76|0x0000000084c00000, 0x0000000084d00000, 0x0000000084d00000|100%| O|  |TAMS 0x0000000084d00000, 0x0000000084c00000| Untracked 
|  77|0x0000000084d00000, 0x0000000084e00000, 0x0000000084e00000|100%| O|  |TAMS 0x0000000084e00000, 0x0000000084d00000| Untracked 
|  78|0x0000000084e00000, 0x0000000084f00000, 0x0000000084f00000|100%| O|  |TAMS 0x0000000084f00000, 0x0000000084e00000| Untracked 
|  79|0x0000000084f00000, 0x0000000085000000, 0x0000000085000000|100%| O|  |TAMS 0x0000000085000000, 0x0000000084f00000| Untracked 
|  80|0x0000000085000000, 0x0000000085100000, 0x0000000085100000|100%| O|  |TAMS 0x0000000085100000, 0x0000000085000000| Untracked 
|  81|0x0000000085100000, 0x0000000085200000, 0x0000000085200000|100%| O|  |TAMS 0x0000000085200000, 0x0000000085100000| Untracked 
|  82|0x0000000085200000, 0x0000000085300000, 0x0000000085300000|100%| O|  |TAMS 0x0000000085300000, 0x0000000085200000| Untracked 
|  83|0x0000000085300000, 0x0000000085400000, 0x0000000085400000|100%| O|  |TAMS 0x0000000085400000, 0x0000000085300000| Untracked 
|  84|0x0000000085400000, 0x0000000085500000, 0x0000000085500000|100%| O|  |TAMS 0x0000000085500000, 0x0000000085400000| Untracked 
|  85|0x0000000085500000, 0x0000000085600000, 0x0000000085600000|100%| O|  |TAMS 0x0000000085600000, 0x0000000085500000| Untracked 
|  86|0x0000000085600000, 0x0000000085700000, 0x0000000085700000|100%| O|  |TAMS 0x0000000085700000, 0x0000000085600000| Untracked 
|  87|0x0000000085700000, 0x0000000085800000, 0x0000000085800000|100%| O|  |TAMS 0x0000000085800000, 0x0000000085700000| Untracked 
|  88|0x0000000085800000, 0x0000000085900000, 0x0000000085900000|100%|HS|  |TAMS 0x0000000085800000, 0x0000000085800000| Complete 
|  89|0x0000000085900000, 0x0000000085a00000, 0x0000000085a00000|100%| O|  |TAMS 0x0000000085a00000, 0x0000000085900000| Untracked 
|  90|0x0000000085a00000, 0x0000000085b00000, 0x0000000085b00000|100%| O|  |TAMS 0x0000000085b00000, 0x0000000085a00000| Untracked 
|  91|0x0000000085b00000, 0x0000000085c00000, 0x0000000085c00000|100%| O|  |TAMS 0x0000000085c00000, 0x0000000085b00000| Untracked 
|  92|0x0000000085c00000, 0x0000000085d00000, 0x0000000085d00000|100%| O|  |TAMS 0x0000000085d00000, 0x0000000085c00000| Untracked 
|  93|0x0000000085d00000, 0x0000000085e00000, 0x0000000085e00000|100%| O|  |TAMS 0x0000000085e00000, 0x0000000085d00000| Untracked 
|  94|0x0000000085e00000, 0x0000000085f00000, 0x0000000085f00000|100%| O|  |TAMS 0x0000000085f00000, 0x0000000085e00000| Untracked 
|  95|0x0000000085f00000, 0x0000000086000000, 0x0000000086000000|100%| O|  |TAMS 0x0000000086000000, 0x0000000085f00000| Untracked 
|  96|0x0000000086000000, 0x0000000086100000, 0x0000000086100000|100%| O|  |TAMS 0x0000000086100000, 0x0000000086000000| Untracked 
|  97|0x0000000086100000, 0x0000000086200000, 0x0000000086200000|100%| O|  |TAMS 0x0000000086200000, 0x0000000086100000| Untracked 
|  98|0x0000000086200000, 0x0000000086264200, 0x0000000086300000| 39%| O|  |TAMS 0x0000000086264200, 0x0000000086200000| Untracked 
|  99|0x0000000086300000, 0x0000000086300000, 0x0000000086400000|  0%| F|  |TAMS 0x0000000086300000, 0x0000000086300000| Untracked 
| 100|0x0000000086400000, 0x0000000086400000, 0x0000000086500000|  0%| F|  |TAMS 0x0000000086400000, 0x0000000086400000| Untracked 
| 101|0x0000000086500000, 0x0000000086500000, 0x0000000086600000|  0%| F|  |TAMS 0x0000000086500000, 0x0000000086500000| Untracked 
| 102|0x0000000086600000, 0x0000000086600000, 0x0000000086700000|  0%| F|  |TAMS 0x0000000086600000, 0x0000000086600000| Untracked 
| 103|0x0000000086700000, 0x0000000086700000, 0x0000000086800000|  0%| F|  |TAMS 0x0000000086700000, 0x0000000086700000| Untracked 
| 104|0x0000000086800000, 0x0000000086800000, 0x0000000086900000|  0%| F|  |TAMS 0x0000000086800000, 0x0000000086800000| Untracked 
| 105|0x0000000086900000, 0x0000000086900000, 0x0000000086a00000|  0%| F|  |TAMS 0x0000000086900000, 0x0000000086900000| Untracked 
| 106|0x0000000086a00000, 0x0000000086a00000, 0x0000000086b00000|  0%| F|  |TAMS 0x0000000086a00000, 0x0000000086a00000| Untracked 
| 107|0x0000000086b00000, 0x0000000086b00000, 0x0000000086c00000|  0%| F|  |TAMS 0x0000000086b00000, 0x0000000086b00000| Untracked 
| 108|0x0000000086c00000, 0x0000000086c00000, 0x0000000086d00000|  0%| F|  |TAMS 0x0000000086c00000, 0x0000000086c00000| Untracked 
| 109|0x0000000086d00000, 0x0000000086d00000, 0x0000000086e00000|  0%| F|  |TAMS 0x0000000086d00000, 0x0000000086d00000| Untracked 
| 110|0x0000000086e00000, 0x0000000086e00000, 0x0000000086f00000|  0%| F|  |TAMS 0x0000000086e00000, 0x0000000086e00000| Untracked 
| 111|0x0000000086f00000, 0x0000000086f00000, 0x0000000087000000|  0%| F|  |TAMS 0x0000000086f00000, 0x0000000086f00000| Untracked 
| 112|0x0000000087000000, 0x0000000087000000, 0x0000000087100000|  0%| F|  |TAMS 0x0000000087000000, 0x0000000087000000| Untracked 
| 113|0x0000000087100000, 0x0000000087100000, 0x0000000087200000|  0%| F|  |TAMS 0x0000000087100000, 0x0000000087100000| Untracked 
| 114|0x0000000087200000, 0x0000000087200000, 0x0000000087300000|  0%| F|  |TAMS 0x0000000087200000, 0x0000000087200000| Untracked 
| 115|0x0000000087300000, 0x0000000087300000, 0x0000000087400000|  0%| F|  |TAMS 0x0000000087300000, 0x0000000087300000| Untracked 
| 116|0x0000000087400000, 0x0000000087400000, 0x0000000087500000|  0%| F|  |TAMS 0x0000000087400000, 0x0000000087400000| Untracked 
| 117|0x0000000087500000, 0x0000000087500000, 0x0000000087600000|  0%| F|  |TAMS 0x0000000087500000, 0x0000000087500000| Untracked 
| 118|0x0000000087600000, 0x0000000087600000, 0x0000000087700000|  0%| F|  |TAMS 0x0000000087600000, 0x0000000087600000| Untracked 
| 119|0x0000000087700000, 0x0000000087700000, 0x0000000087800000|  0%| F|  |TAMS 0x0000000087700000, 0x0000000087700000| Untracked 
| 120|0x0000000087800000, 0x0000000087800000, 0x0000000087900000|  0%| F|  |TAMS 0x0000000087800000, 0x0000000087800000| Untracked 
| 121|0x0000000087900000, 0x0000000087900000, 0x0000000087a00000|  0%| F|  |TAMS 0x0000000087900000, 0x0000000087900000| Untracked 
| 122|0x0000000087a00000, 0x0000000087a00000, 0x0000000087b00000|  0%| F|  |TAMS 0x0000000087a00000, 0x0000000087a00000| Untracked 
| 123|0x0000000087b00000, 0x0000000087b00000, 0x0000000087c00000|  0%| F|  |TAMS 0x0000000087b00000, 0x0000000087b00000| Untracked 
| 124|0x0000000087c00000, 0x0000000087c00000, 0x0000000087d00000|  0%| F|  |TAMS 0x0000000087c00000, 0x0000000087c00000| Untracked 
| 125|0x0000000087d00000, 0x0000000087d00000, 0x0000000087e00000|  0%| F|  |TAMS 0x0000000087d00000, 0x0000000087d00000| Untracked 
| 126|0x0000000087e00000, 0x0000000087e00000, 0x0000000087f00000|  0%| F|  |TAMS 0x0000000087e00000, 0x0000000087e00000| Untracked 
| 127|0x0000000087f00000, 0x0000000087f00000, 0x0000000088000000|  0%| F|  |TAMS 0x0000000087f00000, 0x0000000087f00000| Untracked 
| 128|0x0000000088000000, 0x0000000088000000, 0x0000000088100000|  0%| F|  |TAMS 0x0000000088000000, 0x0000000088000000| Untracked 
| 129|0x0000000088100000, 0x0000000088100000, 0x0000000088200000|  0%| F|  |TAMS 0x0000000088100000, 0x0000000088100000| Untracked 
| 130|0x0000000088200000, 0x0000000088200000, 0x0000000088300000|  0%| F|  |TAMS 0x0000000088200000, 0x0000000088200000| Untracked 
| 131|0x0000000088300000, 0x0000000088367b80, 0x0000000088400000| 40%| S|CS|TAMS 0x0000000088300000, 0x0000000088300000| Complete 
| 132|0x0000000088400000, 0x0000000088500000, 0x0000000088500000|100%| S|CS|TAMS 0x0000000088400000, 0x0000000088400000| Complete 
| 133|0x0000000088500000, 0x0000000088600000, 0x0000000088600000|100%| S|CS|TAMS 0x0000000088500000, 0x0000000088500000| Complete 
| 134|0x0000000088600000, 0x0000000088700000, 0x0000000088700000|100%| S|CS|TAMS 0x0000000088600000, 0x0000000088600000| Complete 
| 135|0x0000000088700000, 0x0000000088800000, 0x0000000088800000|100%| S|CS|TAMS 0x0000000088700000, 0x0000000088700000| Complete 
| 136|0x0000000088800000, 0x0000000088900000, 0x0000000088900000|100%| S|CS|TAMS 0x0000000088800000, 0x0000000088800000| Complete 
| 137|0x0000000088900000, 0x0000000088900000, 0x0000000088a00000|  0%| F|  |TAMS 0x0000000088900000, 0x0000000088900000| Untracked 
| 138|0x0000000088a00000, 0x0000000088a00000, 0x0000000088b00000|  0%| F|  |TAMS 0x0000000088a00000, 0x0000000088a00000| Untracked 
| 139|0x0000000088b00000, 0x0000000088b00000, 0x0000000088c00000|  0%| F|  |TAMS 0x0000000088b00000, 0x0000000088b00000| Untracked 
| 140|0x0000000088c00000, 0x0000000088c00000, 0x0000000088d00000|  0%| F|  |TAMS 0x0000000088c00000, 0x0000000088c00000| Untracked 
| 141|0x0000000088d00000, 0x0000000088d00000, 0x0000000088e00000|  0%| F|  |TAMS 0x0000000088d00000, 0x0000000088d00000| Untracked 
| 142|0x0000000088e00000, 0x0000000088e00000, 0x0000000088f00000|  0%| F|  |TAMS 0x0000000088e00000, 0x0000000088e00000| Untracked 
| 143|0x0000000088f00000, 0x0000000088f00000, 0x0000000089000000|  0%| F|  |TAMS 0x0000000088f00000, 0x0000000088f00000| Untracked 
| 144|0x0000000089000000, 0x0000000089000000, 0x0000000089100000|  0%| F|  |TAMS 0x0000000089000000, 0x0000000089000000| Untracked 
| 145|0x0000000089100000, 0x0000000089100000, 0x0000000089200000|  0%| F|  |TAMS 0x0000000089100000, 0x0000000089100000| Untracked 
| 146|0x0000000089200000, 0x0000000089200000, 0x0000000089300000|  0%| F|  |TAMS 0x0000000089200000, 0x0000000089200000| Untracked 
| 147|0x0000000089300000, 0x0000000089300000, 0x0000000089400000|  0%| F|  |TAMS 0x0000000089300000, 0x0000000089300000| Untracked 
| 148|0x0000000089400000, 0x0000000089400000, 0x0000000089500000|  0%| F|  |TAMS 0x0000000089400000, 0x0000000089400000| Untracked 
| 149|0x0000000089500000, 0x0000000089500000, 0x0000000089600000|  0%| F|  |TAMS 0x0000000089500000, 0x0000000089500000| Untracked 
| 150|0x0000000089600000, 0x0000000089600000, 0x0000000089700000|  0%| F|  |TAMS 0x0000000089600000, 0x0000000089600000| Untracked 
| 151|0x0000000089700000, 0x0000000089700000, 0x0000000089800000|  0%| F|  |TAMS 0x0000000089700000, 0x0000000089700000| Untracked 
| 152|0x0000000089800000, 0x0000000089800000, 0x0000000089900000|  0%| F|  |TAMS 0x0000000089800000, 0x0000000089800000| Untracked 
| 153|0x0000000089900000, 0x0000000089900000, 0x0000000089a00000|  0%| F|  |TAMS 0x0000000089900000, 0x0000000089900000| Untracked 
| 154|0x0000000089a00000, 0x0000000089a00000, 0x0000000089b00000|  0%| F|  |TAMS 0x0000000089a00000, 0x0000000089a00000| Untracked 
| 155|0x0000000089b00000, 0x0000000089b00000, 0x0000000089c00000|  0%| F|  |TAMS 0x0000000089b00000, 0x0000000089b00000| Untracked 
| 156|0x0000000089c00000, 0x0000000089c80000, 0x0000000089d00000| 50%| E|  |TAMS 0x0000000089c00000, 0x0000000089c00000| Complete 
| 157|0x0000000089d00000, 0x0000000089e00000, 0x0000000089e00000|100%| E|CS|TAMS 0x0000000089d00000, 0x0000000089d00000| Complete 
| 158|0x0000000089e00000, 0x0000000089f00000, 0x0000000089f00000|100%| E|CS|TAMS 0x0000000089e00000, 0x0000000089e00000| Complete 
| 159|0x0000000089f00000, 0x000000008a000000, 0x000000008a000000|100%| E|CS|TAMS 0x0000000089f00000, 0x0000000089f00000| Complete 
| 160|0x000000008a000000, 0x000000008a100000, 0x000000008a100000|100%| E|CS|TAMS 0x000000008a000000, 0x000000008a000000| Complete 
| 161|0x000000008a100000, 0x000000008a200000, 0x000000008a200000|100%| E|CS|TAMS 0x000000008a100000, 0x000000008a100000| Complete 
| 162|0x000000008a200000, 0x000000008a300000, 0x000000008a300000|100%| E|CS|TAMS 0x000000008a200000, 0x000000008a200000| Complete 
| 163|0x000000008a300000, 0x000000008a400000, 0x000000008a400000|100%| E|CS|TAMS 0x000000008a300000, 0x000000008a300000| Complete 
| 164|0x000000008a400000, 0x000000008a500000, 0x000000008a500000|100%| E|CS|TAMS 0x000000008a400000, 0x000000008a400000| Complete 
| 165|0x000000008a500000, 0x000000008a600000, 0x000000008a600000|100%| E|CS|TAMS 0x000000008a500000, 0x000000008a500000| Complete 
| 166|0x000000008a600000, 0x000000008a700000, 0x000000008a700000|100%| E|CS|TAMS 0x000000008a600000, 0x000000008a600000| Complete 
| 167|0x000000008a700000, 0x000000008a800000, 0x000000008a800000|100%| E|CS|TAMS 0x000000008a700000, 0x000000008a700000| Complete 
| 168|0x000000008a800000, 0x000000008a900000, 0x000000008a900000|100%| E|CS|TAMS 0x000000008a800000, 0x000000008a800000| Complete 
| 169|0x000000008a900000, 0x000000008aa00000, 0x000000008aa00000|100%| E|CS|TAMS 0x000000008a900000, 0x000000008a900000| Complete 
| 170|0x000000008aa00000, 0x000000008ab00000, 0x000000008ab00000|100%| E|CS|TAMS 0x000000008aa00000, 0x000000008aa00000| Complete 
| 171|0x000000008ab00000, 0x000000008ac00000, 0x000000008ac00000|100%| E|CS|TAMS 0x000000008ab00000, 0x000000008ab00000| Complete 
| 172|0x000000008ac00000, 0x000000008ad00000, 0x000000008ad00000|100%| E|CS|TAMS 0x000000008ac00000, 0x000000008ac00000| Complete 
| 173|0x000000008ad00000, 0x000000008ae00000, 0x000000008ae00000|100%| E|CS|TAMS 0x000000008ad00000, 0x000000008ad00000| Complete 
| 174|0x000000008ae00000, 0x000000008af00000, 0x000000008af00000|100%| E|CS|TAMS 0x000000008ae00000, 0x000000008ae00000| Complete 
| 175|0x000000008af00000, 0x000000008b000000, 0x000000008b000000|100%| E|CS|TAMS 0x000000008af00000, 0x000000008af00000| Complete 
| 176|0x000000008b000000, 0x000000008b100000, 0x000000008b100000|100%| E|CS|TAMS 0x000000008b000000, 0x000000008b000000| Complete 
| 177|0x000000008b100000, 0x000000008b200000, 0x000000008b200000|100%| E|CS|TAMS 0x000000008b100000, 0x000000008b100000| Complete 
| 178|0x000000008b200000, 0x000000008b300000, 0x000000008b300000|100%| E|CS|TAMS 0x000000008b200000, 0x000000008b200000| Complete 
| 179|0x000000008b300000, 0x000000008b400000, 0x000000008b400000|100%| E|CS|TAMS 0x000000008b300000, 0x000000008b300000| Complete 
| 180|0x000000008b400000, 0x000000008b500000, 0x000000008b500000|100%| E|CS|TAMS 0x000000008b400000, 0x000000008b400000| Complete 
| 181|0x000000008b500000, 0x000000008b600000, 0x000000008b600000|100%| E|CS|TAMS 0x000000008b500000, 0x000000008b500000| Complete 
| 182|0x000000008b600000, 0x000000008b700000, 0x000000008b700000|100%| E|CS|TAMS 0x000000008b600000, 0x000000008b600000| Complete 
| 183|0x000000008b700000, 0x000000008b800000, 0x000000008b800000|100%| E|CS|TAMS 0x000000008b700000, 0x000000008b700000| Complete 
| 184|0x000000008b800000, 0x000000008b900000, 0x000000008b900000|100%| E|CS|TAMS 0x000000008b800000, 0x000000008b800000| Complete 
| 185|0x000000008b900000, 0x000000008ba00000, 0x000000008ba00000|100%| E|CS|TAMS 0x000000008b900000, 0x000000008b900000| Complete 
| 186|0x000000008ba00000, 0x000000008bb00000, 0x000000008bb00000|100%| E|CS|TAMS 0x000000008ba00000, 0x000000008ba00000| Complete 
| 187|0x000000008bb00000, 0x000000008bc00000, 0x000000008bc00000|100%| E|CS|TAMS 0x000000008bb00000, 0x000000008bb00000| Complete 
| 188|0x000000008bc00000, 0x000000008bd00000, 0x000000008bd00000|100%| E|CS|TAMS 0x000000008bc00000, 0x000000008bc00000| Complete 
| 189|0x000000008bd00000, 0x000000008be00000, 0x000000008be00000|100%| E|CS|TAMS 0x000000008bd00000, 0x000000008bd00000| Complete 
| 190|0x000000008be00000, 0x000000008bf00000, 0x000000008bf00000|100%| E|CS|TAMS 0x000000008be00000, 0x000000008be00000| Complete 
| 191|0x000000008bf00000, 0x000000008c000000, 0x000000008c000000|100%| E|CS|TAMS 0x000000008bf00000, 0x000000008bf00000| Complete 
| 192|0x000000008c000000, 0x000000008c100000, 0x000000008c100000|100%| E|CS|TAMS 0x000000008c000000, 0x000000008c000000| Complete 
| 193|0x000000008c100000, 0x000000008c200000, 0x000000008c200000|100%| E|CS|TAMS 0x000000008c100000, 0x000000008c100000| Complete 
| 194|0x000000008c200000, 0x000000008c300000, 0x000000008c300000|100%| E|CS|TAMS 0x000000008c200000, 0x000000008c200000| Complete 
| 195|0x000000008c300000, 0x000000008c400000, 0x000000008c400000|100%| E|CS|TAMS 0x000000008c300000, 0x000000008c300000| Complete 
| 196|0x000000008c400000, 0x000000008c500000, 0x000000008c500000|100%| E|CS|TAMS 0x000000008c400000, 0x000000008c400000| Complete 
| 197|0x000000008c500000, 0x000000008c600000, 0x000000008c600000|100%| E|CS|TAMS 0x000000008c500000, 0x000000008c500000| Complete 
| 198|0x000000008c600000, 0x000000008c700000, 0x000000008c700000|100%| E|CS|TAMS 0x000000008c600000, 0x000000008c600000| Complete 
| 199|0x000000008c700000, 0x000000008c800000, 0x000000008c800000|100%| E|CS|TAMS 0x000000008c700000, 0x000000008c700000| Complete 
| 200|0x000000008c800000, 0x000000008c900000, 0x000000008c900000|100%| E|CS|TAMS 0x000000008c800000, 0x000000008c800000| Complete 
| 201|0x000000008c900000, 0x000000008ca00000, 0x000000008ca00000|100%| E|CS|TAMS 0x000000008c900000, 0x000000008c900000| Complete 
| 202|0x000000008ca00000, 0x000000008cb00000, 0x000000008cb00000|100%| E|CS|TAMS 0x000000008ca00000, 0x000000008ca00000| Complete 
| 203|0x000000008cb00000, 0x000000008cc00000, 0x000000008cc00000|100%| E|CS|TAMS 0x000000008cb00000, 0x000000008cb00000| Complete 
| 204|0x000000008cc00000, 0x000000008cd00000, 0x000000008cd00000|100%| E|CS|TAMS 0x000000008cc00000, 0x000000008cc00000| Complete 
| 205|0x000000008cd00000, 0x000000008ce00000, 0x000000008ce00000|100%| E|CS|TAMS 0x000000008cd00000, 0x000000008cd00000| Complete 
| 206|0x000000008ce00000, 0x000000008cf00000, 0x000000008cf00000|100%| E|CS|TAMS 0x000000008ce00000, 0x000000008ce00000| Complete 
| 207|0x000000008cf00000, 0x000000008d000000, 0x000000008d000000|100%| E|CS|TAMS 0x000000008cf00000, 0x000000008cf00000| Complete 
| 208|0x000000008d000000, 0x000000008d100000, 0x000000008d100000|100%| E|CS|TAMS 0x000000008d000000, 0x000000008d000000| Complete 
| 209|0x000000008d100000, 0x000000008d200000, 0x000000008d200000|100%| E|CS|TAMS 0x000000008d100000, 0x000000008d100000| Complete 
| 210|0x000000008d200000, 0x000000008d300000, 0x000000008d300000|100%| E|CS|TAMS 0x000000008d200000, 0x000000008d200000| Complete 
| 211|0x000000008d300000, 0x000000008d400000, 0x000000008d400000|100%| E|CS|TAMS 0x000000008d300000, 0x000000008d300000| Complete 
| 212|0x000000008d400000, 0x000000008d500000, 0x000000008d500000|100%| E|CS|TAMS 0x000000008d400000, 0x000000008d400000| Complete 
| 213|0x000000008d500000, 0x000000008d600000, 0x000000008d600000|100%| E|CS|TAMS 0x000000008d500000, 0x000000008d500000| Complete 
| 251|0x000000008fb00000, 0x000000008fc00000, 0x000000008fc00000|100%| E|CS|TAMS 0x000000008fb00000, 0x000000008fb00000| Complete 

Card table byte_map: [0x000001bf75440000,0x000001bf75840000] _byte_map_base: 0x000001bf75040000

Marking Bits (Prev, Next): (CMBitMap*) 0x000001bf5daaaeb0, (CMBitMap*) 0x000001bf5daaae70
 Prev Bits: [0x000001bf77c40000, 0x000001bf79c40000)
 Next Bits: [0x000001bf75c40000, 0x000001bf77c40000)

Polling page: 0x000001bf5b940000

Metaspace:

Usage:
  Non-class:     76.02 MB used.
      Class:     12.42 MB used.
       Both:     88.44 MB used.

Virtual space:
  Non-class space:      128.00 MB reserved,      76.44 MB ( 60%) committed,  2 nodes.
      Class space:        1.00 GB reserved,      12.81 MB (  1%) committed,  1 nodes.
             Both:        1.12 GB reserved,      89.25 MB (  8%) committed. 

Chunk freelists:
   Non-Class:  2.77 MB
       Class:  3.00 MB
        Both:  5.77 MB

MaxMetaspaceSize: unlimited
CompressedClassSpaceSize: 1.00 GB
Initial GC threshold: 21.00 MB
Current GC threshold: 143.25 MB
CDS: on
MetaspaceReclaimPolicy: balanced
 - commit_granule_bytes: 65536.
 - commit_granule_words: 8192.
 - virtual_space_node_default_size: 8388608.
 - enlarge_chunks_in_place: 1.
 - new_chunks_are_fully_committed: 0.
 - uncommit_free_chunks: 1.
 - use_allocation_guard: 0.
 - handle_deallocations: 1.


Internal statistics:

num_allocs_failed_limit: 6.
num_arena_births: 1158.
num_arena_deaths: 0.
num_vsnodes_births: 3.
num_vsnodes_deaths: 0.
num_space_committed: 1428.
num_space_uncommitted: 0.
num_chunks_returned_to_freelist: 6.
num_chunks_taken_from_freelist: 5085.
num_chunk_merges: 3.
num_chunk_splits: 3309.
num_chunks_enlarged: 2183.
num_inconsistent_stats: 0.

CodeHeap 'non-profiled nmethods': size=119168Kb used=6934Kb max_used=6934Kb free=112233Kb
 bounds [0x000001bf6d130000, 0x000001bf6d800000, 0x000001bf74590000]
CodeHeap 'profiled nmethods': size=119104Kb used=21229Kb max_used=21229Kb free=97874Kb
 bounds [0x000001bf65590000, 0x000001bf66a50000, 0x000001bf6c9e0000]
CodeHeap 'non-nmethods': size=7488Kb used=4106Kb max_used=4153Kb free=3381Kb
 bounds [0x000001bf6c9e0000, 0x000001bf6ce00000, 0x000001bf6d130000]
 total_blobs=11897 nmethods=10942 adapters=864
 compilation: enabled
              stopped_count=0, restarted_count=0
 full_count=0

Compilation events (20 events):
Event: 17.808 Thread 0x000001bf7c128fa0 nmethod 12383 0x000001bf6d7e3a90 code [0x000001bf6d7e3c20, 0x000001bf6d7e3cd8]
Event: 17.808 Thread 0x000001bf7c128fa0 12387       1       com.android.build.gradle.internal.publishing.AndroidArtifacts$ArtifactType::getCategory (5 bytes)
Event: 17.808 Thread 0x000001bf7dc369b0 nmethod 12384 0x000001bf6d7e3d90 code [0x000001bf6d7e3f20, 0x000001bf6d7e3fd8]
Event: 17.808 Thread 0x000001bf7dc35470 nmethod 12385 0x000001bf6d7e4090 code [0x000001bf6d7e4220, 0x000001bf6d7e42d8]
Event: 17.808 Thread 0x000001bf7d0c03e0 nmethod 12386 0x000001bf6d7e4390 code [0x000001bf6d7e4520, 0x000001bf6d7e45d8]
Event: 17.808 Thread 0x000001bf7c128fa0 nmethod 12387 0x000001bf6d7e4690 code [0x000001bf6d7e4820, 0x000001bf6d7e48f8]
Event: 17.809 Thread 0x000001bf7dc369b0 12388       3       com.google.common.base.Joiner::toString (24 bytes)
Event: 17.810 Thread 0x000001bf7dc369b0 nmethod 12388 0x000001bf66a2e910 code [0x000001bf66a2eb00, 0x000001bf66a2f0b8]
Event: 17.812 Thread 0x000001bf7dc369b0 12389   !   3       sun.reflect.annotation.AnnotationParser::parseEnumValue (123 bytes)
Event: 17.812 Thread 0x000001bf7dc35470 12390       3       org.objectweb.asm.ClassWriter::visitAnnotation (40 bytes)
Event: 17.812 Thread 0x000001bf7dc35470 nmethod 12390 0x000001bf66a2f210 code [0x000001bf66a2f3e0, 0x000001bf66a2f678]
Event: 17.812 Thread 0x000001bf7dc369b0 nmethod 12389 0x000001bf66a2f790 code [0x000001bf66a2fac0, 0x000001bf66a30948]
Event: 17.813 Thread 0x000001bf7dc35470 12391       3       org.gradle.api.internal.project.DefaultProject_Decorated::getTaskDependencyFactory (32 bytes)
Event: 17.813 Thread 0x000001bf7dc35470 nmethod 12391 0x000001bf66a31010 code [0x000001bf66a31200, 0x000001bf66a31878]
Event: 17.814 Thread 0x000001bf7dc35470 12392       3       it.unimi.dsi.fastutil.objects.AbstractReferenceCollection::<init> (5 bytes)
Event: 17.814 Thread 0x000001bf7dc35470 nmethod 12392 0x000001bf66a31a90 code [0x000001bf66a31c40, 0x000001bf66a31df8]
Event: 17.818 Thread 0x000001bf7dc35470 12393       3       org.gradle.internal.typeconversion.NotationConverterToNotationParserAdapter::<init> (10 bytes)
Event: 17.818 Thread 0x000001bf7dc35470 nmethod 12393 0x000001bf66a31f10 code [0x000001bf66a320c0, 0x000001bf66a32278]
Event: 20.555 Thread 0x000001bf7c128fa0 12395       3       javax.management.ObjectName::isPropertyListPattern (17 bytes)
Event: 20.555 Thread 0x000001bf7dc35470 12396       3       java.util.ComparableTimSort::reverseRange (32 bytes)

GC Heap History (20 events):
Event: 9.503 GC heap before
{Heap before GC invocations=23 (full 0):
 garbage-first heap   total 116736K, used 55109K [0x0000000080000000, 0x0000000100000000)
  region size 1024K, 5 young (5120K), 3 survivors (3072K)
 Metaspace       used 56308K, committed 56960K, reserved 1114112K
  class space    used 7804K, committed 8128K, reserved 1048576K
}
Event: 9.505 GC heap after
{Heap after GC invocations=24 (full 0):
 garbage-first heap   total 116736K, used 52677K [0x0000000080000000, 0x0000000100000000)
  region size 1024K, 1 young (1024K), 1 survivors (1024K)
 Metaspace       used 56308K, committed 56960K, reserved 1114112K
  class space    used 7804K, committed 8128K, reserved 1048576K
}
Event: 9.622 GC heap before
{Heap before GC invocations=24 (full 0):
 garbage-first heap   total 116736K, used 89541K [0x0000000080000000, 0x0000000100000000)
  region size 1024K, 38 young (38912K), 1 survivors (1024K)
 Metaspace       used 56494K, committed 57216K, reserved 1114112K
  class space    used 7804K, committed 8128K, reserved 1048576K
}
Event: 9.625 GC heap after
{Heap after GC invocations=25 (full 0):
 garbage-first heap   total 116736K, used 55062K [0x0000000080000000, 0x0000000100000000)
  region size 1024K, 4 young (4096K), 4 survivors (4096K)
 Metaspace       used 56494K, committed 57216K, reserved 1114112K
  class space    used 7804K, committed 8128K, reserved 1048576K
}
Event: 9.735 GC heap before
{Heap before GC invocations=26 (full 0):
 garbage-first heap   total 116736K, used 89878K [0x0000000080000000, 0x0000000100000000)
  region size 1024K, 39 young (39936K), 4 survivors (4096K)
 Metaspace       used 56505K, committed 57216K, reserved 1114112K
  class space    used 7804K, committed 8128K, reserved 1048576K
}
Event: 9.738 GC heap after
{Heap after GC invocations=27 (full 0):
 garbage-first heap   total 116736K, used 55915K [0x0000000080000000, 0x0000000100000000)
  region size 1024K, 4 young (4096K), 4 survivors (4096K)
 Metaspace       used 56505K, committed 57216K, reserved 1114112K
  class space    used 7804K, committed 8128K, reserved 1048576K
}
Event: 9.740 GC heap before
{Heap before GC invocations=27 (full 0):
 garbage-first heap   total 116736K, used 56939K [0x0000000080000000, 0x0000000100000000)
  region size 1024K, 5 young (5120K), 4 survivors (4096K)
 Metaspace       used 56505K, committed 57216K, reserved 1114112K
  class space    used 7804K, committed 8128K, reserved 1048576K
}
Event: 9.743 GC heap after
{Heap after GC invocations=28 (full 0):
 garbage-first heap   total 220160K, used 54432K [0x0000000080000000, 0x0000000100000000)
  region size 1024K, 1 young (1024K), 1 survivors (1024K)
 Metaspace       used 56505K, committed 57216K, reserved 1114112K
  class space    used 7804K, committed 8128K, reserved 1048576K
}
Event: 11.601 GC heap before
{Heap before GC invocations=28 (full 0):
 garbage-first heap   total 220160K, used 184480K [0x0000000080000000, 0x0000000100000000)
  region size 1024K, 115 young (117760K), 1 survivors (1024K)
 Metaspace       used 60223K, committed 60928K, reserved 1114112K
  class space    used 8267K, committed 8576K, reserved 1048576K
}
Event: 11.605 GC heap after
{Heap after GC invocations=29 (full 0):
 garbage-first heap   total 220160K, used 79679K [0x0000000080000000, 0x0000000100000000)
  region size 1024K, 13 young (13312K), 13 survivors (13312K)
 Metaspace       used 60223K, committed 60928K, reserved 1114112K
  class space    used 8267K, committed 8576K, reserved 1048576K
}
Event: 12.952 GC heap before
{Heap before GC invocations=29 (full 0):
 garbage-first heap   total 220160K, used 173887K [0x0000000080000000, 0x0000000100000000)
  region size 1024K, 101 young (103424K), 13 survivors (13312K)
 Metaspace       used 66591K, committed 67264K, reserved 1114112K
  class space    used 9133K, committed 9472K, reserved 1048576K
}
Event: 12.958 GC heap after
{Heap after GC invocations=30 (full 0):
 garbage-first heap   total 220160K, used 87021K [0x0000000080000000, 0x0000000100000000)
  region size 1024K, 7 young (7168K), 7 survivors (7168K)
 Metaspace       used 66591K, committed 67264K, reserved 1114112K
  class space    used 9133K, committed 9472K, reserved 1048576K
}
Event: 14.451 GC heap before
{Heap before GC invocations=30 (full 0):
 garbage-first heap   total 220160K, used 170989K [0x0000000080000000, 0x0000000100000000)
  region size 1024K, 89 young (91136K), 7 survivors (7168K)
 Metaspace       used 73343K, committed 74176K, reserved 1114112K
  class space    used 10004K, committed 10432K, reserved 1048576K
}
Event: 14.455 GC heap after
{Heap after GC invocations=31 (full 0):
 garbage-first heap   total 220160K, used 90425K [0x0000000080000000, 0x0000000100000000)
  region size 1024K, 10 young (10240K), 10 survivors (10240K)
 Metaspace       used 73343K, committed 74176K, reserved 1114112K
  class space    used 10004K, committed 10432K, reserved 1048576K
}
Event: 16.010 GC heap before
{Heap before GC invocations=31 (full 0):
 garbage-first heap   total 220160K, used 177465K [0x0000000080000000, 0x0000000100000000)
  region size 1024K, 92 young (94208K), 10 survivors (10240K)
 Metaspace       used 76683K, committed 77440K, reserved 1179648K
  class space    used 10474K, committed 10880K, reserved 1048576K
}
Event: 16.017 GC heap after
{Heap after GC invocations=32 (full 0):
 garbage-first heap   total 220160K, used 99470K [0x0000000080000000, 0x0000000100000000)
  region size 1024K, 10 young (10240K), 10 survivors (10240K)
 Metaspace       used 76683K, committed 77440K, reserved 1179648K
  class space    used 10474K, committed 10880K, reserved 1048576K
}
Event: 16.739 GC heap before
{Heap before GC invocations=32 (full 0):
 garbage-first heap   total 220160K, used 176270K [0x0000000080000000, 0x0000000100000000)
  region size 1024K, 85 young (87040K), 10 survivors (10240K)
 Metaspace       used 82041K, committed 82816K, reserved 1179648K
  class space    used 11365K, committed 11776K, reserved 1048576K
}
Event: 16.743 GC heap after
{Heap after GC invocations=33 (full 0):
 garbage-first heap   total 220160K, used 102384K [0x0000000080000000, 0x0000000100000000)
  region size 1024K, 3 young (3072K), 3 survivors (3072K)
 Metaspace       used 82041K, committed 82816K, reserved 1179648K
  class space    used 11365K, committed 11776K, reserved 1048576K
}
Event: 17.324 GC heap before
{Heap before GC invocations=33 (full 0):
 garbage-first heap   total 220160K, used 179184K [0x0000000080000000, 0x0000000100000000)
  region size 1024K, 78 young (79872K), 3 survivors (3072K)
 Metaspace       used 87041K, committed 87808K, reserved 1179648K
  class space    used 12104K, committed 12480K, reserved 1048576K
}
Event: 17.327 GC heap after
{Heap after GC invocations=34 (full 0):
 garbage-first heap   total 220160K, used 104847K [0x0000000080000000, 0x0000000100000000)
  region size 1024K, 6 young (6144K), 6 survivors (6144K)
 Metaspace       used 87041K, committed 87808K, reserved 1179648K
  class space    used 12104K, committed 12480K, reserved 1048576K
}

Dll operation events (15 events):
Event: 0.006 Loaded shared library C:\Program Files\Amazon Corretto\jdk17.0.16_8\bin\java.dll
Event: 0.027 Loaded shared library C:\Program Files\Amazon Corretto\jdk17.0.16_8\bin\jsvml.dll
Event: 0.072 Loaded shared library C:\Program Files\Amazon Corretto\jdk17.0.16_8\bin\zip.dll
Event: 0.076 Loaded shared library C:\Program Files\Amazon Corretto\jdk17.0.16_8\bin\instrument.dll
Event: 0.082 Loaded shared library C:\Program Files\Amazon Corretto\jdk17.0.16_8\bin\net.dll
Event: 0.084 Loaded shared library C:\Program Files\Amazon Corretto\jdk17.0.16_8\bin\nio.dll
Event: 0.085 Loaded shared library C:\Program Files\Amazon Corretto\jdk17.0.16_8\bin\zip.dll
Event: 0.355 Loaded shared library C:\Program Files\Amazon Corretto\jdk17.0.16_8\bin\jimage.dll
Event: 0.533 Loaded shared library C:\Program Files\Amazon Corretto\jdk17.0.16_8\bin\verify.dll
Event: 0.686 Loaded shared library C:\Users\Administrator\.gradle\native\c067742578af261105cb4f569cf0c3c89f3d7b1fecec35dd04571415982c5e48\windows-amd64\native-platform.dll
Event: 0.692 Loaded shared library C:\Users\Administrator\.gradle\native\100fb08df4bc3b14c8652ba06237920a3bd2aa13389f12d3474272988ae205f9\windows-amd64\native-platform-file-events.dll
Event: 1.518 Loaded shared library C:\Program Files\Amazon Corretto\jdk17.0.16_8\bin\management.dll
Event: 1.520 Loaded shared library C:\Program Files\Amazon Corretto\jdk17.0.16_8\bin\management_ext.dll
Event: 1.712 Loaded shared library C:\Program Files\Amazon Corretto\jdk17.0.16_8\bin\extnet.dll
Event: 1.873 Loaded shared library C:\Program Files\Amazon Corretto\jdk17.0.16_8\bin\sunmscapi.dll

Deoptimization events (20 events):
Event: 17.453 Thread 0x000001bf7f74fe20 DEOPT PACKING pc=0x000001bf6d21d278 sp=0x0000000d294fb4e0
Event: 17.453 Thread 0x000001bf7f74fe20 DEOPT UNPACKING pc=0x000001bf6ca369a3 sp=0x0000000d294fb3c8 mode 2
Event: 17.455 Thread 0x000001bf7f74fe20 Uncommon trap: trap_request=0xffffff45 fr.pc=0x000001bf6d289610 relative=0x0000000000001ed0
Event: 17.455 Thread 0x000001bf7f74fe20 Uncommon trap: reason=unstable_if action=reinterpret pc=0x000001bf6d289610 method=org.objectweb.asm.Frame.execute(IILorg/objectweb/asm/Symbol;Lorg/objectweb/asm/SymbolTable;)V @ 1 c2
Event: 17.455 Thread 0x000001bf7f74fe20 DEOPT PACKING pc=0x000001bf6d289610 sp=0x0000000d294f99e0
Event: 17.455 Thread 0x000001bf7f74fe20 DEOPT UNPACKING pc=0x000001bf6ca369a3 sp=0x0000000d294f9988 mode 2
Event: 17.459 Thread 0x000001bf45fc0990 Uncommon trap: trap_request=0xffffff45 fr.pc=0x000001bf6d73e818 relative=0x0000000000000878
Event: 17.459 Thread 0x000001bf45fc0990 Uncommon trap: reason=unstable_if action=reinterpret pc=0x000001bf6d73e818 method=org.gradle.internal.snapshot.impl.AbstractValueProcessor.processValue(Ljava/lang/Object;Lorg/gradle/internal/snapshot/impl/AbstractValueProcessor$ValueVisitor;)Ljava/lang/Ob
Event: 17.459 Thread 0x000001bf45fc0990 DEOPT PACKING pc=0x000001bf6d73e818 sp=0x0000000d2e0fe4d0
Event: 17.459 Thread 0x000001bf45fc0990 DEOPT UNPACKING pc=0x000001bf6ca369a3 sp=0x0000000d2e0fe480 mode 2
Event: 17.617 Thread 0x000001bf7f74fe20 Uncommon trap: trap_request=0xffffff76 fr.pc=0x000001bf6d7abeec relative=0x00000000000014ac
Event: 17.617 Thread 0x000001bf7f74fe20 Uncommon trap: reason=predicate action=maybe_recompile pc=0x000001bf6d7abeec method=java.util.TimSort.reverseRange([Ljava/lang/Object;II)V @ 5 c2
Event: 17.617 Thread 0x000001bf7f74fe20 DEOPT PACKING pc=0x000001bf6d7abeec sp=0x0000000d294f9a00
Event: 17.617 Thread 0x000001bf7f74fe20 DEOPT UNPACKING pc=0x000001bf6ca369a3 sp=0x0000000d294f98a0 mode 2
Event: 17.729 Thread 0x000001bf7f74fe20 Uncommon trap: trap_request=0xffffff45 fr.pc=0x000001bf6d750d04 relative=0x0000000000002724
Event: 17.729 Thread 0x000001bf7f74fe20 Uncommon trap: reason=unstable_if action=reinterpret pc=0x000001bf6d750d04 method=org.objectweb.asm.ByteVector.putInt(I)Lorg/objectweb/asm/ByteVector; @ 13 c2
Event: 17.729 Thread 0x000001bf7f74fe20 DEOPT PACKING pc=0x000001bf6d750d04 sp=0x0000000d294f9990
Event: 17.729 Thread 0x000001bf7f74fe20 DEOPT UNPACKING pc=0x000001bf6ca369a3 sp=0x0000000d294f9818 mode 2
Event: 17.739 Thread 0x000001bf7f74fe20 DEOPT PACKING pc=0x000001bf65a5e84c sp=0x0000000d294fa760
Event: 17.739 Thread 0x000001bf7f74fe20 DEOPT UNPACKING pc=0x000001bf6ca37143 sp=0x0000000d294f9c80 mode 0

Classes loaded (20 events):
Event: 17.452 Loading class java/util/TreeMap$ValueSpliterator
Event: 17.452 Loading class java/util/TreeMap$ValueSpliterator done
Event: 17.685 Loading class java/util/concurrent/ConcurrentSkipListMap$KeySet
Event: 17.685 Loading class java/util/concurrent/ConcurrentSkipListMap$KeySet done
Event: 17.685 Loading class java/util/concurrent/ConcurrentSkipListMap$KeyIterator
Event: 17.685 Loading class java/util/concurrent/ConcurrentSkipListMap$KeyIterator done
Event: 17.685 Loading class java/net/InetAddress$NameServiceAddresses
Event: 17.685 Loading class java/net/InetAddress$Addresses
Event: 17.685 Loading class java/net/InetAddress$Addresses done
Event: 17.685 Loading class java/net/InetAddress$NameServiceAddresses done
Event: 17.688 Loading class sun/net/InetAddressCachePolicy
Event: 17.688 Loading class sun/net/InetAddressCachePolicy done
Event: 17.688 Loading class sun/net/InetAddressCachePolicy$1
Event: 17.688 Loading class sun/net/InetAddressCachePolicy$1 done
Event: 17.688 Loading class sun/net/InetAddressCachePolicy$2
Event: 17.688 Loading class sun/net/InetAddressCachePolicy$2 done
Event: 17.688 Loading class java/net/InetAddress$CachedAddresses
Event: 17.688 Loading class java/net/InetAddress$CachedAddresses done
Event: 17.688 Loading class java/net/InetAddress$CachedLocalHost
Event: 17.688 Loading class java/net/InetAddress$CachedLocalHost done

Classes unloaded (0 events):
No events

Classes redefined (0 events):
No events

Internal exceptions (20 events):
Event: 16.977 Thread 0x000001bf7f74fe20 Exception <a 'java/lang/ClassNotFoundException'{0x000000008b94d9f8}: com/android/build/gradle/internal/api/BaseVariantOutputImplCustomizer> (0x000000008b94d9f8) 
thrown [s\src\hotspot\share\classfile\systemDictionary.cpp, line 256]
Event: 16.978 Thread 0x000001bf7f74fe20 Exception <a 'java/lang/ClassNotFoundException'{0x000000008b9700f8}: com/android/build/gradle/internal/api/ApkVariantOutputImplCustomizer> (0x000000008b9700f8) 
thrown [s\src\hotspot\share\classfile\systemDictionary.cpp, line 256]
Event: 16.980 Thread 0x000001bf7f74fe20 Exception <a 'java/lang/ClassNotFoundException'{0x000000008b98de18}: com/android/build/gradle/internal/api/ApkVariantOutputImpl_DecoratedCustomizer> (0x000000008b98de18) 
thrown [s\src\hotspot\share\classfile\systemDictionary.cpp, line 256]
Event: 17.050 Thread 0x000001bf7f74fe20 Exception <a 'java/lang/ClassNotFoundException'{0x000000008b068c80}: com/android/build/gradle/internal/api/ReadOnlyBuildTypeBeanInfo> (0x000000008b068c80) 
thrown [s\src\hotspot\share\classfile\systemDictionary.cpp, line 256]
Event: 17.050 Thread 0x000001bf7f74fe20 Exception <a 'java/lang/ClassNotFoundException'{0x000000008b078060}: com/android/build/gradle/internal/api/ReadOnlyBaseConfigBeanInfo> (0x000000008b078060) 
thrown [s\src\hotspot\share\classfile\systemDictionary.cpp, line 256]
Event: 17.050 Thread 0x000001bf7f74fe20 Exception <a 'java/lang/ClassNotFoundException'{0x000000008b0876c0}: com/android/build/gradle/internal/api/ReadOnlyBaseConfigCustomizer> (0x000000008b0876c0) 
thrown [s\src\hotspot\share\classfile\systemDictionary.cpp, line 256]
Event: 17.051 Thread 0x000001bf7f74fe20 Exception <a 'java/lang/ClassNotFoundException'{0x000000008b0a7a08}: com/android/build/gradle/internal/api/ReadOnlyBuildTypeCustomizer> (0x000000008b0a7a08) 
thrown [s\src\hotspot\share\classfile\systemDictionary.cpp, line 256]
Event: 17.260 Thread 0x000001bf7f74fe20 Implicit null exception at 0x000001bf6d3e5088 to 0x000001bf6d3ec018
Event: 17.335 Thread 0x000001bf7f74e4d0 Exception <a 'java/lang/NoSuchMethodError'{0x000000008fb88218}: static Lorg/gradle/tooling/internal/provider/PhasedBuildActionResult;.<clinit>()V> (0x000000008fb88218) 
thrown [s\src\hotspot\share\prims\jni.cpp, line 1112]
Event: 17.335 Thread 0x000001bf7f74e4d0 Exception <a 'java/lang/NoSuchMethodError'{0x000000008fb90320}: static Lorg/gradle/tooling/internal/provider/serialization/SerializedPayload;.<clinit>()V> (0x000000008fb90320) 
thrown [s\src\hotspot\share\prims\jni.cpp, line 1112]
Event: 17.396 Thread 0x000001bf45fc13b0 Exception <a 'java/lang/NoSuchMethodError'{0x000000008d2bee18}: 'java.lang.Object java.lang.invoke.DirectMethodHandle$Holder.newInvokeSpecial(java.lang.Object, java.lang.Object, int, java.lang.Object, java.lang.Object)'> (0x000000008d2bee18) 
thrown [s\src\hotspot\share\interpreter\linkResolver.cpp, line 759]
Event: 17.443 Thread 0x000001bf45fc13b0 Implicit null exception at 0x000001bf6d693564 to 0x000001bf6d693dc0
Event: 17.443 Thread 0x000001bf7f74e4d0 Exception <a 'java/lang/NoSuchMethodError'{0x000000008cc98998}: static Lorg/gradle/internal/build/event/types/DefaultTaskStartedProgressEvent;.<clinit>()V> (0x000000008cc98998) 
thrown [s\src\hotspot\share\prims\jni.cpp, line 1112]
Event: 17.443 Thread 0x000001bf7f74e4d0 Exception <a 'java/lang/NoSuchMethodError'{0x000000008cca2a40}: static Lorg/gradle/internal/build/event/types/DefaultTaskDescriptor;.<clinit>()V> (0x000000008cca2a40) 
thrown [s\src\hotspot\share\prims\jni.cpp, line 1112]
Event: 17.446 Thread 0x000001bf7f74e4d0 Exception <a 'java/lang/NoSuchMethodError'{0x000000008ccedcc0}: static Lorg/gradle/internal/build/event/types/DefaultTaskFinishedProgressEvent;.<clinit>()V> (0x000000008ccedcc0) 
thrown [s\src\hotspot\share\prims\jni.cpp, line 1112]
Event: 17.447 Thread 0x000001bf7f74e4d0 Exception <a 'java/lang/NoSuchMethodError'{0x000000008ccff6f0}: static Lorg/gradle/internal/build/event/types/DefaultTaskSuccessResult;.<clinit>()V> (0x000000008ccff6f0) 
thrown [s\src\hotspot\share\prims\jni.cpp, line 1112]
Event: 17.447 Thread 0x000001bf7f74e4d0 Exception <a 'java/lang/NoSuchMethodError'{0x000000008cb01608}: static Lorg/gradle/internal/build/event/types/AbstractTaskResult;.<clinit>()V> (0x000000008cb01608) 
thrown [s\src\hotspot\share\prims\jni.cpp, line 1112]
Event: 17.452 Thread 0x000001bf7f74fe20 Exception <a 'java/lang/NoSuchMethodError'{0x000000008cba3c88}: 'java.lang.Object java.lang.invoke.DirectMethodHandle$Holder.invokeStatic(java.lang.Object, int, java.lang.Object)'> (0x000000008cba3c88) 
thrown [s\src\hotspot\share\interpreter\linkResolver.cpp, line 759]
Event: 17.458 Thread 0x000001bf45fc0990 Exception <a 'java/lang/NoSuchMethodError'{0x000000008c993898}: static Ljava/lang/Object;.<clinit>()V> (0x000000008c993898) 
thrown [s\src\hotspot\share\prims\jni.cpp, line 1112]
Event: 17.459 Thread 0x000001bf45fc0990 Exception <a 'java/lang/NoSuchMethodError'{0x000000008c99ebb0}: static Lorg/jetbrains/kotlin/gradle/plugin/statistics/MetricContainer;.<clinit>()V> (0x000000008c99ebb0) 
thrown [s\src\hotspot\share\prims\jni.cpp, line 1112]

VM Operations (20 events):
Event: 17.242 Executing VM operation: HandshakeAllThreads
Event: 17.242 Executing VM operation: HandshakeAllThreads done
Event: 17.267 Executing VM operation: HandshakeAllThreads
Event: 17.267 Executing VM operation: HandshakeAllThreads done
Event: 17.324 Executing VM operation: G1CollectForAllocation
Event: 17.327 Executing VM operation: G1CollectForAllocation done
Event: 17.347 Executing VM operation: G1PauseRemark
Event: 17.352 Executing VM operation: G1PauseRemark done
Event: 17.361 Executing VM operation: G1PauseCleanup
Event: 17.362 Executing VM operation: G1PauseCleanup done
Event: 17.435 Executing VM operation: HandshakeAllThreads
Event: 17.435 Executing VM operation: HandshakeAllThreads done
Event: 17.442 Executing VM operation: HandshakeAllThreads
Event: 17.442 Executing VM operation: HandshakeAllThreads done
Event: 17.446 Executing VM operation: HandshakeAllThreads
Event: 17.446 Executing VM operation: HandshakeAllThreads done
Event: 17.700 Executing VM operation: ICBufferFull
Event: 17.700 Executing VM operation: ICBufferFull done
Event: 18.705 Executing VM operation: Cleanup
Event: 18.846 Executing VM operation: Cleanup done

Memory protections (0 events):
No events

Nmethod flushes (20 events):
Event: 13.140 Thread 0x000001bf7c12b8c0 flushing  nmethod 0x000001bf66412310
Event: 13.140 Thread 0x000001bf7c12b8c0 flushing  nmethod 0x000001bf6643ee10
Event: 13.140 Thread 0x000001bf7c12b8c0 flushing  nmethod 0x000001bf66449610
Event: 13.141 Thread 0x000001bf7c12b8c0 flushing  nmethod 0x000001bf66550d10
Event: 13.141 Thread 0x000001bf7c12b8c0 flushing osr nmethod 0x000001bf66559490
Event: 13.141 Thread 0x000001bf7c12b8c0 flushing  nmethod 0x000001bf6655f810
Event: 13.142 Thread 0x000001bf7c12b8c0 flushing  nmethod 0x000001bf665a6c90
Event: 13.142 Thread 0x000001bf7c12b8c0 flushing  nmethod 0x000001bf665e4710
Event: 13.143 Thread 0x000001bf7c12b8c0 flushing  nmethod 0x000001bf666ba590
Event: 13.143 Thread 0x000001bf7c12b8c0 flushing  nmethod 0x000001bf666bab10
Event: 13.143 Thread 0x000001bf7c12b8c0 flushing  nmethod 0x000001bf666be490
Event: 13.143 Thread 0x000001bf7c12b8c0 flushing  nmethod 0x000001bf666dde10
Event: 13.143 Thread 0x000001bf7c12b8c0 flushing  nmethod 0x000001bf666deb10
Event: 17.244 Thread 0x000001bf7c12b8c0 flushing  nmethod 0x000001bf65884090
Event: 17.244 Thread 0x000001bf7c12b8c0 flushing  nmethod 0x000001bf659a6c10
Event: 17.245 Thread 0x000001bf7c12b8c0 flushing  nmethod 0x000001bf65c28510
Event: 17.245 Thread 0x000001bf7c12b8c0 flushing  nmethod 0x000001bf65c93a10
Event: 17.245 Thread 0x000001bf7c12b8c0 flushing  nmethod 0x000001bf65ca1910
Event: 17.245 Thread 0x000001bf7c12b8c0 flushing  nmethod 0x000001bf65cbe590
Event: 17.245 Thread 0x000001bf7c12b8c0 flushing  nmethod 0x000001bf65cbf410

Events (20 events):
Event: 17.397 Thread 0x000001bf45fc13b0 Thread added: 0x000001bf45fc1dd0
Event: 17.398 Thread 0x000001bf45fc13b0 Thread added: 0x000001bf45fc22e0
Event: 17.398 Thread 0x000001bf45fc13b0 Thread added: 0x000001bf45fbf040
Event: 17.398 Thread 0x000001bf45fc13b0 Thread added: 0x000001bf45fc5580
Event: 17.398 Thread 0x000001bf45fc13b0 Thread added: 0x000001bf45fc3c30
Event: 17.398 Thread 0x000001bf45fc13b0 Thread added: 0x000001bf45fc4140
Event: 17.398 Thread 0x000001bf45fc13b0 Thread added: 0x000001bf45fc5a90
Event: 17.398 Thread 0x000001bf45fc13b0 Thread added: 0x000001bf45fc2d00
Event: 17.398 Thread 0x000001bf45fc13b0 Thread added: 0x000001bf45fc3720
Event: 17.399 Thread 0x000001bf45fc13b0 Thread added: 0x000001bf45fc3210
Event: 17.399 Thread 0x000001bf45fc13b0 Thread added: 0x000001bf45fc4650
Event: 17.399 Thread 0x000001bf45fc13b0 Thread added: 0x000001bf45fc4b60
Event: 17.399 Thread 0x000001bf45fc13b0 Thread added: 0x000001bf45fc5070
Event: 17.399 Thread 0x000001bf45fc13b0 Thread added: 0x000001bf452428f0
Event: 17.399 Thread 0x000001bf45fc13b0 Thread added: 0x000001bf452414b0
Event: 17.399 Thread 0x000001bf45fc13b0 Thread added: 0x000001bf452419c0
Event: 17.399 Thread 0x000001bf45fc13b0 Thread added: 0x000001bf4523fb60
Event: 17.420 Thread 0x000001bf45fc13b0 Thread added: 0x000001bf4523f650
Event: 17.768 Thread 0x000001bf7dc35470 Thread added: 0x000001bf7d07abf0
Event: 20.555 Thread 0x000001bf7dc369b0 Thread exited: 0x000001bf7dc369b0


Dynamic libraries:
0x00007ff760170000 - 0x00007ff76017e000 	C:\Program Files\Amazon Corretto\jdk17.0.16_8\bin\java.exe
0x00007ffcf5d40000 - 0x00007ffcf5fa7000 	C:\WINDOWS\SYSTEM32\ntdll.dll
0x00007ffcf3ad0000 - 0x00007ffcf3b99000 	C:\WINDOWS\System32\KERNEL32.DLL
0x00007ffcf3270000 - 0x00007ffcf3660000 	C:\WINDOWS\System32\KERNELBASE.dll
0x00007ffcf3070000 - 0x00007ffcf31bb000 	C:\WINDOWS\System32\ucrtbase.dll
0x00007ffcdab10000 - 0x00007ffcdab27000 	C:\Program Files\Amazon Corretto\jdk17.0.16_8\bin\jli.dll
0x00007ffcdaaf0000 - 0x00007ffcdab0b000 	C:\Program Files\Amazon Corretto\jdk17.0.16_8\bin\VCRUNTIME140.dll
0x00007ffcf57d0000 - 0x00007ffcf5995000 	C:\WINDOWS\System32\USER32.dll
0x00007ffcde360000 - 0x00007ffcde5fa000 	C:\WINDOWS\WinSxS\amd64_microsoft.windows.common-controls_6595b64144ccf1df_6.0.26100.4768_none_3e0c112ce331287c\COMCTL32.dll
0x00007ffcf2e70000 - 0x00007ffcf2e97000 	C:\WINDOWS\System32\win32u.dll
0x00007ffcf4b00000 - 0x00007ffcf4b2b000 	C:\WINDOWS\System32\GDI32.dll
0x00007ffcf5b70000 - 0x00007ffcf5c19000 	C:\WINDOWS\System32\msvcrt.dll
0x00007ffcf2ea0000 - 0x00007ffcf2fd8000 	C:\WINDOWS\System32\gdi32full.dll
0x00007ffcf31c0000 - 0x00007ffcf3263000 	C:\WINDOWS\System32\msvcp_win.dll
0x00007ffcf50e0000 - 0x00007ffcf510f000 	C:\WINDOWS\System32\IMM32.DLL
0x00007ffce4ae0000 - 0x00007ffce4aec000 	C:\Program Files\Amazon Corretto\jdk17.0.16_8\bin\vcruntime140_1.dll
0x00007ffcc3da0000 - 0x00007ffcc3e2d000 	C:\Program Files\Amazon Corretto\jdk17.0.16_8\bin\msvcp140.dll
0x00007ffc923d0000 - 0x00007ffc9303c000 	C:\Program Files\Amazon Corretto\jdk17.0.16_8\bin\server\jvm.dll
0x00007ffcf4ec0000 - 0x00007ffcf4f74000 	C:\WINDOWS\System32\ADVAPI32.dll
0x00007ffcf4f80000 - 0x00007ffcf5026000 	C:\WINDOWS\System32\sechost.dll
0x00007ffcf5210000 - 0x00007ffcf5328000 	C:\WINDOWS\System32\RPCRT4.dll
0x00007ffcf5c20000 - 0x00007ffcf5c94000 	C:\WINDOWS\System32\WS2_32.dll
0x00007ffceace0000 - 0x00007ffcead15000 	C:\WINDOWS\SYSTEM32\WINMM.dll
0x00007ffcf2cd0000 - 0x00007ffcf2d2e000 	C:\WINDOWS\SYSTEM32\POWRPROF.dll
0x00007ffce25a0000 - 0x00007ffce25ab000 	C:\WINDOWS\SYSTEM32\VERSION.dll
0x00007ffcf2cb0000 - 0x00007ffcf2cc4000 	C:\WINDOWS\SYSTEM32\UMPDC.dll
0x00007ffcf1bb0000 - 0x00007ffcf1bcb000 	C:\WINDOWS\SYSTEM32\kernel.appcore.dll
0x00007ffcdcb60000 - 0x00007ffcdcb6a000 	C:\Program Files\Amazon Corretto\jdk17.0.16_8\bin\jimage.dll
0x00007ffcd88c0000 - 0x00007ffcd8b01000 	C:\WINDOWS\SYSTEM32\DBGHELP.DLL
0x00007ffcf4b30000 - 0x00007ffcf4eb5000 	C:\WINDOWS\System32\combase.dll
0x00007ffcf59a0000 - 0x00007ffcf5a80000 	C:\WINDOWS\System32\OLEAUT32.dll
0x00007ffcd8530000 - 0x00007ffcd8573000 	C:\WINDOWS\SYSTEM32\dbgcore.DLL
0x00007ffcf3a30000 - 0x00007ffcf3ac9000 	C:\WINDOWS\System32\bcryptPrimitives.dll
0x00007ffcd7ea0000 - 0x00007ffcd7eae000 	C:\Program Files\Amazon Corretto\jdk17.0.16_8\bin\instrument.dll
0x00007ffcd2610000 - 0x00007ffcd2635000 	C:\Program Files\Amazon Corretto\jdk17.0.16_8\bin\java.dll
0x00007ffcbd7a0000 - 0x00007ffcbd877000 	C:\Program Files\Amazon Corretto\jdk17.0.16_8\bin\jsvml.dll
0x00007ffcf3e90000 - 0x00007ffcf45dd000 	C:\WINDOWS\System32\SHELL32.dll
0x00007ffcf3730000 - 0x00007ffcf38a3000 	C:\WINDOWS\System32\wintypes.dll
0x00007ffcf0a30000 - 0x00007ffcf128f000 	C:\WINDOWS\SYSTEM32\windows.storage.dll
0x00007ffcf3ba0000 - 0x00007ffcf3c95000 	C:\WINDOWS\System32\SHCORE.dll
0x00007ffcf5120000 - 0x00007ffcf518a000 	C:\WINDOWS\System32\shlwapi.dll
0x00007ffcf2d90000 - 0x00007ffcf2db9000 	C:\WINDOWS\SYSTEM32\profapi.dll
0x00007ffcd0f60000 - 0x00007ffcd0f78000 	C:\Program Files\Amazon Corretto\jdk17.0.16_8\bin\zip.dll
0x00007ffcd1740000 - 0x00007ffcd1759000 	C:\Program Files\Amazon Corretto\jdk17.0.16_8\bin\net.dll
0x00007ffcec720000 - 0x00007ffcec83e000 	C:\WINDOWS\SYSTEM32\WINHTTP.dll
0x00007ffcf2120000 - 0x00007ffcf218b000 	C:\WINDOWS\system32\mswsock.dll
0x00007ffcd1720000 - 0x00007ffcd1736000 	C:\Program Files\Amazon Corretto\jdk17.0.16_8\bin\nio.dll
0x00007ffcdc7a0000 - 0x00007ffcdc7b0000 	C:\Program Files\Amazon Corretto\jdk17.0.16_8\bin\verify.dll
0x00007ffcdb930000 - 0x00007ffcdb957000 	C:\Users\Administrator\.gradle\native\c067742578af261105cb4f569cf0c3c89f3d7b1fecec35dd04571415982c5e48\windows-amd64\native-platform.dll
0x00007ffcbe450000 - 0x00007ffcbe594000 	C:\Users\Administrator\.gradle\native\100fb08df4bc3b14c8652ba06237920a3bd2aa13389f12d3474272988ae205f9\windows-amd64\native-platform-file-events.dll
0x00007ffcdc760000 - 0x00007ffcdc769000 	C:\Program Files\Amazon Corretto\jdk17.0.16_8\bin\management.dll
0x00007ffcdc240000 - 0x00007ffcdc24b000 	C:\Program Files\Amazon Corretto\jdk17.0.16_8\bin\management_ext.dll
0x00007ffcf57b0000 - 0x00007ffcf57b8000 	C:\WINDOWS\System32\PSAPI.DLL
0x00007ffcf2500000 - 0x00007ffcf251b000 	C:\WINDOWS\SYSTEM32\CRYPTSP.dll
0x00007ffcf1b10000 - 0x00007ffcf1b4b000 	C:\WINDOWS\system32\rsaenh.dll
0x00007ffcf21c0000 - 0x00007ffcf21eb000 	C:\WINDOWS\SYSTEM32\USERENV.dll
0x00007ffcf2d60000 - 0x00007ffcf2d86000 	C:\WINDOWS\SYSTEM32\bcrypt.dll
0x00007ffcf2360000 - 0x00007ffcf236c000 	C:\WINDOWS\SYSTEM32\CRYPTBASE.dll
0x00007ffcf15a0000 - 0x00007ffcf15d3000 	C:\WINDOWS\SYSTEM32\IPHLPAPI.DLL
0x00007ffcf5510000 - 0x00007ffcf551a000 	C:\WINDOWS\System32\NSI.dll
0x00007ffcec6f0000 - 0x00007ffcec70f000 	C:\WINDOWS\SYSTEM32\dhcpcsvc6.DLL
0x00007ffcec6c0000 - 0x00007ffcec6e5000 	C:\WINDOWS\SYSTEM32\dhcpcsvc.DLL
0x00007ffcf1630000 - 0x00007ffcf1756000 	C:\WINDOWS\SYSTEM32\DNSAPI.dll
0x00007ffcd8cf0000 - 0x00007ffcd8cf9000 	C:\Program Files\Amazon Corretto\jdk17.0.16_8\bin\extnet.dll
0x00007ffcd4b50000 - 0x00007ffcd4b5e000 	C:\Program Files\Amazon Corretto\jdk17.0.16_8\bin\sunmscapi.dll
0x00007ffcf38b0000 - 0x00007ffcf3a27000 	C:\WINDOWS\System32\CRYPT32.dll
0x00007ffcf2660000 - 0x00007ffcf2690000 	C:\WINDOWS\SYSTEM32\ncrypt.dll
0x00007ffcf2610000 - 0x00007ffcf264f000 	C:\WINDOWS\SYSTEM32\NTASN1.dll
0x00007ffce1c50000 - 0x00007ffce1c58000 	C:\WINDOWS\system32\wshunix.dll
0x00007ffcd7e80000 - 0x00007ffcd7e98000 	C:\WINDOWS\system32\napinsp.dll
0x00007ffcd7e60000 - 0x00007ffcd7e72000 	C:\WINDOWS\System32\winrnr.dll
0x00007ffcd7e20000 - 0x00007ffcd7e50000 	C:\WINDOWS\system32\nlansp_c.dll
0x00007ffcd7df0000 - 0x00007ffcd7e10000 	C:\WINDOWS\system32\wshbth.dll
0x00007ffcea9c0000 - 0x00007ffcea9cb000 	C:\Windows\System32\rasadhlp.dll
0x00007ffceac50000 - 0x00007ffceacd6000 	C:\WINDOWS\System32\fwpuclnt.dll

dbghelp: loaded successfully - version: 4.0.5 - missing functions: none
symbol engine: initialized successfully - sym options: 0x614 - pdb path: .;C:\Program Files\Amazon Corretto\jdk17.0.16_8\bin;C:\WINDOWS\SYSTEM32;C:\WINDOWS\WinSxS\amd64_microsoft.windows.common-controls_6595b64144ccf1df_6.0.26100.4768_none_3e0c112ce331287c;C:\Program Files\Amazon Corretto\jdk17.0.16_8\bin\server;C:\Users\Administrator\.gradle\native\c067742578af261105cb4f569cf0c3c89f3d7b1fecec35dd04571415982c5e48\windows-amd64;C:\Users\Administrator\.gradle\native\100fb08df4bc3b14c8652ba06237920a3bd2aa13389f12d3474272988ae205f9\windows-amd64

VM Arguments:
jvm_args: --add-opens=java.base/java.lang=ALL-UNNAMED --add-opens=java.base/java.lang.invoke=ALL-UNNAMED --add-opens=java.base/java.util=ALL-UNNAMED --add-opens=java.prefs/java.util.prefs=ALL-UNNAMED --add-exports=jdk.compiler/com.sun.tools.javac.api=ALL-UNNAMED --add-exports=jdk.compiler/com.sun.tools.javac.util=ALL-UNNAMED --add-opens=java.base/java.util=ALL-UNNAMED --add-opens=java.prefs/java.util.prefs=ALL-UNNAMED --add-opens=java.base/java.nio.charset=ALL-UNNAMED --add-opens=java.base/java.net=ALL-UNNAMED --add-opens=java.base/java.util.concurrent.atomic=ALL-UNNAMED --add-opens=java.xml/javax.xml.namespace=ALL-UNNAMED -Xmx2048m -Dfile.encoding=UTF-8 -Duser.country=KR -Duser.language=ko -Duser.variant -javaagent:C:\Users\Administrator\.gradle\wrapper\dists\gradle-8.11.1-bin\bpt9gzteqjrbo1mjrsomdt32c\gradle-8.11.1\lib\agents\gradle-instrumentation-agent-8.11.1.jar 
java_command: org.gradle.launcher.daemon.bootstrap.GradleDaemon 8.11.1
java_class_path (initial): C:\Users\Administrator\.gradle\wrapper\dists\gradle-8.11.1-bin\bpt9gzteqjrbo1mjrsomdt32c\gradle-8.11.1\lib\gradle-daemon-main-8.11.1.jar
Launcher Type: SUN_STANDARD

[Global flags]
     intx CICompilerCount                          = 12                                        {product} {ergonomic}
     uint ConcGCThreads                            = 4                                         {product} {ergonomic}
     uint G1ConcRefinementThreads                  = 15                                        {product} {ergonomic}
   size_t G1HeapRegionSize                         = 1048576                                   {product} {ergonomic}
    uintx GCDrainStackTargetSize                   = 64                                        {product} {ergonomic}
   size_t InitialHeapSize                          = 264241152                                 {product} {ergonomic}
   size_t MarkStackSize                            = 4194304                                   {product} {ergonomic}
   size_t MaxHeapSize                              = 2147483648                                {product} {command line}
   size_t MaxNewSize                               = 1287651328                                {product} {ergonomic}
   size_t MinHeapDeltaBytes                        = 1048576                                   {product} {ergonomic}
   size_t MinHeapSize                              = 8388608                                   {product} {ergonomic}
    uintx NonNMethodCodeHeapSize                   = 7602480                                {pd product} {ergonomic}
    uintx NonProfiledCodeHeapSize                  = 122027880                              {pd product} {ergonomic}
    uintx ProfiledCodeHeapSize                     = 122027880                              {pd product} {ergonomic}
    uintx ReservedCodeCacheSize                    = 251658240                              {pd product} {ergonomic}
     bool SegmentedCodeCache                       = true                                      {product} {ergonomic}
   size_t SoftMaxHeapSize                          = 2147483648                             {manageable} {ergonomic}
     bool UseCompressedClassPointers               = true                           {product lp64_product} {ergonomic}
     bool UseCompressedOops                        = true                           {product lp64_product} {ergonomic}
     bool UseG1GC                                  = true                                      {product} {ergonomic}
     bool UseLargePagesIndividualAllocation        = false                                  {pd product} {ergonomic}

Logging:
Log output configuration:
 #0: stdout all=warning uptime,level,tags
 #1: stderr all=off uptime,level,tags

Environment Variables:
JAVA_HOME=C:\Program Files\Amazon Corretto\jdk17.0.16_8
PATH=C:\Python313\Scripts\;C:\Python313\;C:\Program Files\Amazon Corretto\jdk17.0.16_8\bin;C:\WINDOWS\system32;C:\WINDOWS;C:\WINDOWS\System32\Wbem;C:\WINDOWS\System32\WindowsPowerShell\v1.0\;C:\WINDOWS\System32\OpenSSH\;C:\Program Files\Docker\Docker\resources\bin;C:\Program Files\Git\cmd;C:\Program Files\Vagrant\bin;C:\Program Files\nodejs\;C:\ProgramData\chocolatey\bin;C:\Program Files\cursor\resources\app\bin;C:\Users\Administrator\AppData\Local\Microsoft\WindowsApps;;C:\Program Files\JetBrains\IntelliJ IDEA 2025.2.2\bin;C:\Users\Administrator\AppData\Local\SOOP;C:\Users\Administrator\AppData\Roaming\npm;C:\Users\Administrator\AppData\Local\Programs\Microsoft VS Code\bin
USERNAME=Administrator
OS=Windows_NT
PROCESSOR_IDENTIFIER=Intel64 Family 6 Model 151 Stepping 2, GenuineIntel
TMP=C:\Users\ADMINI~1\AppData\Local\Temp
TEMP=C:\Users\ADMINI~1\AppData\Local\Temp



Periodic native trim disabled


---------------  S Y S T E M  ---------------

OS:
 Windows 11 , 64 bit Build 26100 (10.0.26100.4768)
OS uptime: 2 days 18:37 hours
Hyper-V role detected

CPU: total 20 (initial active 20) (10 cores per cpu, 2 threads per core) family 6 model 151 stepping 2 microcode 0x36, cx8, cmov, fxsr, ht, mmx, 3dnowpref, sse, sse2, sse3, ssse3, sse4.1, sse4.2, popcnt, lzcnt, tsc, tscinvbit, avx, avx2, aes, erms, clmul, bmi1, bmi2, adx, sha, fma, vzeroupper, clflush, clflushopt, clwb, hv
Processor Information for processor 0
  Max Mhz: 2100, Current Mhz: 2100, Mhz Limit: 2100
Processor Information for processor 1
  Max Mhz: 2100, Current Mhz: 2100, Mhz Limit: 2100
Processor Information for processor 2
  Max Mhz: 2100, Current Mhz: 2100, Mhz Limit: 2100
Processor Information for processor 3
  Max Mhz: 2100, Current Mhz: 2100, Mhz Limit: 2100
Processor Information for processor 4
  Max Mhz: 2100, Current Mhz: 2100, Mhz Limit: 2100
Processor Information for processor 5
  Max Mhz: 2100, Current Mhz: 2100, Mhz Limit: 2100
Processor Information for processor 6
  Max Mhz: 2100, Current Mhz: 2100, Mhz Limit: 2100
Processor Information for processor 7
  Max Mhz: 2100, Current Mhz: 2100, Mhz Limit: 2100
Processor Information for processor 8
  Max Mhz: 2100, Current Mhz: 2100, Mhz Limit: 2100
Processor Information for processor 9
  Max Mhz: 2100, Current Mhz: 2100, Mhz Limit: 2100
Processor Information for processor 10
  Max Mhz: 2100, Current Mhz: 2100, Mhz Limit: 2100
Processor Information for processor 11
  Max Mhz: 2100, Current Mhz: 2100, Mhz Limit: 2100
Processor Information for processor 12
  Max Mhz: 2100, Current Mhz: 2100, Mhz Limit: 2100
Processor Information for processor 13
  Max Mhz: 2100, Current Mhz: 2100, Mhz Limit: 2100
Processor Information for processor 14
  Max Mhz: 2100, Current Mhz: 2100, Mhz Limit: 2100
Processor Information for processor 15
  Max Mhz: 2100, Current Mhz: 2100, Mhz Limit: 2100
Processor Information for processor 16
  Max Mhz: 2100, Current Mhz: 1600, Mhz Limit: 1596
Processor Information for processor 17
  Max Mhz: 2100, Current Mhz: 1600, Mhz Limit: 1596
Processor Information for processor 18
  Max Mhz: 2100, Current Mhz: 1600, Mhz Limit: 1596
Processor Information for processor 19
  Max Mhz: 2100, Current Mhz: 1600, Mhz Limit: 1596

Memory: 4k page, system-wide physical 16068M (858M free)
TotalPageFile size 24260M (AvailPageFile size 79M)
current process WorkingSet (physical memory assigned to process): 499M, peak: 507M
current process commit charge ("private bytes"): 560M, peak: 567M

vm_info: OpenJDK 64-Bit Server VM (17.0.16+8-LTS) for windows-amd64 JRE (17.0.16+8-LTS), built on Jul  9 2025 19:25:12 by "Administrator" with MS VC++ 16.10 / 16.11 (VS2019)

END.
