#
# There is insufficient memory for the Java Runtime Environment to continue.
# Native memory allocation (malloc) failed to allocate 1298896 bytes. Error detail: Chunk::new
# Possible reasons:
#   The system is out of physical RAM or swap space
#   This process is running with CompressedOops enabled, and the Java Heap may be blocking the growth of the native heap
# Possible solutions:
#   Reduce memory load on the system
#   Increase physical memory or swap space
#   Check if swap backing store is full
#   Decrease Java heap size (-Xmx/-Xms)
#   Decrease number of Java threads
#   Decrease Java thread stack sizes (-Xss)
#   Set larger code cache with -XX:ReservedCodeCacheSize=
#   JVM is running with Unscaled Compressed Oops mode in which the Java heap is
#     placed in the first 4GB address space. The Java Heap base address is the
#     maximum limit for the native heap growth. Please use -XX:HeapBaseMinAddress
#     to set the Java Heap base and to place the Java Heap above 4GB virtual address.
# This output file may be truncated or incomplete.
#
#  Out of Memory Error (arena.cpp:168), pid=7744, tid=13392
#
# JRE version: OpenJDK Runtime Environment Temurin-21.0.9+10 (21.0.9+10) (build 21.0.9+10-LTS)
# Java VM: OpenJDK 64-Bit Server VM Temurin-21.0.9+10 (21.0.9+10-LTS, mixed mode, sharing, tiered, compressed oops, compressed class ptrs, parallel gc, windows-amd64)
# No core dump will be written. Minidumps are not enabled by default on client versions of Windows
#

---------------  S U M M A R Y ------------

Command Line: --add-modules=ALL-SYSTEM --add-opens=java.base/java.util=ALL-UNNAMED --add-opens=java.base/java.lang=ALL-UNNAMED --add-opens=java.base/sun.nio.fs=ALL-UNNAMED -Declipse.application=org.eclipse.jdt.ls.core.id1 -Dosgi.bundles.defaultStartLevel=4 -Declipse.product=org.eclipse.jdt.ls.core.product -Djava.import.generatesMetadataFilesAtProjectRoot=false -DDetectVMInstallationsJob.disabled=true -Dfile.encoding=utf8 -XX:+UseParallelGC -XX:GCTimeRatio=4 -XX:AdaptiveSizePolicyWeight=90 -Dsun.zip.disableMemoryMapping=true -Xmx2G -Xms100m -Xlog:disable -javaagent:c:\Users\Administrator\.cursor\extensions\redhat.java-1.50.0-win32-x64\lombok\lombok-1.18.39-4050.jar -XX:+HeapDumpOnOutOfMemoryError -XX:HeapDumpPath=c:\Users\Administrator\AppData\Roaming\Cursor\User\workspaceStorage\7274447d711de68e1ab5607ae122bbb9\redhat.java -Daether.dependencyCollector.impl=bf c:\Users\Administrator\.cursor\extensions\redhat.java-1.50.0-win32-x64\server\plugins\org.eclipse.equinox.launcher_1.7.100.v20251111-0406.jar -configuration c:\Users\Administrator\AppData\Roaming\Cursor\User\globalStorage\redhat.java\1.50.0\config_win -data c:\Users\Administrator\AppData\Roaming\Cursor\User\workspaceStorage\7274447d711de68e1ab5607ae122bbb9\redhat.java\jdt_ws --pipe=\\.\pipe\lsp-28f204211b5b6d45a11c0e88823b28df-sock

Host: 12th Gen Intel(R) Core(TM) i7-12700, 20 cores, 15G,  Windows 11 , 64 bit Build 26100 (10.0.26100.4768)
Time: Fri Dec  5 14:19:35 2025 elapsed time: 9.014000 seconds (0d 0h 0m 9s)

---------------  T H R E A D  ---------------

Current thread (0x00000226c56b4870):  JavaThread "C2 CompilerThread4" daemon [_thread_in_native, id=13392, stack(0x0000007c67900000,0x0000007c67a00000) (1024K)]


Current CompileTask:
C2:9014 6058   !   4       org.eclipse.osgi.internal.loader.BundleLoader::findClass0 (490 bytes)

Stack: [0x0000007c67900000,0x0000007c67a00000]
Native frames: (J=compiled Java code, j=interpreted, Vv=VM code, C=native code)
V  [jvm.dll+0x6d6e29]
V  [jvm.dll+0x8b4b76]
V  [jvm.dll+0x8b712e]
V  [jvm.dll+0x8b7813]
V  [jvm.dll+0x283d86]
V  [jvm.dll+0xc66ed]
V  [jvm.dll+0xc6c31]
V  [jvm.dll+0x2facee]
V  [jvm.dll+0x5fde44]
V  [jvm.dll+0x255557]
V  [jvm.dll+0x25591d]
V  [jvm.dll+0x24df40]
V  [jvm.dll+0x24b482]
V  [jvm.dll+0x1cb13e]
V  [jvm.dll+0x25b29d]
V  [jvm.dll+0x25982a]
V  [jvm.dll+0x3f7ea6]
V  [jvm.dll+0x85e9ad]
V  [jvm.dll+0x6d565d]
C  [ucrtbase.dll+0x37b0]
C  [KERNEL32.DLL+0x2e8d7]
C  [ntdll.dll+0x3c34c]


---------------  P R O C E S S  ---------------

Threads class SMR info:
_java_thread_list=0x00000226c6e57770, length=66, elements={
0x00000226e28eb860, 0x00000226fa6bcfd0, 0x00000226fa6bf140, 0x00000226fa6c2c20,
0x00000226fa6c5680, 0x00000226fa6c6ac0, 0x00000226fa6c75b0, 0x00000226fa6c8d30,
0x00000226e29ad3a0, 0x00000226fa7b4290, 0x00000226fa7b70e0, 0x00000226fa7e22a0,
0x00000226fa924180, 0x00000226fc640720, 0x00000226fcf6e350, 0x00000226fcf57720,
0x00000226fcc77820, 0x00000226fd46ab60, 0x00000226fd792be0, 0x00000226fd065730,
0x00000226fd90e1a0, 0x00000226fd772a60, 0x00000226fd764dd0, 0x00000226fd85cf00,
0x00000226fd85c870, 0x00000226fd85d590, 0x00000226fe5477c0, 0x00000226fdb647e0,
0x00000226c56b4870, 0x00000226fdb668b0, 0x00000226fdb65b90, 0x00000226fdb64e70,
0x00000226fdb66f40, 0x00000226fdb675d0, 0x00000226fdb64150, 0x00000226fdb66220,
0x00000226fdb65500, 0x00000226c64c3da0, 0x00000226c64c6b90, 0x00000226c64c5e70,
0x00000226c64c4430, 0x00000226c64c4ac0, 0x00000226c64c5150, 0x00000226c64c57e0,
0x00000226c64c6500, 0x00000226c64c3710, 0x00000226c64c7f40, 0x00000226c64c85d0,
0x00000226c64c8c60, 0x00000226c64c78b0, 0x00000226c64c92f0, 0x00000226c64c9980,
0x00000226c64ca010, 0x00000226c64ca6a0, 0x00000226c64c7220, 0x00000226c64cad30,
0x00000226c6daa7d0, 0x00000226c8030150, 0x00000226fe3f4f70, 0x00000226c8031500,
0x00000226c80307e0, 0x00000226c8030e70, 0x00000226c8035010, 0x00000226c5dc5800,
0x00000226c8ae5390, 0x00000226c80335d0
}

Java Threads: ( => current thread )
  0x00000226e28eb860 JavaThread "main"                              [_thread_blocked, id=11416, stack(0x0000007c64b00000,0x0000007c64c00000) (1024K)]
  0x00000226fa6bcfd0 JavaThread "Reference Handler"          daemon [_thread_blocked, id=11296, stack(0x0000007c64f00000,0x0000007c65000000) (1024K)]
  0x00000226fa6bf140 JavaThread "Finalizer"                  daemon [_thread_blocked, id=15588, stack(0x0000007c65000000,0x0000007c65100000) (1024K)]
  0x00000226fa6c2c20 JavaThread "Signal Dispatcher"          daemon [_thread_blocked, id=5212, stack(0x0000007c65100000,0x0000007c65200000) (1024K)]
  0x00000226fa6c5680 JavaThread "Attach Listener"            daemon [_thread_blocked, id=13044, stack(0x0000007c65200000,0x0000007c65300000) (1024K)]
  0x00000226fa6c6ac0 JavaThread "Service Thread"             daemon [_thread_blocked, id=16424, stack(0x0000007c65300000,0x0000007c65400000) (1024K)]
  0x00000226fa6c75b0 JavaThread "Monitor Deflation Thread"   daemon [_thread_blocked, id=6408, stack(0x0000007c65400000,0x0000007c65500000) (1024K)]
  0x00000226fa6c8d30 JavaThread "C2 CompilerThread0"         daemon [_thread_blocked, id=12988, stack(0x0000007c65500000,0x0000007c65600000) (1024K)]
  0x00000226e29ad3a0 JavaThread "C1 CompilerThread0"         daemon [_thread_blocked, id=10644, stack(0x0000007c65600000,0x0000007c65700000) (1024K)]
  0x00000226fa7b4290 JavaThread "C1 CompilerThread1"         daemon [_thread_blocked, id=5496, stack(0x0000007c65700000,0x0000007c65800000) (1024K)]
  0x00000226fa7b70e0 JavaThread "C1 CompilerThread2"         daemon [_thread_blocked, id=15108, stack(0x0000007c65800000,0x0000007c65900000) (1024K)]
  0x00000226fa7e22a0 JavaThread "C2 CompilerThread1"         daemon [_thread_blocked, id=9500, stack(0x0000007c65900000,0x0000007c65a00000) (1024K)]
  0x00000226fa924180 JavaThread "Common-Cleaner"             daemon [_thread_blocked, id=14120, stack(0x0000007c65a00000,0x0000007c65b00000) (1024K)]
  0x00000226fc640720 JavaThread "Notification Thread"        daemon [_thread_blocked, id=18036, stack(0x0000007c65c00000,0x0000007c65d00000) (1024K)]
  0x00000226fcf6e350 JavaThread "Active Thread: Equinox Container: d91ea66a-d0a8-45f6-8379-a95d9ee5cab8"        [_thread_blocked, id=3104, stack(0x0000007c66500000,0x0000007c66600000) (1024K)]
  0x00000226fcf57720 JavaThread "Refresh Thread: Equinox Container: d91ea66a-d0a8-45f6-8379-a95d9ee5cab8" daemon [_thread_blocked, id=2376, stack(0x0000007c66700000,0x0000007c66800000) (1024K)]
  0x00000226fcc77820 JavaThread "Framework Event Dispatcher: Equinox Container: d91ea66a-d0a8-45f6-8379-a95d9ee5cab8" daemon [_thread_blocked, id=4604, stack(0x0000007c66800000,0x0000007c66900000) (1024K)]
  0x00000226fd46ab60 JavaThread "Start Level: Equinox Container: d91ea66a-d0a8-45f6-8379-a95d9ee5cab8" daemon [_thread_blocked, id=11772, stack(0x0000007c66900000,0x0000007c66a00000) (1024K)]
  0x00000226fd792be0 JavaThread "Bundle File Closer"         daemon [_thread_blocked, id=6036, stack(0x0000007c66d00000,0x0000007c66e00000) (1024K)]
  0x00000226fd065730 JavaThread "SCR Component Actor"        daemon [_thread_blocked, id=8088, stack(0x0000007c65d00000,0x0000007c65e00000) (1024K)]
  0x00000226fd90e1a0 JavaThread "C2 CompilerThread2"         daemon [_thread_in_native, id=12232, stack(0x0000007c66e00000,0x0000007c66f00000) (1024K)]
  0x00000226fd772a60 JavaThread "Worker-JM"                         [_thread_blocked, id=12124, stack(0x0000007c67000000,0x0000007c67100000) (1024K)]
  0x00000226fd764dd0 JavaThread "JNA Cleaner"                daemon [_thread_blocked, id=9716, stack(0x0000007c66f00000,0x0000007c67000000) (1024K)]
  0x00000226fd85cf00 JavaThread "Worker-0"                          [_thread_blocked, id=17112, stack(0x0000007c67300000,0x0000007c67400000) (1024K)]
  0x00000226fd85c870 JavaThread "Worker-1"                          [_thread_blocked, id=5020, stack(0x0000007c67400000,0x0000007c67500000) (1024K)]
  0x00000226fd85d590 JavaThread "Worker-2: Initialize After Load"        [_thread_blocked, id=8864, stack(0x0000007c67600000,0x0000007c67700000) (1024K)]
  0x00000226fe5477c0 JavaThread "C2 CompilerThread3"         daemon [_thread_blocked, id=13488, stack(0x0000007c67700000,0x0000007c67800000) (1024K)]
  0x00000226fdb647e0 JavaThread "Java indexing"              daemon [_thread_blocked, id=2160, stack(0x0000007c67800000,0x0000007c67900000) (1024K)]
=>0x00000226c56b4870 JavaThread "C2 CompilerThread4"         daemon [_thread_in_native, id=13392, stack(0x0000007c67900000,0x0000007c67a00000) (1024K)]
  0x00000226fdb668b0 JavaThread "Worker-3"                          [_thread_blocked, id=11992, stack(0x0000007c67d00000,0x0000007c67e00000) (1024K)]
  0x00000226fdb65b90 JavaThread "Worker-4: Updating Maven Dependencies"        [_thread_blocked, id=14732, stack(0x0000007c67e00000,0x0000007c67f00000) (1024K)]
  0x00000226fdb64e70 JavaThread "Worker-5"                          [_thread_blocked, id=19072, stack(0x0000007c67f00000,0x0000007c68000000) (1024K)]
  0x00000226fdb66f40 JavaThread "Thread-1"                   daemon [_thread_in_native, id=9476, stack(0x0000007c68000000,0x0000007c68100000) (1024K)]
  0x00000226fdb675d0 JavaThread "Thread-2"                   daemon [_thread_in_native, id=11232, stack(0x0000007c68100000,0x0000007c68200000) (1024K)]
  0x00000226fdb64150 JavaThread "Thread-3"                   daemon [_thread_in_native, id=10100, stack(0x0000007c68200000,0x0000007c68300000) (1024K)]
  0x00000226fdb66220 JavaThread "Thread-4"                   daemon [_thread_in_native, id=18300, stack(0x0000007c68300000,0x0000007c68400000) (1024K)]
  0x00000226fdb65500 JavaThread "Thread-5"                   daemon [_thread_in_native, id=3308, stack(0x0000007c68400000,0x0000007c68500000) (1024K)]
  0x00000226c64c3da0 JavaThread "Thread-6"                   daemon [_thread_in_native, id=2876, stack(0x0000007c68500000,0x0000007c68600000) (1024K)]
  0x00000226c64c6b90 JavaThread "Thread-7"                   daemon [_thread_in_native, id=17212, stack(0x0000007c68600000,0x0000007c68700000) (1024K)]
  0x00000226c64c5e70 JavaThread "Thread-8"                   daemon [_thread_in_native, id=8544, stack(0x0000007c68700000,0x0000007c68800000) (1024K)]
  0x00000226c64c4430 JavaThread "Thread-9"                   daemon [_thread_in_native, id=10380, stack(0x0000007c68800000,0x0000007c68900000) (1024K)]
  0x00000226c64c4ac0 JavaThread "Thread-10"                  daemon [_thread_in_native, id=7156, stack(0x0000007c68900000,0x0000007c68a00000) (1024K)]
  0x00000226c64c5150 JavaThread "Thread-11"                  daemon [_thread_in_native, id=7480, stack(0x0000007c68a00000,0x0000007c68b00000) (1024K)]
  0x00000226c64c57e0 JavaThread "Thread-12"                  daemon [_thread_in_native, id=16492, stack(0x0000007c68b00000,0x0000007c68c00000) (1024K)]
  0x00000226c64c6500 JavaThread "Worker-6: Repository registry initialization"        [_thread_in_vm, id=14952, stack(0x0000007c68c00000,0x0000007c68d00000) (1024K)]
  0x00000226c64c3710 JavaThread "Thread-13"                  daemon [_thread_in_native, id=12564, stack(0x0000007c68d00000,0x0000007c68e00000) (1024K)]
  0x00000226c64c7f40 JavaThread "Thread-14"                  daemon [_thread_in_native, id=13716, stack(0x0000007c68e00000,0x0000007c68f00000) (1024K)]
  0x00000226c64c85d0 JavaThread "Thread-15"                  daemon [_thread_in_native, id=12336, stack(0x0000007c68f00000,0x0000007c69000000) (1024K)]
  0x00000226c64c8c60 JavaThread "Worker-7: Synchronize Gradle projects with workspace"        [_thread_blocked, id=18116, stack(0x0000007c69000000,0x0000007c69100000) (1024K)]
  0x00000226c64c78b0 JavaThread "Thread-16"                  daemon [_thread_in_native, id=13796, stack(0x0000007c69100000,0x0000007c69200000) (1024K)]
  0x00000226c64c92f0 JavaThread "Thread-17"                  daemon [_thread_in_native, id=10008, stack(0x0000007c69200000,0x0000007c69300000) (1024K)]
  0x00000226c64c9980 JavaThread "Thread-18"                  daemon [_thread_in_native, id=5220, stack(0x0000007c69300000,0x0000007c69400000) (1024K)]
  0x00000226c64ca010 JavaThread "Thread-19"                  daemon [_thread_in_native, id=9132, stack(0x0000007c69400000,0x0000007c69500000) (1024K)]
  0x00000226c64ca6a0 JavaThread "Thread-20"                  daemon [_thread_in_native, id=18776, stack(0x0000007c69500000,0x0000007c69600000) (1024K)]
  0x00000226c64c7220 JavaThread "Thread-21"                  daemon [_thread_in_native, id=12900, stack(0x0000007c69600000,0x0000007c69700000) (1024K)]
  0x00000226c64cad30 JavaThread "pool-2-thread-1"                   [_thread_blocked, id=5528, stack(0x0000007c69700000,0x0000007c69800000) (1024K)]
  0x00000226c6daa7d0 JavaThread "C2 CompilerThread5"         daemon [_thread_blocked, id=17948, stack(0x0000007c69800000,0x0000007c69900000) (1024K)]
  0x00000226c8030150 JavaThread "Worker-8"                          [_thread_blocked, id=16300, stack(0x0000007c69900000,0x0000007c69a00000) (1024K)]
  0x00000226fe3f4f70 JavaThread "C2 CompilerThread6"         daemon [_thread_blocked, id=17552, stack(0x0000007c69a00000,0x0000007c69b00000) (1024K)]
  0x00000226c8031500 JavaThread "Timer-0"                           [_thread_blocked, id=7844, stack(0x0000007c69b00000,0x0000007c69c00000) (1024K)]
  0x00000226c80307e0 JavaThread "Timer-1"                           [_thread_blocked, id=7548, stack(0x0000007c69c00000,0x0000007c69d00000) (1024K)]
  0x00000226c8030e70 JavaThread "WorkspaceEventsHandler"            [_thread_blocked, id=8580, stack(0x0000007c69d00000,0x0000007c69e00000) (1024K)]
  0x00000226c8035010 JavaThread "pool-1-thread-1"                   [_thread_blocked, id=14412, stack(0x0000007c69e00000,0x0000007c69f00000) (1024K)]
  0x00000226c5dc5800 JavaThread "C1 CompilerThread3"         daemon [_thread_blocked, id=16688, stack(0x0000007c65b00000,0x0000007c65c00000) (1024K)]
  0x00000226c8ae5390 JavaThread "C2 CompilerThread7"         daemon [_thread_blocked, id=8772, stack(0x0000007c69f00000,0x0000007c6a000000) (1024K)]
  0x00000226c80335d0 JavaThread "Connection worker"                 [_thread_blocked, id=6652, stack(0x0000007c6a000000,0x0000007c6a100000) (1024K)]
Total: 66

Other Threads:
  0x00000226e298e980 VMThread "VM Thread"                           [id=5080, stack(0x0000007c64e00000,0x0000007c64f00000) (1024K)] _threads_hazard_ptr=0x00000226c6e57770
  0x00000226e277ca00 WatcherThread "VM Periodic Task Thread"        [id=16028, stack(0x0000007c64d00000,0x0000007c64e00000) (1024K)]
  0x00000226e290a0d0 WorkerThread "GC Thread#0"                     [id=10400, stack(0x0000007c64c00000,0x0000007c64d00000) (1024K)]
  0x00000226fcec4660 WorkerThread "GC Thread#1"                     [id=3864, stack(0x0000007c65e00000,0x0000007c65f00000) (1024K)]
  0x00000226fcbe4750 WorkerThread "GC Thread#2"                     [id=10356, stack(0x0000007c65f00000,0x0000007c66000000) (1024K)]
  0x00000226fcbe4af0 WorkerThread "GC Thread#3"                     [id=14748, stack(0x0000007c66000000,0x0000007c66100000) (1024K)]
  0x00000226fcbea1a0 WorkerThread "GC Thread#4"                     [id=17576, stack(0x0000007c66100000,0x0000007c66200000) (1024K)]
  0x00000226fcbea540 WorkerThread "GC Thread#5"                     [id=7520, stack(0x0000007c66200000,0x0000007c66300000) (1024K)]
  0x00000226fcbea8e0 WorkerThread "GC Thread#6"                     [id=12524, stack(0x0000007c66300000,0x0000007c66400000) (1024K)]
  0x00000226fd0d0bb0 WorkerThread "GC Thread#7"                     [id=10792, stack(0x0000007c66600000,0x0000007c66700000) (1024K)]
  0x00000226fd446f40 WorkerThread "GC Thread#8"                     [id=10880, stack(0x0000007c66a00000,0x0000007c66b00000) (1024K)]
  0x00000226fd4472e0 WorkerThread "GC Thread#9"                     [id=7336, stack(0x0000007c66b00000,0x0000007c66c00000) (1024K)]
  0x00000226fd1d6840 WorkerThread "GC Thread#10"                    [id=12148, stack(0x0000007c66c00000,0x0000007c66d00000) (1024K)]
  0x00000226fd1d64a0 WorkerThread "GC Thread#11"                    [id=7728, stack(0x0000007c66400000,0x0000007c66500000) (1024K)]
  0x00000226fd1d6be0 WorkerThread "GC Thread#12"                    [id=1696, stack(0x0000007c67100000,0x0000007c67200000) (1024K)]
  0x00000226fd1d6100 WorkerThread "GC Thread#13"                    [id=15140, stack(0x0000007c67200000,0x0000007c67300000) (1024K)]
  0x00000226fd1d6f80 WorkerThread "GC Thread#14"                    [id=2216, stack(0x0000007c67500000,0x0000007c67600000) (1024K)]
Total: 17

Threads with active compile tasks:
C2 CompilerThread0  9072 6594       4       java.util.zip.ZipFile$Source::initCEN (612 bytes)
C1 CompilerThread0  9072 6621       3       java.lang.Class::copyFields (36 bytes)
C1 CompilerThread1  9072 6625       1       jdk.internal.event.ThreadSleepEvent::isEnabled (2 bytes)
C1 CompilerThread2  9072 6623       3       java.util.stream.SortedOps$SizedRefSortingSink::end (129 bytes)
C2 CompilerThread1  9072 6596       4       jdk.internal.org.objectweb.asm.Frame::execute (2305 bytes)
C2 CompilerThread2  9072 5419   !   4       org.eclipse.osgi.internal.loader.classpath.ClasspathManager::findClassImpl (328 bytes)
C2 CompilerThread3  9072 6608   !   4       java.lang.reflect.Executable::declaredAnnotations (85 bytes)
C2 CompilerThread4  9072 6058   !   4       org.eclipse.osgi.internal.loader.BundleLoader::findClass0 (490 bytes)
C2 CompilerThread5  9072 6603       4       org.eclipse.osgi.internal.loader.BundleLoader::getProviderLoader (77 bytes)
C2 CompilerThread6  9072 6595       4       org.eclipse.osgi.internal.loader.BundleLoader::searchHooks (192 bytes)
C1 CompilerThread3  9072 6622       3       java.util.stream.SortedOps$SizedRefSortingSink::begin (28 bytes)
C2 CompilerThread7  9072 6591   !   4       org.eclipse.osgi.internal.loader.BundleLoader::getImportedSources (114 bytes)
Total: 12

VM state: synchronizing (normal execution)

VM Mutex/Monitor currently owned by a thread:  ([mutex/lock_event])
[0x00007ff8c7bdd570] Threads_lock - owner thread: 0x00000226e298e980

Heap address: 0x0000000080000000, size: 2048 MB, Compressed Oops mode: 32-bit

CDS archive(s) mapped at: [0x0000022680000000-0x0000022680ba0000-0x0000022680ba0000), size 12189696, SharedBaseAddress: 0x0000022680000000, ArchiveRelocationMode: 1.
Compressed class space mapped at: 0x0000022681000000-0x00000226c1000000, reserved size: 1073741824
Narrow klass base: 0x0000022680000000, Narrow klass shift: 0, Narrow klass range: 0x100000000

GC Precious Log:
 CardTable entry size: 512
 CPUs: 20 total, 20 available
 Memory: 16068M
 Large Page Support: Disabled
 NUMA Support: Disabled
 Compressed Oops: Enabled (32-bit)
 Alignments: Space 512K, Generation 512K, Heap 2M
 Heap Min Capacity: 100M
 Heap Initial Capacity: 100M
 Heap Max Capacity: 2G
 Pre-touch: Disabled
 Parallel Workers: 15

Heap:
 PSYoungGen      total 23552K, used 15538K [0x00000000d5580000, 0x00000000d7000000, 0x0000000100000000)
  eden space 22016K, 63% used [0x00000000d5580000,0x00000000d6331898,0x00000000d6b00000)
  from space 1536K, 98% used [0x00000000d6e00000,0x00000000d6f7b298,0x00000000d6f80000)
  to   space 2560K, 0% used [0x00000000d6b00000,0x00000000d6b00000,0x00000000d6d80000)
 ParOldGen       total 68608K, used 24243K [0x0000000080000000, 0x0000000084300000, 0x00000000d5580000)
  object space 68608K, 35% used [0x0000000080000000,0x00000000817acfd8,0x0000000084300000)
 Metaspace       used 41912K, committed 43072K, reserved 1114112K
  class space    used 4501K, committed 4992K, reserved 1048576K

Card table byte_map: [0x00000226e2290000,0x00000226e26a0000] _byte_map_base: 0x00000226e1e90000

Marking Bits: (ParMarkBitMap*) 0x00007ff8c7be2460
 Begin Bits: [0x00000226f4da0000, 0x00000226f6da0000)
 End Bits:   [0x00000226f6da0000, 0x00000226f8da0000)

Polling page: 0x00000226e0440000

Metaspace:

Usage:
  Non-class:     36.53 MB used.
      Class:      4.40 MB used.
       Both:     40.93 MB used.

Virtual space:
  Non-class space:       64.00 MB reserved,      37.19 MB ( 58%) committed,  1 nodes.
      Class space:        1.00 GB reserved,       4.88 MB ( <1%) committed,  1 nodes.
             Both:        1.06 GB reserved,      42.06 MB (  4%) committed. 

Chunk freelists:
   Non-Class:  10.47 MB
       Class:  11.17 MB
        Both:  21.64 MB

MaxMetaspaceSize: unlimited
CompressedClassSpaceSize: 1.00 GB
Initial GC threshold: 21.00 MB
Current GC threshold: 58.38 MB
CDS: on
 - commit_granule_bytes: 65536.
 - commit_granule_words: 8192.
 - virtual_space_node_default_size: 8388608.
 - enlarge_chunks_in_place: 1.
 - use_allocation_guard: 0.


Internal statistics:

num_allocs_failed_limit: 6.
num_arena_births: 808.
num_arena_deaths: 40.
num_vsnodes_births: 2.
num_vsnodes_deaths: 0.
num_space_committed: 673.
num_space_uncommitted: 0.
num_chunks_returned_to_freelist: 57.
num_chunks_taken_from_freelist: 2756.
num_chunk_merges: 11.
num_chunk_splits: 1625.
num_chunks_enlarged: 878.
num_inconsistent_stats: 0.

CodeHeap 'non-profiled nmethods': size=119168Kb used=3255Kb max_used=3255Kb free=115912Kb
 bounds [0x00000226ed690000, 0x00000226ed9c0000, 0x00000226f4af0000]
CodeHeap 'profiled nmethods': size=119104Kb used=13269Kb max_used=13269Kb free=105834Kb
 bounds [0x00000226e5af0000, 0x00000226e67f0000, 0x00000226ecf40000]
CodeHeap 'non-nmethods': size=7488Kb used=3060Kb max_used=3141Kb free=4428Kb
 bounds [0x00000226ecf40000, 0x00000226ed260000, 0x00000226ed690000]
CodeCache: size=245760Kb, used=19584Kb, max_used=19665Kb, free=226174Kb
 total_blobs=6706, nmethods=6036, adapters=573, full_count=0
Compilation: enabled, stopped_count=0, restarted_count=0

Compilation events (20 events):
Event: 7.974 Thread 0x00000226e29ad3a0 6616       3       com.google.common.collect.Ordering::<init> (5 bytes)
Event: 7.974 Thread 0x00000226fa7b70e0 6615       3       com.google.common.collect.LexicographicalOrdering::<init> (10 bytes)
Event: 7.974 Thread 0x00000226e29ad3a0 nmethod 6616 0x00000226e67db410 code [0x00000226e67db5c0, 0x00000226e67db728]
Event: 7.974 Thread 0x00000226c5dc5800 6617       3       com.google.inject.internal.DeclaredMembers$$Lambda/0x0000022681403db0::apply (5 bytes)
Event: 7.975 Thread 0x00000226fa7b70e0 nmethod 6615 0x00000226e67db810 code [0x00000226e67db9c0, 0x00000226e67dbba8]
Event: 7.975 Thread 0x00000226e29ad3a0 6618       3       com.google.inject.internal.DeclaredMembers::lambda$getDeclaredMethods$2 (5 bytes)
Event: 7.975 Thread 0x00000226c5dc5800 nmethod 6617 0x00000226e67dbc90 code [0x00000226e67dbe40, 0x00000226e67dc038]
Event: 7.975 Thread 0x00000226e29ad3a0 nmethod 6618 0x00000226e67dc110 code [0x00000226e67dc2a0, 0x00000226e67dc420]
Event: 7.977 Thread 0x00000226fa7b4290 nmethod 6611 0x00000226e67dc510 code [0x00000226e67dca60, 0x00000226e67dfc70]
Event: 7.985 Thread 0x00000226fa7b4290 6619   !   3       com.google.inject.spi.InjectionPoint::getInjectionPoints (489 bytes)
Event: 7.991 Thread 0x00000226fe5477c0 nmethod 6601 0x00000226ed9b7690 code [0x00000226ed9b7940, 0x00000226ed9b8840]
Event: 7.997 Thread 0x00000226fa7b4290 nmethod 6619 0x00000226e67e0990 code [0x00000226e67e0fa0, 0x00000226e67e4378]
Event: 7.999 Thread 0x00000226fa7e22a0 nmethod 6596 0x00000226ed9b9290 code [0x00000226ed9ba1e0, 0x00000226ed9bb908]
Event: 8.001 Thread 0x00000226fa7b4290 6620       3       com.google.inject.spi.Elements$RecordingBinder::bind (6 bytes)
Event: 8.001 Thread 0x00000226e29ad3a0 6621       3       java.lang.Class::copyFields (36 bytes)
Event: 8.002 Thread 0x00000226fa7b4290 nmethod 6620 0x00000226e67e5910 code [0x00000226e67e5ac0, 0x00000226e67e5c18]
Event: 8.002 Thread 0x00000226fa7b70e0 6623       3       java.util.stream.SortedOps$SizedRefSortingSink::end (129 bytes)
Event: 8.002 Thread 0x00000226c5dc5800 6622       3       java.util.stream.SortedOps$SizedRefSortingSink::begin (28 bytes)
Event: 8.003 Thread 0x00000226fe5477c0 6608   !   4       java.lang.reflect.Executable::declaredAnnotations (85 bytes)
Event: 8.125 Thread 0x00000226fa7b4290 6625       1       jdk.internal.event.ThreadSleepEvent::isEnabled (2 bytes)

GC Heap History (20 events):
Event: 2.939 GC heap before
{Heap before GC invocations=11 (full 1):
 PSYoungGen      total 26112K, used 25077K [0x00000000d5580000, 0x00000000d7300000, 0x0000000100000000)
  eden space 23552K, 100% used [0x00000000d5580000,0x00000000d6c80000,0x00000000d6c80000)
  from space 2560K, 59% used [0x00000000d6e80000,0x00000000d6ffd518,0x00000000d7100000)
  to   space 2048K, 0% used [0x00000000d7100000,0x00000000d7100000,0x00000000d7300000)
 ParOldGen       total 68608K, used 13759K [0x0000000080000000, 0x0000000084300000, 0x00000000d5580000)
  object space 68608K, 20% used [0x0000000080000000,0x0000000080d6feb8,0x0000000084300000)
 Metaspace       used 27013K, committed 27776K, reserved 1114112K
  class space    used 2618K, committed 2944K, reserved 1048576K
}
Event: 2.941 GC heap after
{Heap after GC invocations=11 (full 1):
 PSYoungGen      total 25088K, used 2043K [0x00000000d5580000, 0x00000000d7300000, 0x0000000100000000)
  eden space 23040K, 0% used [0x00000000d5580000,0x00000000d5580000,0x00000000d6c00000)
  from space 2048K, 99% used [0x00000000d7100000,0x00000000d72feda0,0x00000000d7300000)
  to   space 2560K, 0% used [0x00000000d6e00000,0x00000000d6e00000,0x00000000d7080000)
 ParOldGen       total 68608K, used 15171K [0x0000000080000000, 0x0000000084300000, 0x00000000d5580000)
  object space 68608K, 22% used [0x0000000080000000,0x0000000080ed0dc8,0x0000000084300000)
 Metaspace       used 27013K, committed 27776K, reserved 1114112K
  class space    used 2618K, committed 2944K, reserved 1048576K
}
Event: 3.158 GC heap before
{Heap before GC invocations=12 (full 1):
 PSYoungGen      total 25088K, used 25083K [0x00000000d5580000, 0x00000000d7300000, 0x0000000100000000)
  eden space 23040K, 100% used [0x00000000d5580000,0x00000000d6c00000,0x00000000d6c00000)
  from space 2048K, 99% used [0x00000000d7100000,0x00000000d72feda0,0x00000000d7300000)
  to   space 2560K, 0% used [0x00000000d6e00000,0x00000000d6e00000,0x00000000d7080000)
 ParOldGen       total 68608K, used 15171K [0x0000000080000000, 0x0000000084300000, 0x00000000d5580000)
  object space 68608K, 22% used [0x0000000080000000,0x0000000080ed0dc8,0x0000000084300000)
 Metaspace       used 28745K, committed 29568K, reserved 1114112K
  class space    used 2771K, committed 3136K, reserved 1048576K
}
Event: 3.160 GC heap after
{Heap after GC invocations=12 (full 1):
 PSYoungGen      total 24576K, used 1783K [0x00000000d5580000, 0x00000000d7180000, 0x0000000100000000)
  eden space 22528K, 0% used [0x00000000d5580000,0x00000000d5580000,0x00000000d6b80000)
  from space 2048K, 87% used [0x00000000d6e00000,0x00000000d6fbdcd8,0x00000000d7000000)
  to   space 1536K, 0% used [0x00000000d7000000,0x00000000d7000000,0x00000000d7180000)
 ParOldGen       total 68608K, used 16845K [0x0000000080000000, 0x0000000084300000, 0x00000000d5580000)
  object space 68608K, 24% used [0x0000000080000000,0x0000000081073468,0x0000000084300000)
 Metaspace       used 28745K, committed 29568K, reserved 1114112K
  class space    used 2771K, committed 3136K, reserved 1048576K
}
Event: 3.524 GC heap before
{Heap before GC invocations=13 (full 1):
 PSYoungGen      total 24576K, used 24310K [0x00000000d5580000, 0x00000000d7180000, 0x0000000100000000)
  eden space 22528K, 99% used [0x00000000d5580000,0x00000000d6b7fdb0,0x00000000d6b80000)
  from space 2048K, 87% used [0x00000000d6e00000,0x00000000d6fbdcd8,0x00000000d7000000)
  to   space 1536K, 0% used [0x00000000d7000000,0x00000000d7000000,0x00000000d7180000)
 ParOldGen       total 68608K, used 16845K [0x0000000080000000, 0x0000000084300000, 0x00000000d5580000)
  object space 68608K, 24% used [0x0000000080000000,0x0000000081073468,0x0000000084300000)
 Metaspace       used 31439K, committed 32384K, reserved 1114112K
  class space    used 3061K, committed 3456K, reserved 1048576K
}
Event: 3.527 GC heap after
{Heap after GC invocations=13 (full 1):
 PSYoungGen      total 23552K, used 1530K [0x00000000d5580000, 0x00000000d7180000, 0x0000000100000000)
  eden space 22016K, 0% used [0x00000000d5580000,0x00000000d5580000,0x00000000d6b00000)
  from space 1536K, 99% used [0x00000000d7000000,0x00000000d717e848,0x00000000d7180000)
  to   space 2048K, 0% used [0x00000000d6d80000,0x00000000d6d80000,0x00000000d6f80000)
 ParOldGen       total 68608K, used 18455K [0x0000000080000000, 0x0000000084300000, 0x00000000d5580000)
  object space 68608K, 26% used [0x0000000080000000,0x0000000081205fe8,0x0000000084300000)
 Metaspace       used 31439K, committed 32384K, reserved 1114112K
  class space    used 3061K, committed 3456K, reserved 1048576K
}
Event: 3.746 GC heap before
{Heap before GC invocations=14 (full 1):
 PSYoungGen      total 23552K, used 23546K [0x00000000d5580000, 0x00000000d7180000, 0x0000000100000000)
  eden space 22016K, 100% used [0x00000000d5580000,0x00000000d6b00000,0x00000000d6b00000)
  from space 1536K, 99% used [0x00000000d7000000,0x00000000d717e848,0x00000000d7180000)
  to   space 2048K, 0% used [0x00000000d6d80000,0x00000000d6d80000,0x00000000d6f80000)
 ParOldGen       total 68608K, used 18455K [0x0000000080000000, 0x0000000084300000, 0x00000000d5580000)
  object space 68608K, 26% used [0x0000000080000000,0x0000000081205fe8,0x0000000084300000)
 Metaspace       used 34164K, committed 35264K, reserved 1114112K
  class space    used 3458K, committed 3904K, reserved 1048576K
}
Event: 3.749 GC heap after
{Heap after GC invocations=14 (full 1):
 PSYoungGen      total 23552K, used 1218K [0x00000000d5580000, 0x00000000d7080000, 0x0000000100000000)
  eden space 22016K, 0% used [0x00000000d5580000,0x00000000d5580000,0x00000000d6b00000)
  from space 1536K, 79% used [0x00000000d6d80000,0x00000000d6eb0b78,0x00000000d6f00000)
  to   space 1536K, 0% used [0x00000000d6f00000,0x00000000d6f00000,0x00000000d7080000)
 ParOldGen       total 68608K, used 19727K [0x0000000080000000, 0x0000000084300000, 0x00000000d5580000)
  object space 68608K, 28% used [0x0000000080000000,0x0000000081343c10,0x0000000084300000)
 Metaspace       used 34164K, committed 35264K, reserved 1114112K
  class space    used 3458K, committed 3904K, reserved 1048576K
}
Event: 3.820 GC heap before
{Heap before GC invocations=15 (full 1):
 PSYoungGen      total 23552K, used 10830K [0x00000000d5580000, 0x00000000d7080000, 0x0000000100000000)
  eden space 22016K, 43% used [0x00000000d5580000,0x00000000d5ee2e88,0x00000000d6b00000)
  from space 1536K, 79% used [0x00000000d6d80000,0x00000000d6eb0b78,0x00000000d6f00000)
  to   space 1536K, 0% used [0x00000000d6f00000,0x00000000d6f00000,0x00000000d7080000)
 ParOldGen       total 68608K, used 19727K [0x0000000080000000, 0x0000000084300000, 0x00000000d5580000)
  object space 68608K, 28% used [0x0000000080000000,0x0000000081343c10,0x0000000084300000)
 Metaspace       used 34807K, committed 35840K, reserved 1114112K
  class space    used 3531K, committed 3968K, reserved 1048576K
}
Event: 3.822 GC heap after
{Heap after GC invocations=15 (full 1):
 PSYoungGen      total 23552K, used 1161K [0x00000000d5580000, 0x00000000d7080000, 0x0000000100000000)
  eden space 22016K, 0% used [0x00000000d5580000,0x00000000d5580000,0x00000000d6b00000)
  from space 1536K, 75% used [0x00000000d6f00000,0x00000000d70226c0,0x00000000d7080000)
  to   space 1536K, 0% used [0x00000000d6d80000,0x00000000d6d80000,0x00000000d6f00000)
 ParOldGen       total 68608K, used 20658K [0x0000000080000000, 0x0000000084300000, 0x00000000d5580000)
  object space 68608K, 30% used [0x0000000080000000,0x000000008142ca40,0x0000000084300000)
 Metaspace       used 34807K, committed 35840K, reserved 1114112K
  class space    used 3531K, committed 3968K, reserved 1048576K
}
Event: 3.822 GC heap before
{Heap before GC invocations=16 (full 2):
 PSYoungGen      total 23552K, used 1161K [0x00000000d5580000, 0x00000000d7080000, 0x0000000100000000)
  eden space 22016K, 0% used [0x00000000d5580000,0x00000000d5580000,0x00000000d6b00000)
  from space 1536K, 75% used [0x00000000d6f00000,0x00000000d70226c0,0x00000000d7080000)
  to   space 1536K, 0% used [0x00000000d6d80000,0x00000000d6d80000,0x00000000d6f00000)
 ParOldGen       total 68608K, used 20658K [0x0000000080000000, 0x0000000084300000, 0x00000000d5580000)
  object space 68608K, 30% used [0x0000000080000000,0x000000008142ca40,0x0000000084300000)
 Metaspace       used 34807K, committed 35840K, reserved 1114112K
  class space    used 3531K, committed 3968K, reserved 1048576K
}
Event: 3.860 GC heap after
{Heap after GC invocations=16 (full 2):
 PSYoungGen      total 23552K, used 0K [0x00000000d5580000, 0x00000000d7080000, 0x0000000100000000)
  eden space 22016K, 0% used [0x00000000d5580000,0x00000000d5580000,0x00000000d6b00000)
  from space 1536K, 0% used [0x00000000d6f00000,0x00000000d6f00000,0x00000000d7080000)
  to   space 1536K, 0% used [0x00000000d6d80000,0x00000000d6d80000,0x00000000d6f00000)
 ParOldGen       total 68608K, used 20347K [0x0000000080000000, 0x0000000084300000, 0x00000000d5580000)
  object space 68608K, 29% used [0x0000000080000000,0x00000000813defd8,0x0000000084300000)
 Metaspace       used 34783K, committed 35840K, reserved 1114112K
  class space    used 3525K, committed 3968K, reserved 1048576K
}
Event: 4.018 GC heap before
{Heap before GC invocations=17 (full 2):
 PSYoungGen      total 23552K, used 22016K [0x00000000d5580000, 0x00000000d7080000, 0x0000000100000000)
  eden space 22016K, 100% used [0x00000000d5580000,0x00000000d6b00000,0x00000000d6b00000)
  from space 1536K, 0% used [0x00000000d6f00000,0x00000000d6f00000,0x00000000d7080000)
  to   space 1536K, 0% used [0x00000000d6d80000,0x00000000d6d80000,0x00000000d6f00000)
 ParOldGen       total 68608K, used 20347K [0x0000000080000000, 0x0000000084300000, 0x00000000d5580000)
  object space 68608K, 29% used [0x0000000080000000,0x00000000813defd8,0x0000000084300000)
 Metaspace       used 36037K, committed 37056K, reserved 1114112K
  class space    used 3685K, committed 4096K, reserved 1048576K
}
Event: 4.021 GC heap after
{Heap after GC invocations=17 (full 2):
 PSYoungGen      total 23552K, used 1284K [0x00000000d5580000, 0x00000000d6f80000, 0x0000000100000000)
  eden space 22016K, 0% used [0x00000000d5580000,0x00000000d5580000,0x00000000d6b00000)
  from space 1536K, 83% used [0x00000000d6d80000,0x00000000d6ec13d0,0x00000000d6f00000)
  to   space 512K, 0% used [0x00000000d6f00000,0x00000000d6f00000,0x00000000d6f80000)
 ParOldGen       total 68608K, used 21137K [0x0000000080000000, 0x0000000084300000, 0x00000000d5580000)
  object space 68608K, 30% used [0x0000000080000000,0x00000000814a44e8,0x0000000084300000)
 Metaspace       used 36037K, committed 37056K, reserved 1114112K
  class space    used 3685K, committed 4096K, reserved 1048576K
}
Event: 5.229 GC heap before
{Heap before GC invocations=18 (full 2):
 PSYoungGen      total 23552K, used 23300K [0x00000000d5580000, 0x00000000d6f80000, 0x0000000100000000)
  eden space 22016K, 99% used [0x00000000d5580000,0x00000000d6afffb0,0x00000000d6b00000)
  from space 1536K, 83% used [0x00000000d6d80000,0x00000000d6ec13d0,0x00000000d6f00000)
  to   space 512K, 0% used [0x00000000d6f00000,0x00000000d6f00000,0x00000000d6f80000)
 ParOldGen       total 68608K, used 21137K [0x0000000080000000, 0x0000000084300000, 0x00000000d5580000)
  object space 68608K, 30% used [0x0000000080000000,0x00000000814a44e8,0x0000000084300000)
 Metaspace       used 38078K, committed 39104K, reserved 1114112K
  class space    used 3980K, committed 4416K, reserved 1048576K
}
Event: 5.232 GC heap after
{Heap after GC invocations=18 (full 2):
 PSYoungGen      total 22528K, used 512K [0x00000000d5580000, 0x00000000d7100000, 0x0000000100000000)
  eden space 22016K, 0% used [0x00000000d5580000,0x00000000d5580000,0x00000000d6b00000)
  from space 512K, 100% used [0x00000000d6f00000,0x00000000d6f80000,0x00000000d6f80000)
  to   space 3072K, 0% used [0x00000000d6b00000,0x00000000d6b00000,0x00000000d6e00000)
 ParOldGen       total 68608K, used 23045K [0x0000000080000000, 0x0000000084300000, 0x00000000d5580000)
  object space 68608K, 33% used [0x0000000080000000,0x0000000081681608,0x0000000084300000)
 Metaspace       used 38078K, committed 39104K, reserved 1114112K
  class space    used 3980K, committed 4416K, reserved 1048576K
}
Event: 5.457 GC heap before
{Heap before GC invocations=19 (full 2):
 PSYoungGen      total 22528K, used 22528K [0x00000000d5580000, 0x00000000d7100000, 0x0000000100000000)
  eden space 22016K, 100% used [0x00000000d5580000,0x00000000d6b00000,0x00000000d6b00000)
  from space 512K, 100% used [0x00000000d6f00000,0x00000000d6f80000,0x00000000d6f80000)
  to   space 3072K, 0% used [0x00000000d6b00000,0x00000000d6b00000,0x00000000d6e00000)
 ParOldGen       total 68608K, used 23045K [0x0000000080000000, 0x0000000084300000, 0x00000000d5580000)
  object space 68608K, 33% used [0x0000000080000000,0x0000000081681608,0x0000000084300000)
 Metaspace       used 39581K, committed 40704K, reserved 1114112K
  class space    used 4190K, committed 4672K, reserved 1048576K
}
Event: 5.459 GC heap after
{Heap after GC invocations=19 (full 2):
 PSYoungGen      total 25088K, used 797K [0x00000000d5580000, 0x00000000d6f80000, 0x0000000100000000)
  eden space 22016K, 0% used [0x00000000d5580000,0x00000000d5580000,0x00000000d6b00000)
  from space 3072K, 25% used [0x00000000d6b00000,0x00000000d6bc7620,0x00000000d6e00000)
  to   space 1536K, 0% used [0x00000000d6e00000,0x00000000d6e00000,0x00000000d6f80000)
 ParOldGen       total 68608K, used 23525K [0x0000000080000000, 0x0000000084300000, 0x00000000d5580000)
  object space 68608K, 34% used [0x0000000080000000,0x00000000816f9618,0x0000000084300000)
 Metaspace       used 39581K, committed 40704K, reserved 1114112K
  class space    used 4190K, committed 4672K, reserved 1048576K
}
Event: 7.780 GC heap before
{Heap before GC invocations=20 (full 2):
 PSYoungGen      total 25088K, used 22813K [0x00000000d5580000, 0x00000000d6f80000, 0x0000000100000000)
  eden space 22016K, 100% used [0x00000000d5580000,0x00000000d6b00000,0x00000000d6b00000)
  from space 3072K, 25% used [0x00000000d6b00000,0x00000000d6bc7620,0x00000000d6e00000)
  to   space 1536K, 0% used [0x00000000d6e00000,0x00000000d6e00000,0x00000000d6f80000)
 ParOldGen       total 68608K, used 23525K [0x0000000080000000, 0x0000000084300000, 0x00000000d5580000)
  object space 68608K, 34% used [0x0000000080000000,0x00000000816f9618,0x0000000084300000)
 Metaspace       used 41202K, committed 42368K, reserved 1114112K
  class space    used 4406K, committed 4864K, reserved 1048576K
}
Event: 7.782 GC heap after
{Heap after GC invocations=20 (full 2):
 PSYoungGen      total 23552K, used 1516K [0x00000000d5580000, 0x00000000d7000000, 0x0000000100000000)
  eden space 22016K, 0% used [0x00000000d5580000,0x00000000d5580000,0x00000000d6b00000)
  from space 1536K, 98% used [0x00000000d6e00000,0x00000000d6f7b298,0x00000000d6f80000)
  to   space 2560K, 0% used [0x00000000d6b00000,0x00000000d6b00000,0x00000000d6d80000)
 ParOldGen       total 68608K, used 24243K [0x0000000080000000, 0x0000000084300000, 0x00000000d5580000)
  object space 68608K, 35% used [0x0000000080000000,0x00000000817acfd8,0x0000000084300000)
 Metaspace       used 41202K, committed 42368K, reserved 1114112K
  class space    used 4406K, committed 4864K, reserved 1048576K
}

Dll operation events (10 events):
Event: 0.009 Loaded shared library c:\Users\Administrator\.cursor\extensions\redhat.java-1.50.0-win32-x64\jre\21.0.9-win32-x86_64\bin\java.dll
Event: 0.044 Loaded shared library c:\Users\Administrator\.cursor\extensions\redhat.java-1.50.0-win32-x64\jre\21.0.9-win32-x86_64\bin\zip.dll
Event: 0.152 Loaded shared library C:\Users\Administrator\.cursor\extensions\redhat.java-1.50.0-win32-x64\jre\21.0.9-win32-x86_64\bin\instrument.dll
Event: 0.159 Loaded shared library C:\Users\Administrator\.cursor\extensions\redhat.java-1.50.0-win32-x64\jre\21.0.9-win32-x86_64\bin\net.dll
Event: 0.164 Loaded shared library C:\Users\Administrator\.cursor\extensions\redhat.java-1.50.0-win32-x64\jre\21.0.9-win32-x86_64\bin\nio.dll
Event: 0.167 Loaded shared library C:\Users\Administrator\.cursor\extensions\redhat.java-1.50.0-win32-x64\jre\21.0.9-win32-x86_64\bin\zip.dll
Event: 0.185 Loaded shared library C:\Users\Administrator\.cursor\extensions\redhat.java-1.50.0-win32-x64\jre\21.0.9-win32-x86_64\bin\jimage.dll
Event: 0.252 Loaded shared library c:\Users\Administrator\.cursor\extensions\redhat.java-1.50.0-win32-x64\jre\21.0.9-win32-x86_64\bin\verify.dll
Event: 1.001 Loaded shared library C:\Users\Administrator\AppData\Roaming\Cursor\User\globalStorage\redhat.java\1.50.0\config_win\org.eclipse.equinox.launcher\org.eclipse.equinox.launcher.win32.win32.x86_64_1.2.1400.v20250801-0854\eclipse_11916.dll
Event: 2.208 Loaded shared library C:\Users\Administrator\AppData\Local\Temp\jna-146731693\jna2916029717675970013.dll

Deoptimization events (20 events):
Event: 7.802 Thread 0x00000226c80335d0 DEOPT PACKING pc=0x00000226e60f0cb9 sp=0x0000007c6a0fddd0
Event: 7.802 Thread 0x00000226c80335d0 DEOPT UNPACKING pc=0x00000226ecf94242 sp=0x0000007c6a0fd2d0 mode 0
Event: 7.869 Thread 0x00000226c80335d0 DEOPT PACKING pc=0x00000226e60f0cb9 sp=0x0000007c6a0fdd70
Event: 7.869 Thread 0x00000226c80335d0 DEOPT UNPACKING pc=0x00000226ecf94242 sp=0x0000007c6a0fd270 mode 0
Event: 7.873 Thread 0x00000226c80335d0 DEOPT PACKING pc=0x00000226e6609546 sp=0x0000007c6a0fd7a0
Event: 7.873 Thread 0x00000226c80335d0 DEOPT UNPACKING pc=0x00000226ecf94242 sp=0x0000007c6a0fcd20 mode 0
Event: 7.916 Thread 0x00000226c80335d0 Uncommon trap: trap_request=0xffffff45 fr.pc=0x00000226ed97a9a4 relative=0x0000000000001ae4
Event: 7.916 Thread 0x00000226c80335d0 Uncommon trap: reason=unstable_if action=reinterpret pc=0x00000226ed97a9a4 method=sun.nio.cs.StreamDecoder.lockedRead([CII)I @ 165 c2
Event: 7.916 Thread 0x00000226c80335d0 DEOPT PACKING pc=0x00000226ed97a9a4 sp=0x0000007c6a0fe4f0
Event: 7.916 Thread 0x00000226c80335d0 DEOPT UNPACKING pc=0x00000226ecf93aa2 sp=0x0000007c6a0fe3e8 mode 2
Event: 7.936 Thread 0x00000226c80335d0 DEOPT PACKING pc=0x00000226e677e167 sp=0x0000007c6a0fd920
Event: 7.936 Thread 0x00000226c80335d0 DEOPT UNPACKING pc=0x00000226ecf94242 sp=0x0000007c6a0fce90 mode 0
Event: 7.940 Thread 0x00000226fd85d590 DEOPT PACKING pc=0x00000226e63f67fd sp=0x0000007c676fed60
Event: 7.940 Thread 0x00000226fd85d590 DEOPT UNPACKING pc=0x00000226ecf94242 sp=0x0000007c676fe240 mode 0
Event: 7.940 Thread 0x00000226c80335d0 DEOPT PACKING pc=0x00000226e60f0cb9 sp=0x0000007c6a0fddd0
Event: 7.940 Thread 0x00000226c80335d0 DEOPT UNPACKING pc=0x00000226ecf94242 sp=0x0000007c6a0fd2d0 mode 0
Event: 7.974 Thread 0x00000226c80335d0 Uncommon trap: trap_request=0xffffff45 fr.pc=0x00000226ed8f4604 relative=0x0000000000000504
Event: 7.974 Thread 0x00000226c80335d0 Uncommon trap: reason=unstable_if action=reinterpret pc=0x00000226ed8f4604 method=java.util.TreeMap.put(Ljava/lang/Object;Ljava/lang/Object;Z)Ljava/lang/Object; @ 27 c2
Event: 7.974 Thread 0x00000226c80335d0 DEOPT PACKING pc=0x00000226ed8f4604 sp=0x0000007c6a0fd850
Event: 7.974 Thread 0x00000226c80335d0 DEOPT UNPACKING pc=0x00000226ecf93aa2 sp=0x0000007c6a0fd7c0 mode 2

Classes loaded (20 events):
Event: 5.416 Loading class java/util/concurrent/ArrayBlockingQueue
Event: 5.417 Loading class java/util/concurrent/ArrayBlockingQueue done
Event: 7.610 Loading class java/net/HttpURLConnection
Event: 7.611 Loading class java/net/HttpURLConnection done
Event: 7.612 Loading class sun/security/provider/MD5
Event: 7.612 Loading class sun/security/provider/MD5 done
Event: 7.613 Loading class sun/security/provider/ByteArrayAccess$LE
Event: 7.613 Loading class sun/security/provider/ByteArrayAccess$LE done
Event: 7.626 Loading class java/io/FileFilter
Event: 7.626 Loading class java/io/FileFilter done
Event: 7.647 Loading class sun/misc/Unsafe
Event: 7.647 Loading class sun/misc/Unsafe done
Event: 7.683 Loading class java/util/concurrent/ConcurrentHashMap$ValueSpliterator
Event: 7.683 Loading class java/util/concurrent/ConcurrentHashMap$ValueSpliterator done
Event: 7.685 Loading class jdk/internal/loader/BootLoader$PackageHelper
Event: 7.686 Loading class jdk/internal/loader/BootLoader$PackageHelper done
Event: 7.970 Loading class sun/reflect/annotation/AnnotatedTypeFactory$AnnotatedParameterizedTypeImpl
Event: 7.970 Loading class java/lang/reflect/AnnotatedParameterizedType
Event: 7.970 Loading class java/lang/reflect/AnnotatedParameterizedType done
Event: 7.970 Loading class sun/reflect/annotation/AnnotatedTypeFactory$AnnotatedParameterizedTypeImpl done

Classes unloaded (20 events):
Event: 2.509 Thread 0x00000226e298e980 Unloading class 0x00000226811a4800 'java/lang/invoke/LambdaForm$MH+0x00000226811a4800'
Event: 2.509 Thread 0x00000226e298e980 Unloading class 0x00000226811a4400 'java/lang/invoke/LambdaForm$MH+0x00000226811a4400'
Event: 2.509 Thread 0x00000226e298e980 Unloading class 0x00000226811a4000 'java/lang/invoke/LambdaForm$MH+0x00000226811a4000'
Event: 2.509 Thread 0x00000226e298e980 Unloading class 0x00000226811a3c00 'java/lang/invoke/LambdaForm$MH+0x00000226811a3c00'
Event: 2.509 Thread 0x00000226e298e980 Unloading class 0x00000226811a3800 'java/lang/invoke/LambdaForm$BMH+0x00000226811a3800'
Event: 2.509 Thread 0x00000226e298e980 Unloading class 0x00000226811a3400 'java/lang/invoke/LambdaForm$DMH+0x00000226811a3400'
Event: 2.509 Thread 0x00000226e298e980 Unloading class 0x00000226811a2400 'java/lang/invoke/LambdaForm$DMH+0x00000226811a2400'
Event: 3.826 Thread 0x00000226e298e980 Unloading class 0x0000022681398000 'java/lang/invoke/LambdaForm$MH+0x0000022681398000'
Event: 3.826 Thread 0x00000226e298e980 Unloading class 0x0000022681397400 'java/lang/invoke/LambdaForm$MH+0x0000022681397400'
Event: 3.826 Thread 0x00000226e298e980 Unloading class 0x0000022681396c00 'java/lang/invoke/LambdaForm$MH+0x0000022681396c00'
Event: 3.826 Thread 0x00000226e298e980 Unloading class 0x0000022681396400 'java/lang/invoke/LambdaForm$MH+0x0000022681396400'
Event: 3.826 Thread 0x00000226e298e980 Unloading class 0x0000022681396000 'java/lang/invoke/LambdaForm$DMH+0x0000022681396000'
Event: 3.826 Thread 0x00000226e298e980 Unloading class 0x000002268138a000 'java/lang/invoke/LambdaForm$MH+0x000002268138a000'
Event: 3.826 Thread 0x00000226e298e980 Unloading class 0x0000022681389800 'java/lang/invoke/LambdaForm$MH+0x0000022681389800'
Event: 3.826 Thread 0x00000226e298e980 Unloading class 0x0000022681389400 'java/lang/invoke/LambdaForm$MH+0x0000022681389400'
Event: 3.826 Thread 0x00000226e298e980 Unloading class 0x0000022681388800 'java/lang/invoke/LambdaForm$MH+0x0000022681388800'
Event: 3.826 Thread 0x00000226e298e980 Unloading class 0x0000022681388000 'java/lang/invoke/LambdaForm$MH+0x0000022681388000'
Event: 3.826 Thread 0x00000226e298e980 Unloading class 0x0000022681381800 'java/lang/invoke/LambdaForm$MH+0x0000022681381800'
Event: 3.826 Thread 0x00000226e298e980 Unloading class 0x0000022681381000 'java/lang/invoke/LambdaForm$MH+0x0000022681381000'
Event: 3.826 Thread 0x00000226e298e980 Unloading class 0x0000022681380c00 'java/lang/invoke/LambdaForm$MH+0x0000022681380c00'

Classes redefined (0 events):
No events

Internal exceptions (20 events):
Event: 3.591 Thread 0x00000226fdb65b90 Exception <a 'java/lang/NoSuchMethodError'{0x00000000d5bef690}: 'int java.lang.invoke.Invokers$Holder.linkToTargetMethod(java.lang.Object, java.lang.Object)'> (0x00000000d5bef690) 
thrown [s\src\hotspot\share\interpreter\linkResolver.cpp, line 773]
Event: 3.595 Thread 0x00000226fdb65b90 Exception <a 'java/lang/NoSuchMethodError'{0x00000000d5c324a0}: 'java.lang.Object java.lang.invoke.DirectMethodHandle$Holder.invokeStatic(java.lang.Object, int, java.lang.Object, java.lang.Object)'> (0x00000000d5c324a0) 
thrown [s\src\hotspot\share\interpreter\linkResolver.cpp, line 773]
Event: 3.596 Thread 0x00000226fdb65b90 Exception <a 'java/lang/NoSuchMethodError'{0x00000000d5c35ca0}: 'java.lang.Object java.lang.invoke.DelegatingMethodHandle$Holder.delegate(java.lang.Object, int, java.lang.Object, java.lang.Object)'> (0x00000000d5c35ca0) 
thrown [s\src\hotspot\share\interpreter\linkResolver.cpp, line 773]
Event: 3.598 Thread 0x00000226fdb65b90 Implicit null exception at 0x00000226ed8fd652 to 0x00000226ed8fd924
Event: 3.600 Thread 0x00000226fdb65b90 Exception <a 'java/lang/NoSuchMethodError'{0x00000000d5cb4a70}: 'int java.lang.invoke.Invokers$Holder.linkToTargetMethod(java.lang.Object, java.lang.Object, java.lang.Object)'> (0x00000000d5cb4a70) 
thrown [s\src\hotspot\share\interpreter\linkResolver.cpp, line 773]
Event: 3.651 Thread 0x00000226c64c6500 Exception <a 'java/lang/NoSuchMethodError'{0x00000000d61e2b30}: 'java.lang.Object java.lang.invoke.DirectMethodHandle$Holder.invokeSpecialIFC(java.lang.Object, java.lang.Object, java.lang.Object, java.lang.Object)'> (0x00000000d61e2b30) 
thrown [s\src\hotspot\share\interpreter\linkResolver.cpp, line 773]
Event: 3.659 Thread 0x00000226fd85cf00 Exception <a 'java/io/FileNotFoundException'{0x00000000d6271bd8}> (0x00000000d6271bd8) 
thrown [s\src\hotspot\share\prims\jni.cpp, line 520]
Event: 3.977 Thread 0x00000226c64c8c60 Exception <a 'java/lang/NoSuchMethodError'{0x00000000d65dcb10}: 'void java.lang.invoke.DirectMethodHandle$Holder.invokeStaticInit(java.lang.Object, java.lang.Object, java.lang.Object)'> (0x00000000d65dcb10) 
thrown [s\src\hotspot\share\interpreter\linkResolver.cpp, line 773]
Event: 3.990 Thread 0x00000226fdb668b0 Exception <a 'java/lang/NoSuchMethodError'{0x00000000d68946f0}: 'void java.lang.invoke.DirectMethodHandle$Holder.invokeStaticInit(java.lang.Object, java.lang.Object, java.lang.Object, java.lang.Object)'> (0x00000000d68946f0) 
thrown [s\src\hotspot\share\interpreter\linkResolver.cpp, line 773]
Event: 4.120 Thread 0x00000226fd85c870 Exception <a 'java/io/FileNotFoundException'{0x00000000d6234d38}> (0x00000000d6234d38) 
thrown [s\src\hotspot\share\prims\jni.cpp, line 520]
Event: 4.120 Thread 0x00000226fd85c870 Exception <a 'java/io/FileNotFoundException'{0x00000000d6236180}> (0x00000000d6236180) 
thrown [s\src\hotspot\share\prims\jni.cpp, line 520]
Event: 4.120 Thread 0x00000226fd85c870 Exception <a 'java/io/FileNotFoundException'{0x00000000d62371c0}> (0x00000000d62371c0) 
thrown [s\src\hotspot\share\prims\jni.cpp, line 520]
Event: 4.120 Thread 0x00000226e28eb860 Exception <a 'java/lang/NoSuchMethodError'{0x00000000d6291520}: 'void java.lang.invoke.DirectMethodHandle$Holder.invokeSpecial(java.lang.Object, java.lang.Object, java.lang.Object, java.lang.Object, java.lang.Object, java.lang.Object)'> (0x00000000d6291520) 
thrown [s\src\hotspot\share\interpreter\linkResolver.cpp, line 773]
Event: 4.123 Thread 0x00000226e28eb860 Exception <a 'java/lang/IncompatibleClassChangeError'{0x00000000d62b1350}: Found class java.lang.Object, but interface was expected> (0x00000000d62b1350) 
thrown [s\src\hotspot\share\interpreter\linkResolver.cpp, line 840]
Event: 4.124 Thread 0x00000226e28eb860 Exception <a 'java/lang/IncompatibleClassChangeError'{0x00000000d62b30f8}: Found class java.lang.Object, but interface was expected> (0x00000000d62b30f8) 
thrown [s\src\hotspot\share\interpreter\linkResolver.cpp, line 840]
Event: 4.217 Thread 0x00000226c64c8c60 Exception <a 'java/lang/NoSuchMethodError'{0x00000000d69d0e30}: 'java.lang.Object java.lang.invoke.DirectMethodHandle$Holder.invokeVirtual(java.lang.Object, java.lang.Object, java.lang.Object, java.lang.Object)'> (0x00000000d69d0e30) 
thrown [s\src\hotspot\share\interpreter\linkResolver.cpp, line 773]
Event: 5.232 Thread 0x00000226c64c8c60 Exception <a 'java/lang/NoSuchMethodError'{0x00000000d55825f8}: 'java.lang.Object java.lang.invoke.DirectMethodHandle$Holder.invokeVirtual(java.lang.Object, java.lang.Object, java.lang.Object, java.lang.Object, java.lang.Object)'> (0x00000000d55825f8) 
thrown [s\src\hotspot\share\interpreter\linkResolver.cpp, line 773]
Event: 5.306 Thread 0x00000226e28eb860 Implicit null exception at 0x00000226ed6fd5ba to 0x00000226ed6fd5f4
Event: 5.354 Thread 0x00000226c64c6500 Exception <a 'java/lang/NoClassDefFoundError'{0x00000000d6116950}: javax/enterprise/inject/Typed> (0x00000000d6116950) 
thrown [s\src\hotspot\share\classfile\systemDictionary.cpp, line 301]
Event: 7.613 Thread 0x00000226c80335d0 Implicit null exception at 0x00000226ed76831b to 0x00000226ed76856c

ZGC Phase Switch (0 events):
No events

VM Operations (20 events):
Event: 4.048 Executing VM operation: HandshakeAllThreads (Deoptimize) done
Event: 4.141 Executing VM operation: HandshakeAllThreads (Deoptimize)
Event: 4.141 Executing VM operation: HandshakeAllThreads (Deoptimize) done
Event: 4.309 Executing VM operation: ParallelGCFailedAllocation (Allocation Failure)
Event: 5.232 Executing VM operation: ParallelGCFailedAllocation (Allocation Failure) done
Event: 5.329 Executing VM operation: HandshakeAllThreads (Deoptimize)
Event: 5.329 Executing VM operation: HandshakeAllThreads (Deoptimize) done
Event: 5.457 Executing VM operation: ParallelGCFailedAllocation (Allocation Failure)
Event: 5.459 Executing VM operation: ParallelGCFailedAllocation (Allocation Failure) done
Event: 6.459 Executing VM operation: Cleanup
Event: 6.505 Executing VM operation: Cleanup done
Event: 7.506 Executing VM operation: Cleanup
Event: 7.507 Executing VM operation: Cleanup done
Event: 7.507 Executing VM operation: HandshakeAllThreads (Deoptimize)
Event: 7.507 Executing VM operation: HandshakeAllThreads (Deoptimize) done
Event: 7.672 Executing VM operation: HandshakeAllThreads (Deoptimize)
Event: 7.672 Executing VM operation: HandshakeAllThreads (Deoptimize) done
Event: 7.779 Executing VM operation: ParallelGCFailedAllocation (Allocation Failure)
Event: 7.782 Executing VM operation: ParallelGCFailedAllocation (Allocation Failure) done
Event: 8.798 Executing VM operation: Cleanup

Memory protections (0 events):
No events

Nmethod flushes (20 events):
Event: 3.841 Thread 0x00000226e298e980 flushing  nmethod 0x00000226e6165410
Event: 3.841 Thread 0x00000226e298e980 flushing  nmethod 0x00000226e6184890
Event: 3.841 Thread 0x00000226e298e980 flushing  nmethod 0x00000226e61b6a10
Event: 3.841 Thread 0x00000226e298e980 flushing  nmethod 0x00000226e61b9c90
Event: 3.841 Thread 0x00000226e298e980 flushing  nmethod 0x00000226e61ee190
Event: 3.841 Thread 0x00000226e298e980 flushing  nmethod 0x00000226e61ee590
Event: 3.841 Thread 0x00000226e298e980 flushing  nmethod 0x00000226e61eee90
Event: 3.841 Thread 0x00000226e298e980 flushing  nmethod 0x00000226e61f0490
Event: 3.841 Thread 0x00000226e298e980 flushing  nmethod 0x00000226e61f0890
Event: 3.841 Thread 0x00000226e298e980 flushing  nmethod 0x00000226e61f0d90
Event: 3.841 Thread 0x00000226e298e980 flushing  nmethod 0x00000226e61f1990
Event: 3.841 Thread 0x00000226e298e980 flushing  nmethod 0x00000226e61f1e90
Event: 3.841 Thread 0x00000226e298e980 flushing  nmethod 0x00000226e61f3390
Event: 3.841 Thread 0x00000226e298e980 flushing  nmethod 0x00000226e61f5a90
Event: 3.841 Thread 0x00000226e298e980 flushing  nmethod 0x00000226e61f6790
Event: 3.841 Thread 0x00000226e298e980 flushing  nmethod 0x00000226e61f8210
Event: 3.841 Thread 0x00000226e298e980 flushing  nmethod 0x00000226e623c690
Event: 3.841 Thread 0x00000226e298e980 flushing  nmethod 0x00000226e623d190
Event: 3.841 Thread 0x00000226e298e980 flushing  nmethod 0x00000226e625d010
Event: 3.841 Thread 0x00000226e298e980 flushing  nmethod 0x00000226e6264a10

Events (20 events):
Event: 3.569 Thread 0x00000226e28eb860 Thread added: 0x00000226c64c85d0
Event: 3.569 Thread 0x00000226c64c6500 Thread added: 0x00000226c64c8c60
Event: 3.569 Thread 0x00000226e28eb860 Thread added: 0x00000226c64c78b0
Event: 3.569 Thread 0x00000226e28eb860 Thread added: 0x00000226c64c92f0
Event: 3.570 Thread 0x00000226e28eb860 Thread added: 0x00000226c64c9980
Event: 3.570 Thread 0x00000226e28eb860 Thread added: 0x00000226c64ca010
Event: 3.570 Thread 0x00000226e28eb860 Thread added: 0x00000226c64ca6a0
Event: 3.570 Thread 0x00000226e28eb860 Thread added: 0x00000226c64c7220
Event: 3.594 Thread 0x00000226e28eb860 Thread added: 0x00000226c64cad30
Event: 3.693 Thread 0x00000226e29ad3a0 Thread added: 0x00000226c6daa7d0
Event: 3.755 Thread 0x00000226c64c8c60 Thread added: 0x00000226c8030150
Event: 3.773 Thread 0x00000226fa910f20 Thread added: 0x00000226fe3f4f70
Event: 3.970 Thread 0x00000226c64c8c60 Thread added: 0x00000226c8031500
Event: 3.999 Thread 0x00000226c64c8c60 Thread added: 0x00000226c80307e0
Event: 4.182 Thread 0x00000226e28eb860 Thread added: 0x00000226c8030e70
Event: 4.183 Thread 0x00000226e28eb860 Thread added: 0x00000226c8035010
Event: 5.232 Thread 0x00000226fa910f20 Thread exited: 0x00000226fa910f20
Event: 5.255 Thread 0x00000226fa7b70e0 Thread added: 0x00000226c5dc5800
Event: 5.276 Thread 0x00000226e29ad3a0 Thread added: 0x00000226c8ae5390
Event: 5.474 Thread 0x00000226c64c8c60 Thread added: 0x00000226c80335d0


Dynamic libraries:
0x00007ff6c5160000 - 0x00007ff6c516e000 	c:\Users\Administrator\.cursor\extensions\redhat.java-1.50.0-win32-x64\jre\21.0.9-win32-x86_64\bin\java.exe
0x00007ff922560000 - 0x00007ff9227c7000 	C:\WINDOWS\SYSTEM32\ntdll.dll
0x00007ff9215f0000 - 0x00007ff9216b9000 	C:\WINDOWS\System32\KERNEL32.DLL
0x00007ff91f9f0000 - 0x00007ff91fde0000 	C:\WINDOWS\System32\KERNELBASE.dll
0x00007ff91fee0000 - 0x00007ff92002b000 	C:\WINDOWS\System32\ucrtbase.dll
0x00007ff8ed950000 - 0x00007ff8ed968000 	c:\Users\Administrator\.cursor\extensions\redhat.java-1.50.0-win32-x64\jre\21.0.9-win32-x86_64\bin\jli.dll
0x00007ff8edc10000 - 0x00007ff8edc2e000 	c:\Users\Administrator\.cursor\extensions\redhat.java-1.50.0-win32-x64\jre\21.0.9-win32-x86_64\bin\VCRUNTIME140.dll
0x00007ff920330000 - 0x00007ff9204f5000 	C:\WINDOWS\System32\USER32.dll
0x00007ff90aa60000 - 0x00007ff90acfa000 	C:\WINDOWS\WinSxS\amd64_microsoft.windows.common-controls_6595b64144ccf1df_6.0.26100.4768_none_3e0c112ce331287c\COMCTL32.dll
0x00007ff920600000 - 0x00007ff9206a9000 	C:\WINDOWS\System32\msvcrt.dll
0x00007ff91feb0000 - 0x00007ff91fed7000 	C:\WINDOWS\System32\win32u.dll
0x00007ff9224f0000 - 0x00007ff92251b000 	C:\WINDOWS\System32\GDI32.dll
0x00007ff920030000 - 0x00007ff920168000 	C:\WINDOWS\System32\gdi32full.dll
0x00007ff91f7c0000 - 0x00007ff91f863000 	C:\WINDOWS\System32\msvcp_win.dll
0x00007ff920cb0000 - 0x00007ff920cdf000 	C:\WINDOWS\System32\IMM32.DLL
0x00007ff901f60000 - 0x00007ff901f6c000 	c:\Users\Administrator\.cursor\extensions\redhat.java-1.50.0-win32-x64\jre\21.0.9-win32-x86_64\bin\vcruntime140_1.dll
0x00007ff8d9690000 - 0x00007ff8d971d000 	c:\Users\Administrator\.cursor\extensions\redhat.java-1.50.0-win32-x64\jre\21.0.9-win32-x86_64\bin\msvcp140.dll
0x00007ff8c6f20000 - 0x00007ff8c7cc0000 	c:\Users\Administrator\.cursor\extensions\redhat.java-1.50.0-win32-x64\jre\21.0.9-win32-x86_64\bin\server\jvm.dll
0x00007ff9210a0000 - 0x00007ff921154000 	C:\WINDOWS\System32\ADVAPI32.dll
0x00007ff9217c0000 - 0x00007ff921866000 	C:\WINDOWS\System32\sechost.dll
0x00007ff921870000 - 0x00007ff921988000 	C:\WINDOWS\System32\RPCRT4.dll
0x00007ff921cb0000 - 0x00007ff921d24000 	C:\WINDOWS\System32\WS2_32.dll
0x00007ff91f4f0000 - 0x00007ff91f54e000 	C:\WINDOWS\SYSTEM32\POWRPROF.dll
0x00007ff90de50000 - 0x00007ff90de5b000 	C:\WINDOWS\SYSTEM32\VERSION.dll
0x00007ff9176d0000 - 0x00007ff917705000 	C:\WINDOWS\SYSTEM32\WINMM.dll
0x00007ff91f4d0000 - 0x00007ff91f4e4000 	C:\WINDOWS\SYSTEM32\UMPDC.dll
0x00007ff91e3d0000 - 0x00007ff91e3eb000 	C:\WINDOWS\SYSTEM32\kernel.appcore.dll
0x00007ff8fef80000 - 0x00007ff8fef8a000 	c:\Users\Administrator\.cursor\extensions\redhat.java-1.50.0-win32-x64\jre\21.0.9-win32-x86_64\bin\jimage.dll
0x00007ff8fffc0000 - 0x00007ff900201000 	C:\WINDOWS\SYSTEM32\DBGHELP.DLL
0x00007ff921170000 - 0x00007ff9214f5000 	C:\WINDOWS\System32\combase.dll
0x00007ff921500000 - 0x00007ff9215e0000 	C:\WINDOWS\System32\OLEAUT32.dll
0x00007ff8ffe90000 - 0x00007ff8ffed3000 	C:\WINDOWS\SYSTEM32\dbgcore.DLL
0x00007ff91f690000 - 0x00007ff91f729000 	C:\WINDOWS\System32\bcryptPrimitives.dll
0x00007ff8fd100000 - 0x00007ff8fd10f000 	c:\Users\Administrator\.cursor\extensions\redhat.java-1.50.0-win32-x64\jre\21.0.9-win32-x86_64\bin\instrument.dll
0x00007ff8e10e0000 - 0x00007ff8e1100000 	c:\Users\Administrator\.cursor\extensions\redhat.java-1.50.0-win32-x64\jre\21.0.9-win32-x86_64\bin\java.dll
0x00007ff921da0000 - 0x00007ff9224ed000 	C:\WINDOWS\System32\SHELL32.dll
0x00007ff91f870000 - 0x00007ff91f9e3000 	C:\WINDOWS\System32\wintypes.dll
0x00007ff91d250000 - 0x00007ff91daaf000 	C:\WINDOWS\SYSTEM32\windows.storage.dll
0x00007ff9216c0000 - 0x00007ff9217b5000 	C:\WINDOWS\System32\SHCORE.dll
0x00007ff921d30000 - 0x00007ff921d9a000 	C:\WINDOWS\System32\shlwapi.dll
0x00007ff91f5b0000 - 0x00007ff91f5d9000 	C:\WINDOWS\SYSTEM32\profapi.dll
0x00007ff8e0fa0000 - 0x00007ff8e0fb8000 	c:\Users\Administrator\.cursor\extensions\redhat.java-1.50.0-win32-x64\jre\21.0.9-win32-x86_64\bin\zip.dll
0x00007ff8fe130000 - 0x00007ff8fe140000 	C:\Users\Administrator\.cursor\extensions\redhat.java-1.50.0-win32-x64\jre\21.0.9-win32-x86_64\bin\net.dll
0x00007ff918f80000 - 0x00007ff91909e000 	C:\WINDOWS\SYSTEM32\WINHTTP.dll
0x00007ff91e940000 - 0x00007ff91e9ab000 	C:\WINDOWS\system32\mswsock.dll
0x00007ff8e0f80000 - 0x00007ff8e0f96000 	C:\Users\Administrator\.cursor\extensions\redhat.java-1.50.0-win32-x64\jre\21.0.9-win32-x86_64\bin\nio.dll
0x00007ff8f8d20000 - 0x00007ff8f8d30000 	c:\Users\Administrator\.cursor\extensions\redhat.java-1.50.0-win32-x64\jre\21.0.9-win32-x86_64\bin\verify.dll
0x00007ff8d8f90000 - 0x00007ff8d8fd4000 	C:\Users\Administrator\AppData\Roaming\Cursor\User\globalStorage\redhat.java\1.50.0\config_win\org.eclipse.equinox.launcher\org.eclipse.equinox.launcher.win32.win32.x86_64_1.2.1400.v20250801-0854\eclipse_11916.dll
0x00007ff920ef0000 - 0x00007ff921090000 	C:\WINDOWS\System32\ole32.dll
0x00007ff91ed20000 - 0x00007ff91ed3b000 	C:\WINDOWS\SYSTEM32\CRYPTSP.dll
0x00007ff91e330000 - 0x00007ff91e36b000 	C:\WINDOWS\system32\rsaenh.dll
0x00007ff91e9e0000 - 0x00007ff91ea0b000 	C:\WINDOWS\SYSTEM32\USERENV.dll
0x00007ff91f580000 - 0x00007ff91f5a6000 	C:\WINDOWS\SYSTEM32\bcrypt.dll
0x00007ff91eb80000 - 0x00007ff91eb8c000 	C:\WINDOWS\SYSTEM32\CRYPTBASE.dll
0x00007ff91ddc0000 - 0x00007ff91ddf3000 	C:\WINDOWS\SYSTEM32\IPHLPAPI.DLL
0x00007ff920320000 - 0x00007ff92032a000 	C:\WINDOWS\System32\NSI.dll
0x00007ff8d71a0000 - 0x00007ff8d71e9000 	C:\Users\Administrator\AppData\Local\Temp\jna-146731693\jna2916029717675970013.dll
0x00007ff920ee0000 - 0x00007ff920ee8000 	C:\WINDOWS\System32\PSAPI.DLL
0x00007ff918f30000 - 0x00007ff918f4f000 	C:\WINDOWS\SYSTEM32\dhcpcsvc6.DLL
0x00007ff918d40000 - 0x00007ff918d65000 	C:\WINDOWS\SYSTEM32\dhcpcsvc.DLL

JVMTI agents:
c:\Users\Administrator\.cursor\extensions\redhat.java-1.50.0-win32-x64\lombok\lombok-1.18.39-4050.jar path:c:\Users\Administrator\.cursor\extensions\redhat.java-1.50.0-win32-x64\jre\21.0.9-win32-x86_64\bin\instrument.dll, loaded, initialized, instrumentlib options:none

dbghelp: loaded successfully - version: 4.0.5 - missing functions: none
symbol engine: initialized successfully - sym options: 0x614 - pdb path: .;c:\Users\Administrator\.cursor\extensions\redhat.java-1.50.0-win32-x64\jre\21.0.9-win32-x86_64\bin;C:\WINDOWS\SYSTEM32;C:\WINDOWS\WinSxS\amd64_microsoft.windows.common-controls_6595b64144ccf1df_6.0.26100.4768_none_3e0c112ce331287c;c:\Users\Administrator\.cursor\extensions\redhat.java-1.50.0-win32-x64\jre\21.0.9-win32-x86_64\bin\server;C:\Users\Administrator\AppData\Roaming\Cursor\User\globalStorage\redhat.java\1.50.0\config_win\org.eclipse.equinox.launcher\org.eclipse.equinox.launcher.win32.win32.x86_64_1.2.1400.v20250801-0854;C:\Users\Administrator\AppData\Local\Temp\jna-146731693

VM Arguments:
jvm_args: --add-modules=ALL-SYSTEM --add-opens=java.base/java.util=ALL-UNNAMED --add-opens=java.base/java.lang=ALL-UNNAMED --add-opens=java.base/sun.nio.fs=ALL-UNNAMED -Declipse.application=org.eclipse.jdt.ls.core.id1 -Dosgi.bundles.defaultStartLevel=4 -Declipse.product=org.eclipse.jdt.ls.core.product -Djava.import.generatesMetadataFilesAtProjectRoot=false -DDetectVMInstallationsJob.disabled=true -Dfile.encoding=utf8 -XX:+UseParallelGC -XX:GCTimeRatio=4 -XX:AdaptiveSizePolicyWeight=90 -Dsun.zip.disableMemoryMapping=true -Xmx2G -Xms100m -Xlog:disable -javaagent:c:\Users\Administrator\.cursor\extensions\redhat.java-1.50.0-win32-x64\lombok\lombok-1.18.39-4050.jar -XX:+HeapDumpOnOutOfMemoryError -XX:HeapDumpPath=c:\Users\Administrator\AppData\Roaming\Cursor\User\workspaceStorage\7274447d711de68e1ab5607ae122bbb9\redhat.java -Daether.dependencyCollector.impl=bf 
java_command: c:\Users\Administrator\.cursor\extensions\redhat.java-1.50.0-win32-x64\server\plugins\org.eclipse.equinox.launcher_1.7.100.v20251111-0406.jar -configuration c:\Users\Administrator\AppData\Roaming\Cursor\User\globalStorage\redhat.java\1.50.0\config_win -data c:\Users\Administrator\AppData\Roaming\Cursor\User\workspaceStorage\7274447d711de68e1ab5607ae122bbb9\redhat.java\jdt_ws --pipe=\\.\pipe\lsp-28f204211b5b6d45a11c0e88823b28df-sock
java_class_path (initial): c:\Users\Administrator\.cursor\extensions\redhat.java-1.50.0-win32-x64\server\plugins\org.eclipse.equinox.launcher_1.7.100.v20251111-0406.jar
Launcher Type: SUN_STANDARD

[Global flags]
    uintx AdaptiveSizePolicyWeight                 = 90                                        {product} {command line}
     intx CICompilerCount                          = 12                                        {product} {ergonomic}
    uintx GCTimeRatio                              = 4                                         {product} {command line}
     bool HeapDumpOnOutOfMemoryError               = true                                   {manageable} {command line}
    ccstr HeapDumpPath                             = c:\Users\Administrator\AppData\Roaming\Cursor\User\workspaceStorage\7274447d711de68e1ab5607ae122bbb9\redhat.java         {manageable} {command line}
   size_t InitialHeapSize                          = 104857600                                 {product} {command line}
   size_t MaxHeapSize                              = 2147483648                                {product} {command line}
   size_t MaxNewSize                               = 715653120                                 {product} {ergonomic}
   size_t MinHeapDeltaBytes                        = 524288                                    {product} {ergonomic}
   size_t MinHeapSize                              = 104857600                                 {product} {command line}
   size_t NewSize                                  = 34603008                                  {product} {ergonomic}
    uintx NonNMethodCodeHeapSize                   = 7602480                                {pd product} {ergonomic}
    uintx NonProfiledCodeHeapSize                  = 122027880                              {pd product} {ergonomic}
   size_t OldSize                                  = 70254592                                  {product} {ergonomic}
    uintx ProfiledCodeHeapSize                     = 122027880                              {pd product} {ergonomic}
    uintx ReservedCodeCacheSize                    = 251658240                              {pd product} {ergonomic}
     bool SegmentedCodeCache                       = true                                      {product} {ergonomic}
   size_t SoftMaxHeapSize                          = 2147483648                             {manageable} {ergonomic}
     bool UseCompressedOops                        = true                           {product lp64_product} {ergonomic}
     bool UseLargePagesIndividualAllocation        = false                                  {pd product} {ergonomic}
     bool UseParallelGC                            = true                                      {product} {command line}

Logging:
Log output configuration:
 #0: stdout all=off uptime,level,tags foldmultilines=false
 #1: stderr all=off uptime,level,tags foldmultilines=false

Release file:
JAVA_VERSION="21.0.9" 
MODULES="java.base java.compiler java.datatransfer java.xml java.prefs java.desktop java.instrument java.logging java.management java.security.sasl java.naming java.rmi java.management.rmi java.net.http java.scripting java.security.jgss java.transaction.xa java.sql java.sql.rowset java.xml.crypto java.se java.smartcardio jdk.accessibility jdk.internal.jvmstat jdk.attach jdk.charsets jdk.internal.opt jdk.zipfs jdk.compiler jdk.crypto.ec jdk.crypto.cryptoki jdk.crypto.mscapi jdk.dynalink jdk.internal.ed jdk.editpad jdk.hotspot.agent jdk.httpserver jdk.internal.le jdk.internal.vm.ci jdk.internal.vm.compiler jdk.internal.vm.compiler.management jdk.jartool jdk.javadoc jdk.jcmd jdk.management jdk.management.agent jdk.jconsole jdk.jdeps jdk.jdwp.agent jdk.jdi jdk.jfr jdk.jshell jdk.jsobject jdk.jstatd jdk.localedata jdk.management.jfr jdk.naming.dns jdk.naming.rmi jdk.net jdk.nio.mapmode jdk.random jdk.sctp jdk.security.auth jdk.security.jgss jdk.unsupported jdk.unsupported.desktop jdk.xml.dom" 

Environment Variables:
JAVA_HOME=C:\Program Files\Amazon Corretto\jdk17.0.16_8
PATH=C:\Python313\Scripts\;C:\Python313\;C:\Program Files\Amazon Corretto\jdk17.0.16_8\bin;C:\WINDOWS\system32;C:\WINDOWS;C:\WINDOWS\System32\Wbem;C:\WINDOWS\System32\WindowsPowerShell\v1.0\;C:\WINDOWS\System32\OpenSSH\;C:\Program Files\Docker\Docker\resources\bin;C:\Program Files\Git\cmd;C:\Program Files\Vagrant\bin;C:\Program Files\nodejs\;C:\ProgramData\chocolatey\bin;C:\Program Files\cursor\resources\app\bin;C:\Users\Administrator\AppData\Local\Microsoft\WindowsApps;;C:\Program Files\JetBrains\IntelliJ IDEA 2025.2.2\bin;C:\Users\Administrator\AppData\Local\SOOP;C:\Users\Administrator\AppData\Roaming\npm;C:\Users\Administrator\AppData\Local\Programs\Microsoft VS Code\bin
USERNAME=Administrator
OS=Windows_NT
PROCESSOR_IDENTIFIER=Intel64 Family 6 Model 151 Stepping 2, GenuineIntel
TMP=C:\Users\ADMINI~1\AppData\Local\Temp
TEMP=C:\Users\ADMINI~1\AppData\Local\Temp




Periodic native trim disabled

---------------  S Y S T E M  ---------------

OS:
 Windows 11 , 64 bit Build 26100 (10.0.26100.4768)
OS uptime: 6 days 22:26 hours
Hyper-V role detected

CPU: total 20 (initial active 20) (10 cores per cpu, 2 threads per core) family 6 model 151 stepping 2 microcode 0x36, cx8, cmov, fxsr, ht, mmx, 3dnowpref, sse, sse2, sse3, ssse3, sse4.1, sse4.2, popcnt, lzcnt, tsc, tscinvbit, avx, avx2, aes, erms, clmul, bmi1, bmi2, adx, sha, fma, vzeroupper, clflush, clflushopt, clwb, hv, serialize, rdtscp, rdpid, fsrm, f16c, cet_ibt, cet_ss
Processor Information for processor 0
  Max Mhz: 2100, Current Mhz: 2100, Mhz Limit: 2100
Processor Information for processor 1
  Max Mhz: 2100, Current Mhz: 2100, Mhz Limit: 2100
Processor Information for processor 2
  Max Mhz: 2100, Current Mhz: 2100, Mhz Limit: 2100
Processor Information for processor 3
  Max Mhz: 2100, Current Mhz: 2100, Mhz Limit: 2100
Processor Information for processor 4
  Max Mhz: 2100, Current Mhz: 2100, Mhz Limit: 2100
Processor Information for processor 5
  Max Mhz: 2100, Current Mhz: 2100, Mhz Limit: 2100
Processor Information for processor 6
  Max Mhz: 2100, Current Mhz: 2100, Mhz Limit: 2100
Processor Information for processor 7
  Max Mhz: 2100, Current Mhz: 2100, Mhz Limit: 2100
Processor Information for processor 8
  Max Mhz: 2100, Current Mhz: 2100, Mhz Limit: 2100
Processor Information for processor 9
  Max Mhz: 2100, Current Mhz: 2100, Mhz Limit: 2100
Processor Information for processor 10
  Max Mhz: 2100, Current Mhz: 2100, Mhz Limit: 2100
Processor Information for processor 11
  Max Mhz: 2100, Current Mhz: 2100, Mhz Limit: 2100
Processor Information for processor 12
  Max Mhz: 2100, Current Mhz: 2100, Mhz Limit: 2100
Processor Information for processor 13
  Max Mhz: 2100, Current Mhz: 2100, Mhz Limit: 2100
Processor Information for processor 14
  Max Mhz: 2100, Current Mhz: 2100, Mhz Limit: 2100
Processor Information for processor 15
  Max Mhz: 2100, Current Mhz: 2100, Mhz Limit: 2100
Processor Information for processor 16
  Max Mhz: 2100, Current Mhz: 1600, Mhz Limit: 1596
Processor Information for processor 17
  Max Mhz: 2100, Current Mhz: 1600, Mhz Limit: 1596
Processor Information for processor 18
  Max Mhz: 2100, Current Mhz: 1600, Mhz Limit: 1596
Processor Information for processor 19
  Max Mhz: 2100, Current Mhz: 1600, Mhz Limit: 1596

Memory: 4k page, system-wide physical 16068M (1539M free)
TotalPageFile size 46493M (AvailPageFile size 21M)
current process WorkingSet (physical memory assigned to process): 260M, peak: 262M
current process commit charge ("private bytes"): 402M, peak: 405M

vm_info: OpenJDK 64-Bit Server VM (21.0.9+10-LTS) for windows-amd64 JRE (21.0.9+10-LTS), built on 2025-10-21T00:00:00Z by "admin" with unknown MS VC++:1942

END.
