#
# There is insufficient memory for the Java Runtime Environment to continue.
# Native memory allocation (malloc) failed to allocate 1224016 bytes. Error detail: Chunk::new
# Possible reasons:
#   The system is out of physical RAM or swap space
#   This process is running with CompressedOops enabled, and the Java Heap may be blocking the growth of the native heap
# Possible solutions:
#   Reduce memory load on the system
#   Increase physical memory or swap space
#   Check if swap backing store is full
#   Decrease Java heap size (-Xmx/-Xms)
#   Decrease number of Java threads
#   Decrease Java thread stack sizes (-Xss)
#   Set larger code cache with -XX:ReservedCodeCacheSize=
#   JVM is running with Unscaled Compressed Oops mode in which the Java heap is
#     placed in the first 4GB address space. The Java Heap base address is the
#     maximum limit for the native heap growth. Please use -XX:HeapBaseMinAddress
#     to set the Java Heap base and to place the Java Heap above 4GB virtual address.
# This output file may be truncated or incomplete.
#
#  Out of Memory Error (arena.cpp:191), pid=6308, tid=8536
#
# JRE version: OpenJDK Runtime Environment Corretto-17.0.16.8.1 (17.0.16+8) (build 17.0.16+8-LTS)
# Java VM: OpenJDK 64-Bit Server VM Corretto-17.0.16.8.1 (17.0.16+8-LTS, mixed mode, sharing, tiered, compressed oops, compressed class ptrs, g1 gc, windows-amd64)
# No core dump will be written. Minidumps are not enabled by default on client versions of Windows
#

---------------  S U M M A R Y ------------

Command Line: --add-opens=java.base/java.lang=ALL-UNNAMED --add-opens=java.base/java.lang.invoke=ALL-UNNAMED --add-opens=java.base/java.util=ALL-UNNAMED --add-opens=java.prefs/java.util.prefs=ALL-UNNAMED --add-exports=jdk.compiler/com.sun.tools.javac.api=ALL-UNNAMED --add-exports=jdk.compiler/com.sun.tools.javac.util=ALL-UNNAMED --add-opens=java.base/java.util=ALL-UNNAMED --add-opens=java.prefs/java.util.prefs=ALL-UNNAMED --add-opens=java.base/java.nio.charset=ALL-UNNAMED --add-opens=java.base/java.net=ALL-UNNAMED --add-opens=java.base/java.util.concurrent.atomic=ALL-UNNAMED --add-opens=java.xml/javax.xml.namespace=ALL-UNNAMED -XX:MaxMetaspaceSize=384m -XX:+HeapDumpOnOutOfMemoryError -Xms256m -Xmx512m -Dfile.encoding=UTF-8 -Duser.country=KR -Duser.language=ko -Duser.variant -javaagent:C:\Users\Administrator\.gradle\wrapper\dists\gradle-8.14.3-bin\cv11ve7ro1n3o1j4so8xd9n66\gradle-8.14.3\lib\agents\gradle-instrumentation-agent-8.14.3.jar org.gradle.launcher.daemon.bootstrap.GradleDaemon 8.14.3

Host: 12th Gen Intel(R) Core(TM) i7-12700, 20 cores, 15G,  Windows 11 , 64 bit Build 26100 (10.0.26100.4768)
Time: Fri Dec  5 14:22:03 2025  Windows 11 , 64 bit Build 26100 (10.0.26100.4768) elapsed time: 20.485023 seconds (0d 0h 0m 20s)

---------------  T H R E A D  ---------------

Current thread (0x0000015d6edbf740):  JavaThread "C2 CompilerThread3" daemon [_thread_in_native, id=8536, stack(0x0000004a28c00000,0x0000004a28d00000)]


Current CompileTask:
C2:  20485 14722       4       groovyjarjarantlr4.v4.runtime.CommonTokenStream::adjustSeekIndex (10 bytes)

Stack: [0x0000004a28c00000,0x0000004a28d00000]
Native frames: (J=compiled Java code, j=interpreted, Vv=VM code, C=native code)
V  [jvm.dll+0x681329]
V  [jvm.dll+0x838dda]
V  [jvm.dll+0x83a89e]
V  [jvm.dll+0x83af03]
V  [jvm.dll+0x2484af]
V  [jvm.dll+0xaca34]
V  [jvm.dll+0xad07c]
V  [jvm.dll+0x2afb1f]
V  [jvm.dll+0x5877d7]
V  [jvm.dll+0x223252]
V  [jvm.dll+0x21c3ff]
V  [jvm.dll+0x219c61]
V  [jvm.dll+0x1a5a8d]
V  [jvm.dll+0x229a9d]
V  [jvm.dll+0x227c5c]
V  [jvm.dll+0x7edd17]
V  [jvm.dll+0x7e826c]
V  [jvm.dll+0x6801f7]
C  [ucrtbase.dll+0x37b0]
C  [KERNEL32.DLL+0x2e8d7]
C  [ntdll.dll+0x3c34c]


---------------  P R O C E S S  ---------------

Threads class SMR info:
_java_thread_list=0x0000015d6e3b94c0, length=76, elements={
0x0000015d347efce0, 0x0000015d502f5c00, 0x0000015d502f66d0, 0x0000015d503138c0,
0x0000015d503161a0, 0x0000015d50316a70, 0x0000015d50317340, 0x0000015d50318150,
0x0000015d50318a60, 0x0000015d50324880, 0x0000015d502dd760, 0x0000015d502dde40,
0x0000015d5043a5f0, 0x0000015d50594b90, 0x0000015d6af16290, 0x0000015d6b7affe0,
0x0000015d6b8eec60, 0x0000015d6b55d160, 0x0000015d6b269ba0, 0x0000015d6b26bf10,
0x0000015d6b26aad0, 0x0000015d6b26c930, 0x0000015d6b26d350, 0x0000015d6cfb2290,
0x0000015d6cfb0e50, 0x0000015d6cfb27a0, 0x0000015d6cfaeff0, 0x0000015d6cfb1870,
0x0000015d6ca41fd0, 0x0000015d6cfb1360, 0x0000015d6cfb1d80, 0x0000015d6d8b07b0,
0x0000015d6d8b02a0, 0x0000015d6d8b1bf0, 0x0000015d6d8b2100, 0x0000015d6d8b2610,
0x0000015d6d8b2b20, 0x0000015d6d8af370, 0x0000015d6d8b3540, 0x0000015d6af1da10,
0x0000015d6af1cae0, 0x0000015d705c66f0, 0x0000015d705c6c00, 0x0000015d705c7110,
0x0000015d705c7620, 0x0000015d705c8a60, 0x0000015d705c8f70, 0x0000015d705c61e0,
0x0000015d705c7b30, 0x0000015d705c8040, 0x0000015d705c8550, 0x0000015d705c9480,
0x0000015d705c5cd0, 0x0000015d705ca8c0, 0x0000015d705c9990, 0x0000015d705c9ea0,
0x0000015d705ca3b0, 0x0000015d705cadd0, 0x0000015d705cb2e0, 0x0000015d705cb7f0,
0x0000015d50405bf0, 0x0000015d504042a0, 0x0000015d50406100, 0x0000015d50406610,
0x0000015d50402e60, 0x0000015d504056e0, 0x0000015d50406b20, 0x0000015d50403d90,
0x0000015d6edb9cf0, 0x0000015d6edbf1f0, 0x0000015d6edbf740, 0x0000015d6edbc220,
0x0000015d6edc0c80, 0x0000015d6edc01e0, 0x0000015d6edc11d0, 0x0000015d504047b0
}

Java Threads: ( => current thread )
  0x0000015d347efce0 JavaThread "main" [_thread_blocked, id=10040, stack(0x0000004a24b00000,0x0000004a24c00000)]
  0x0000015d502f5c00 JavaThread "Reference Handler" daemon [_thread_blocked, id=6992, stack(0x0000004a25200000,0x0000004a25300000)]
  0x0000015d502f66d0 JavaThread "Finalizer" daemon [_thread_blocked, id=2756, stack(0x0000004a25300000,0x0000004a25400000)]
  0x0000015d503138c0 JavaThread "Signal Dispatcher" daemon [_thread_blocked, id=18900, stack(0x0000004a25400000,0x0000004a25500000)]
  0x0000015d503161a0 JavaThread "Attach Listener" daemon [_thread_blocked, id=10236, stack(0x0000004a25500000,0x0000004a25600000)]
  0x0000015d50316a70 JavaThread "Service Thread" daemon [_thread_blocked, id=6408, stack(0x0000004a25600000,0x0000004a25700000)]
  0x0000015d50317340 JavaThread "Monitor Deflation Thread" daemon [_thread_blocked, id=2216, stack(0x0000004a25700000,0x0000004a25800000)]
  0x0000015d50318150 JavaThread "C2 CompilerThread0" daemon [_thread_in_native, id=8008, stack(0x0000004a25800000,0x0000004a25900000)]
  0x0000015d50318a60 JavaThread "C1 CompilerThread0" daemon [_thread_in_native, id=18664, stack(0x0000004a25900000,0x0000004a25a00000)]
  0x0000015d50324880 JavaThread "Sweeper thread" daemon [_thread_blocked, id=16320, stack(0x0000004a25a00000,0x0000004a25b00000)]
  0x0000015d502dd760 JavaThread "Common-Cleaner" daemon [_thread_blocked, id=7520, stack(0x0000004a25b00000,0x0000004a25c00000)]
  0x0000015d502dde40 JavaThread "C1 CompilerThread1" daemon [_thread_in_vm, id=14388, stack(0x0000004a25c00000,0x0000004a25d00000)]
  0x0000015d5043a5f0 JavaThread "C1 CompilerThread2" daemon [_thread_in_native, id=15452, stack(0x0000004a25d00000,0x0000004a25e00000)]
  0x0000015d50594b90 JavaThread "Notification Thread" daemon [_thread_blocked, id=14848, stack(0x0000004a26000000,0x0000004a26100000)]
  0x0000015d6af16290 JavaThread "Daemon health stats" [_thread_blocked, id=17784, stack(0x0000004a26300000,0x0000004a26400000)]
  0x0000015d6b7affe0 JavaThread "Incoming local TCP Connector on port 8495" [_thread_in_native, id=5068, stack(0x0000004a26200000,0x0000004a26300000)]
  0x0000015d6b8eec60 JavaThread "Daemon periodic checks" [_thread_blocked, id=2652, stack(0x0000004a26900000,0x0000004a26a00000)]
  0x0000015d6b55d160 JavaThread "Daemon" [_thread_blocked, id=12652, stack(0x0000004a26a00000,0x0000004a26b00000)]
  0x0000015d6b269ba0 JavaThread "Daemon worker" [_thread_in_vm, id=2536, stack(0x0000004a26d00000,0x0000004a26e00000)]
  0x0000015d6b26bf10 JavaThread "Cache worker for journal cache (C:\Users\Administrator\.gradle\caches\journal-1)" [_thread_blocked, id=14444, stack(0x0000004a27100000,0x0000004a27200000)]
  0x0000015d6b26aad0 JavaThread "File lock request listener" [_thread_in_native, id=15156, stack(0x0000004a27200000,0x0000004a27300000)]
  0x0000015d6b26c930 JavaThread "Cache worker for file hash cache (C:\Users\Administrator\.gradle\caches\8.14.3\fileHashes)" [_thread_blocked, id=6624, stack(0x0000004a25e00000,0x0000004a25f00000)]
  0x0000015d6b26d350 JavaThread "File lock release action executor" [_thread_blocked, id=6364, stack(0x0000004a25f00000,0x0000004a26000000)]
  0x0000015d6cfb2290 JavaThread "File watcher server" daemon [_thread_in_native, id=1988, stack(0x0000004a28300000,0x0000004a28400000)]
  0x0000015d6cfb0e50 JavaThread "File watcher consumer" daemon [_thread_blocked, id=18384, stack(0x0000004a28400000,0x0000004a28500000)]
  0x0000015d6cfb27a0 JavaThread "jar transforms" [_thread_blocked, id=2968, stack(0x0000004a28500000,0x0000004a28600000)]
  0x0000015d6cfaeff0 JavaThread "jar transforms Thread 2" [_thread_blocked, id=11340, stack(0x0000004a28600000,0x0000004a28700000)]
  0x0000015d6cfb1870 JavaThread "jar transforms Thread 3" [_thread_blocked, id=16196, stack(0x0000004a28700000,0x0000004a28800000)]
  0x0000015d6ca41fd0 JavaThread "C1 CompilerThread3" daemon [_thread_in_native, id=1612, stack(0x0000004a28a00000,0x0000004a28b00000)]
  0x0000015d6cfb1360 JavaThread "jar transforms Thread 4" [_thread_blocked, id=7904, stack(0x0000004a28e00000,0x0000004a28f00000)]
  0x0000015d6cfb1d80 JavaThread "jar transforms Thread 5" [_thread_blocked, id=15824, stack(0x0000004a28b00000,0x0000004a28c00000)]
  0x0000015d6d8b07b0 JavaThread "Cache worker for file content cache (C:\Users\Administrator\.gradle\caches\8.14.3\fileContent)" [_thread_blocked, id=5480, stack(0x0000004a28d00000,0x0000004a28e00000)]
  0x0000015d6d8b02a0 JavaThread "jar transforms Thread 6" [_thread_blocked, id=17812, stack(0x0000004a29200000,0x0000004a29300000)]
  0x0000015d6d8b1bf0 JavaThread "jar transforms Thread 7" [_thread_blocked, id=17696, stack(0x0000004a29300000,0x0000004a29400000)]
  0x0000015d6d8b2100 JavaThread "jar transforms Thread 8" [_thread_blocked, id=6752, stack(0x0000004a29400000,0x0000004a29500000)]
  0x0000015d6d8b2610 JavaThread "jar transforms Thread 9" [_thread_blocked, id=4060, stack(0x0000004a29500000,0x0000004a29600000)]
  0x0000015d6d8b2b20 JavaThread "jar transforms Thread 10" [_thread_blocked, id=13160, stack(0x0000004a29600000,0x0000004a29700000)]
  0x0000015d6d8af370 JavaThread "jar transforms Thread 11" [_thread_blocked, id=17432, stack(0x0000004a29700000,0x0000004a29800000)]
  0x0000015d6d8b3540 JavaThread "jar transforms Thread 12" [_thread_blocked, id=18516, stack(0x0000004a29000000,0x0000004a29100000)]
  0x0000015d6af1da10 JavaThread "Memory manager" [_thread_blocked, id=14156, stack(0x0000004a2d200000,0x0000004a2d300000)]
  0x0000015d6af1cae0 JavaThread "jar transforms Thread 13" [_thread_blocked, id=2532, stack(0x0000004a2d400000,0x0000004a2d500000)]
  0x0000015d705c66f0 JavaThread "ForkJoinPool.commonPool-worker-1" daemon [_thread_blocked, id=12172, stack(0x0000004a36600000,0x0000004a36700000)]
  0x0000015d705c6c00 JavaThread "ForkJoinPool.commonPool-worker-2" daemon [_thread_blocked, id=5212, stack(0x0000004a36700000,0x0000004a36800000)]
  0x0000015d705c7110 JavaThread "ForkJoinPool.commonPool-worker-3" daemon [_thread_blocked, id=15960, stack(0x0000004a36800000,0x0000004a36900000)]
  0x0000015d705c7620 JavaThread "ForkJoinPool.commonPool-worker-4" daemon [_thread_blocked, id=14896, stack(0x0000004a36900000,0x0000004a36a00000)]
  0x0000015d705c8a60 JavaThread "ForkJoinPool.commonPool-worker-5" daemon [_thread_blocked, id=15236, stack(0x0000004a36a00000,0x0000004a36b00000)]
  0x0000015d705c8f70 JavaThread "ForkJoinPool.commonPool-worker-6" daemon [_thread_blocked, id=2084, stack(0x0000004a36b00000,0x0000004a36c00000)]
  0x0000015d705c61e0 JavaThread "ForkJoinPool.commonPool-worker-7" daemon [_thread_blocked, id=12236, stack(0x0000004a36c00000,0x0000004a36d00000)]
  0x0000015d705c7b30 JavaThread "ForkJoinPool.commonPool-worker-8" daemon [_thread_blocked, id=1568, stack(0x0000004a36d00000,0x0000004a36e00000)]
  0x0000015d705c8040 JavaThread "ForkJoinPool.commonPool-worker-9" daemon [_thread_blocked, id=3232, stack(0x0000004a36e00000,0x0000004a36f00000)]
  0x0000015d705c8550 JavaThread "ForkJoinPool.commonPool-worker-10" daemon [_thread_blocked, id=9904, stack(0x0000004a36f00000,0x0000004a37000000)]
  0x0000015d705c9480 JavaThread "ForkJoinPool.commonPool-worker-11" daemon [_thread_blocked, id=9596, stack(0x0000004a37000000,0x0000004a37100000)]
  0x0000015d705c5cd0 JavaThread "Exec process" daemon [_thread_blocked, id=17788, stack(0x0000004a37100000,0x0000004a37200000)]
  0x0000015d705ca8c0 JavaThread "ForkJoinPool.commonPool-worker-12" daemon [_thread_blocked, id=15704, stack(0x0000004a37200000,0x0000004a37300000)]
  0x0000015d705c9990 JavaThread "Exec process Thread 2" daemon [_thread_blocked, id=8728, stack(0x0000004a37300000,0x0000004a37400000)]
  0x0000015d705c9ea0 JavaThread "Exec process Thread 3" daemon [_thread_blocked, id=9284, stack(0x0000004a37400000,0x0000004a37500000)]
  0x0000015d705ca3b0 JavaThread "ForkJoinPool.commonPool-worker-13" daemon [_thread_blocked, id=2304, stack(0x0000004a37500000,0x0000004a37600000)]
  0x0000015d705cadd0 JavaThread "ForkJoinPool.commonPool-worker-14" daemon [_thread_blocked, id=9744, stack(0x0000004a27d00000,0x0000004a27e00000)]
  0x0000015d705cb2e0 JavaThread "ForkJoinPool.commonPool-worker-15" daemon [_thread_blocked, id=6092, stack(0x0000004a36400000,0x0000004a36500000)]
  0x0000015d705cb7f0 JavaThread "included builds" [_thread_blocked, id=10200, stack(0x0000004a37800000,0x0000004a37900000)]
  0x0000015d50405bf0 JavaThread "VFS cleanup" [_thread_blocked, id=18088, stack(0x0000004a26e00000,0x0000004a26f00000)]
  0x0000015d504042a0 JavaThread "Handler for socket connection from /127.0.0.1:8495 to /127.0.0.1:8506" [_thread_in_native, id=14268, stack(0x0000004a26b00000,0x0000004a26c00000)]
  0x0000015d50406100 JavaThread "Cancel handler" [_thread_blocked, id=4688, stack(0x0000004a26c00000,0x0000004a26d00000)]
  0x0000015d50406610 JavaThread "Asynchronous log dispatcher for DefaultDaemonConnection: socket connection from /127.0.0.1:8495 to /127.0.0.1:8506" [_thread_blocked, id=7444, stack(0x0000004a26f00000,0x0000004a27000000)]
  0x0000015d50402e60 JavaThread "Stdin handler" [_thread_blocked, id=11712, stack(0x0000004a27000000,0x0000004a27100000)]
  0x0000015d504056e0 JavaThread "Daemon client event forwarder" [_thread_blocked, id=19052, stack(0x0000004a27e00000,0x0000004a27f00000)]
  0x0000015d50406b20 JavaThread "Cache worker for file hash cache (C:\WiseYoung_backend\.gradle\8.14.3\fileHashes)" [_thread_blocked, id=10304, stack(0x0000004a27f00000,0x0000004a28000000)]
  0x0000015d50403d90 JavaThread "Cache worker for Build Output Cleanup Cache (C:\WiseYoung_backend\.gradle\buildOutputCleanup)" [_thread_blocked, id=10092, stack(0x0000004a28800000,0x0000004a28900000)]
  0x0000015d6edb9cf0 JavaThread "C2 CompilerThread1" daemon [_thread_in_native, id=7964, stack(0x0000004a27300000,0x0000004a27400000)]
  0x0000015d6edbf1f0 JavaThread "C2 CompilerThread2" daemon [_thread_in_native, id=13580, stack(0x0000004a28900000,0x0000004a28a00000)]
=>0x0000015d6edbf740 JavaThread "C2 CompilerThread3" daemon [_thread_in_native, id=8536, stack(0x0000004a28c00000,0x0000004a28d00000)]
  0x0000015d6edbc220 JavaThread "C2 CompilerThread4" daemon [_thread_in_native, id=17764, stack(0x0000004a28f00000,0x0000004a29000000)]
  0x0000015d6edc0c80 JavaThread "C2 CompilerThread5" daemon [_thread_in_native, id=6220, stack(0x0000004a29800000,0x0000004a29900000)]
  0x0000015d6edc01e0 JavaThread "C2 CompilerThread6" daemon [_thread_in_native, id=8628, stack(0x0000004a29900000,0x0000004a29a00000)]
  0x0000015d6edc11d0 JavaThread "C2 CompilerThread7" daemon [_thread_in_native, id=7068, stack(0x0000004a29a00000,0x0000004a29b00000)]
  0x0000015d504047b0 JavaThread "jar transforms Thread 14" [_thread_blocked, id=6680, stack(0x0000004a29b00000,0x0000004a29c00000)]

Other Threads:
  0x0000015d502f06c0 VMThread "VM Thread" [stack: 0x0000004a25100000,0x0000004a25200000] [id=9732]
  0x0000015d504dc230 WatcherThread [stack: 0x0000004a26100000,0x0000004a26200000] [id=9476]
  0x0000015d3481dd80 GCTaskThread "GC Thread#0" [stack: 0x0000004a24c00000,0x0000004a24d00000] [id=16732]
  0x0000015d507c5870 GCTaskThread "GC Thread#1" [stack: 0x0000004a26400000,0x0000004a26500000] [id=2372]
  0x0000015d5070ecd0 GCTaskThread "GC Thread#2" [stack: 0x0000004a26500000,0x0000004a26600000] [id=19072]
  0x0000015d509be430 GCTaskThread "GC Thread#3" [stack: 0x0000004a26600000,0x0000004a26700000] [id=1996]
  0x0000015d5090b440 GCTaskThread "GC Thread#4" [stack: 0x0000004a26700000,0x0000004a26800000] [id=11772]
  0x0000015d509750d0 GCTaskThread "GC Thread#5" [stack: 0x0000004a26800000,0x0000004a26900000] [id=9984]
  0x0000015d6b975de0 GCTaskThread "GC Thread#6" [stack: 0x0000004a27400000,0x0000004a27500000] [id=19388]
  0x0000015d6b9760a0 GCTaskThread "GC Thread#7" [stack: 0x0000004a27500000,0x0000004a27600000] [id=8188]
  0x0000015d6b976360 GCTaskThread "GC Thread#8" [stack: 0x0000004a27600000,0x0000004a27700000] [id=7660]
  0x0000015d6b975b20 GCTaskThread "GC Thread#9" [stack: 0x0000004a27700000,0x0000004a27800000] [id=13532]
  0x0000015d6b975020 GCTaskThread "GC Thread#10" [stack: 0x0000004a27800000,0x0000004a27900000] [id=2708]
  0x0000015d6b976620 GCTaskThread "GC Thread#11" [stack: 0x0000004a27900000,0x0000004a27a00000] [id=12052]
  0x0000015d6b974aa0 GCTaskThread "GC Thread#12" [stack: 0x0000004a27a00000,0x0000004a27b00000] [id=10352]
  0x0000015d6b974d60 GCTaskThread "GC Thread#13" [stack: 0x0000004a27b00000,0x0000004a27c00000] [id=15556]
  0x0000015d6b975860 GCTaskThread "GC Thread#14" [stack: 0x0000004a27c00000,0x0000004a27d00000] [id=12240]
  0x0000015d34822be0 ConcurrentGCThread "G1 Main Marker" [stack: 0x0000004a24d00000,0x0000004a24e00000] [id=12080]
  0x0000015d348251f0 ConcurrentGCThread "G1 Conc#0" [stack: 0x0000004a24e00000,0x0000004a24f00000] [id=3120]
  0x0000015d6b9755a0 ConcurrentGCThread "G1 Conc#1" [stack: 0x0000004a28000000,0x0000004a28100000] [id=11188]
  0x0000015d6d5cace0 ConcurrentGCThread "G1 Conc#2" [stack: 0x0000004a28100000,0x0000004a28200000] [id=8316]
  0x0000015d6d5cc2e0 ConcurrentGCThread "G1 Conc#3" [stack: 0x0000004a28200000,0x0000004a28300000] [id=15188]
  0x0000015d3489da30 ConcurrentGCThread "G1 Refine#0" [stack: 0x0000004a24f00000,0x0000004a25000000] [id=17632]
  0x0000015d704df090 ConcurrentGCThread "G1 Refine#1" [stack: 0x0000004a29100000,0x0000004a29200000] [id=14192]
  0x0000015d704de7c0 ConcurrentGCThread "G1 Refine#2" [stack: 0x0000004a2d300000,0x0000004a2d400000] [id=16096]
  0x0000015d3489e210 ConcurrentGCThread "G1 Service" [stack: 0x0000004a25000000,0x0000004a25100000] [id=13492]

Threads with active compile tasks:
C2 CompilerThread0    22518 14736 %     4       groovyjarjarantlr4.v4.runtime.atn.ATNConfigSet::optimizeConfigs @ 13 (58 bytes)
C1 CompilerThread0    22518 14790   !   3       org.apache.groovy.parser.antlr4.GroovyParser::primary (608 bytes)
C1 CompilerThread1    22518 14816       3       org.codehaus.groovy.classgen.VariableScopeVisitor::findVariableDeclaration (356 bytes)
C1 CompilerThread2    22519 14789       3       groovyjarjarantlr4.v4.runtime.Lexer::popMode (34 bytes)
C1 CompilerThread3    22519 14788   !   3       org.apache.groovy.parser.antlr4.GroovyLexer::popMode (32 bytes)
C2 CompilerThread1    22519 14721       4       groovyjarjarantlr4.v4.runtime.BufferedTokenStream::nextTokenOnChannel (85 bytes)
C2 CompilerThread2    22520 14719       4       groovyjarjarantlr4.v4.runtime.BufferedTokenStream::sync (55 bytes)
C2 CompilerThread3    22520 14722       4       groovyjarjarantlr4.v4.runtime.CommonTokenStream::adjustSeekIndex (10 bytes)
C2 CompilerThread4    22520 14730       4       groovyjarjarantlr4.v4.runtime.atn.PredictionContext::getCachedContext (297 bytes)
C2 CompilerThread5    22520 14735 %     4       groovyjarjarantlr4.v4.runtime.atn.ParserATNSimulator::computeTargetState @ 190 (617 bytes)
C2 CompilerThread6    22521 14791       4       groovyjarjarantlr4.v4.runtime.atn.ParserATNSimulator::isAcceptState (45 bytes)
C2 CompilerThread7    22521 14740       4       groovyjarjarantlr4.v4.runtime.atn.ATN::getCachedContext (16 bytes)

VM state: not at safepoint (normal execution)

VM Mutex/Monitor currently owned by a thread: None

Heap address: 0x00000000e0000000, size: 512 MB, Compressed Oops mode: 32-bit

CDS archive(s) mapped at: [0x0000015d51000000-0x0000015d51bb0000-0x0000015d51bb0000), size 12255232, SharedBaseAddress: 0x0000015d51000000, ArchiveRelocationMode: 1.
Compressed class space mapped at: 0x0000015d52000000-0x0000015d66000000, reserved size: 335544320
Narrow klass base: 0x0000015d51000000, Narrow klass shift: 0, Narrow klass range: 0x100000000

GC Precious Log:
 CPUs: 20 total, 20 available
 Memory: 16068M
 Large Page Support: Disabled
 NUMA Support: Disabled
 Compressed Oops: Enabled (32-bit)
 Heap Region Size: 1M
 Heap Min Capacity: 256M
 Heap Initial Capacity: 256M
 Heap Max Capacity: 512M
 Pre-touch: Disabled
 Parallel Workers: 15
 Concurrent Workers: 4
 Concurrent Refinement Workers: 15
 Periodic GC: Disabled

Heap:
 garbage-first heap   total 262144K, used 149034K [0x00000000e0000000, 0x0000000100000000)
  region size 1024K, 81 young (82944K), 16 survivors (16384K)
 Metaspace       used 71600K, committed 72384K, reserved 393216K
  class space    used 9902K, committed 10240K, reserved 327680K

Heap Regions: E=young(eden), S=young(survivor), O=old, HS=humongous(starts), HC=humongous(continues), CS=collection set, F=free, OA=open archive, CA=closed archive, TAMS=top-at-mark-start (previous, next)
|   0|0x00000000e0000000, 0x00000000e0100000, 0x00000000e0100000|100%|HS|  |TAMS 0x00000000e0100000, 0x00000000e0000000| Complete 
|   1|0x00000000e0100000, 0x00000000e0200000, 0x00000000e0200000|100%|HC|  |TAMS 0x00000000e0200000, 0x00000000e0100000| Complete 
|   2|0x00000000e0200000, 0x00000000e0300000, 0x00000000e0300000|100%|HC|  |TAMS 0x00000000e0300000, 0x00000000e0200000| Complete 
|   3|0x00000000e0300000, 0x00000000e0400000, 0x00000000e0400000|100%| O|  |TAMS 0x00000000e0400000, 0x00000000e0300000| Untracked 
|   4|0x00000000e0400000, 0x00000000e0500000, 0x00000000e0500000|100%| O|  |TAMS 0x00000000e0500000, 0x00000000e0400000| Untracked 
|   5|0x00000000e0500000, 0x00000000e0600000, 0x00000000e0600000|100%| O|  |TAMS 0x00000000e0600000, 0x00000000e0500000| Untracked 
|   6|0x00000000e0600000, 0x00000000e0700000, 0x00000000e0700000|100%|HS|  |TAMS 0x00000000e0700000, 0x00000000e0600000| Complete 
|   7|0x00000000e0700000, 0x00000000e0800000, 0x00000000e0800000|100%| O|  |TAMS 0x00000000e0800000, 0x00000000e0700000| Untracked 
|   8|0x00000000e0800000, 0x00000000e0900000, 0x00000000e0900000|100%| O|  |TAMS 0x00000000e0900000, 0x00000000e0800000| Untracked 
|   9|0x00000000e0900000, 0x00000000e0a00000, 0x00000000e0a00000|100%| O|  |TAMS 0x00000000e0900000, 0x00000000e0900000| Untracked 
|  10|0x00000000e0a00000, 0x00000000e0b00000, 0x00000000e0b00000|100%| O|  |TAMS 0x00000000e0b00000, 0x00000000e0a00000| Untracked 
|  11|0x00000000e0b00000, 0x00000000e0c00000, 0x00000000e0c00000|100%| O|  |TAMS 0x00000000e0c00000, 0x00000000e0b00000| Untracked 
|  12|0x00000000e0c00000, 0x00000000e0d00000, 0x00000000e0d00000|100%| O|  |TAMS 0x00000000e0d00000, 0x00000000e0c00000| Untracked 
|  13|0x00000000e0d00000, 0x00000000e0e00000, 0x00000000e0e00000|100%| O|  |TAMS 0x00000000e0e00000, 0x00000000e0d00000| Untracked 
|  14|0x00000000e0e00000, 0x00000000e0f00000, 0x00000000e0f00000|100%| O|  |TAMS 0x00000000e0f00000, 0x00000000e0e00000| Untracked 
|  15|0x00000000e0f00000, 0x00000000e1000000, 0x00000000e1000000|100%| O|  |TAMS 0x00000000e1000000, 0x00000000e0f00000| Untracked 
|  16|0x00000000e1000000, 0x00000000e1100000, 0x00000000e1100000|100%| O|  |TAMS 0x00000000e1100000, 0x00000000e1000000| Untracked 
|  17|0x00000000e1100000, 0x00000000e1200000, 0x00000000e1200000|100%| O|  |TAMS 0x00000000e1200000, 0x00000000e1100000| Untracked 
|  18|0x00000000e1200000, 0x00000000e1300000, 0x00000000e1300000|100%| O|  |TAMS 0x00000000e1300000, 0x00000000e1200000| Untracked 
|  19|0x00000000e1300000, 0x00000000e1400000, 0x00000000e1400000|100%| O|  |TAMS 0x00000000e1400000, 0x00000000e1300000| Untracked 
|  20|0x00000000e1400000, 0x00000000e1500000, 0x00000000e1500000|100%| O|  |TAMS 0x00000000e1500000, 0x00000000e1400000| Untracked 
|  21|0x00000000e1500000, 0x00000000e1600000, 0x00000000e1600000|100%| O|  |TAMS 0x00000000e1600000, 0x00000000e1500000| Untracked 
|  22|0x00000000e1600000, 0x00000000e1700000, 0x00000000e1700000|100%| O|  |TAMS 0x00000000e1700000, 0x00000000e1600000| Untracked 
|  23|0x00000000e1700000, 0x00000000e1800000, 0x00000000e1800000|100%| O|  |TAMS 0x00000000e1800000, 0x00000000e1700000| Untracked 
|  24|0x00000000e1800000, 0x00000000e1900000, 0x00000000e1900000|100%| O|  |TAMS 0x00000000e1900000, 0x00000000e1800000| Untracked 
|  25|0x00000000e1900000, 0x00000000e1a00000, 0x00000000e1a00000|100%| O|  |TAMS 0x00000000e1a00000, 0x00000000e1900000| Untracked 
|  26|0x00000000e1a00000, 0x00000000e1b00000, 0x00000000e1b00000|100%| O|  |TAMS 0x00000000e1b00000, 0x00000000e1a00000| Untracked 
|  27|0x00000000e1b00000, 0x00000000e1c00000, 0x00000000e1c00000|100%| O|  |TAMS 0x00000000e1c00000, 0x00000000e1b00000| Untracked 
|  28|0x00000000e1c00000, 0x00000000e1d00000, 0x00000000e1d00000|100%| O|  |TAMS 0x00000000e1d00000, 0x00000000e1c00000| Untracked 
|  29|0x00000000e1d00000, 0x00000000e1e00000, 0x00000000e1e00000|100%| O|  |TAMS 0x00000000e1e00000, 0x00000000e1d00000| Untracked 
|  30|0x00000000e1e00000, 0x00000000e1f00000, 0x00000000e1f00000|100%| O|  |TAMS 0x00000000e1f00000, 0x00000000e1e00000| Untracked 
|  31|0x00000000e1f00000, 0x00000000e2000000, 0x00000000e2000000|100%| O|  |TAMS 0x00000000e2000000, 0x00000000e1f00000| Untracked 
|  32|0x00000000e2000000, 0x00000000e2100000, 0x00000000e2100000|100%| O|  |TAMS 0x00000000e2100000, 0x00000000e2000000| Untracked 
|  33|0x00000000e2100000, 0x00000000e2200000, 0x00000000e2200000|100%| O|  |TAMS 0x00000000e2200000, 0x00000000e2100000| Untracked 
|  34|0x00000000e2200000, 0x00000000e2300000, 0x00000000e2300000|100%| O|  |TAMS 0x00000000e2300000, 0x00000000e2200000| Untracked 
|  35|0x00000000e2300000, 0x00000000e2400000, 0x00000000e2400000|100%| O|  |TAMS 0x00000000e2400000, 0x00000000e2300000| Untracked 
|  36|0x00000000e2400000, 0x00000000e2500000, 0x00000000e2500000|100%| O|  |TAMS 0x00000000e2500000, 0x00000000e2400000| Untracked 
|  37|0x00000000e2500000, 0x00000000e2600000, 0x00000000e2600000|100%| O|  |TAMS 0x00000000e2600000, 0x00000000e2500000| Untracked 
|  38|0x00000000e2600000, 0x00000000e2700000, 0x00000000e2700000|100%| O|  |TAMS 0x00000000e2700000, 0x00000000e2600000| Untracked 
|  39|0x00000000e2700000, 0x00000000e2800000, 0x00000000e2800000|100%| O|  |TAMS 0x00000000e2800000, 0x00000000e2700000| Untracked 
|  40|0x00000000e2800000, 0x00000000e2900000, 0x00000000e2900000|100%| O|  |TAMS 0x00000000e2900000, 0x00000000e2800000| Untracked 
|  41|0x00000000e2900000, 0x00000000e2a00000, 0x00000000e2a00000|100%| O|  |TAMS 0x00000000e29c2400, 0x00000000e2900000| Untracked 
|  42|0x00000000e2a00000, 0x00000000e2b00000, 0x00000000e2b00000|100%| O|  |TAMS 0x00000000e2a00000, 0x00000000e2a00000| Untracked 
|  43|0x00000000e2b00000, 0x00000000e2c00000, 0x00000000e2c00000|100%| O|  |TAMS 0x00000000e2b00000, 0x00000000e2b00000| Untracked 
|  44|0x00000000e2c00000, 0x00000000e2d00000, 0x00000000e2d00000|100%| O|  |TAMS 0x00000000e2c00000, 0x00000000e2c00000| Untracked 
|  45|0x00000000e2d00000, 0x00000000e2e00000, 0x00000000e2e00000|100%| O|  |TAMS 0x00000000e2d00000, 0x00000000e2d00000| Untracked 
|  46|0x00000000e2e00000, 0x00000000e2f00000, 0x00000000e2f00000|100%| O|  |TAMS 0x00000000e2e00000, 0x00000000e2e00000| Untracked 
|  47|0x00000000e2f00000, 0x00000000e3000000, 0x00000000e3000000|100%| O|  |TAMS 0x00000000e2f00000, 0x00000000e2f00000| Untracked 
|  48|0x00000000e3000000, 0x00000000e3100000, 0x00000000e3100000|100%| O|  |TAMS 0x00000000e3000000, 0x00000000e3000000| Untracked 
|  49|0x00000000e3100000, 0x00000000e3200000, 0x00000000e3200000|100%| O|  |TAMS 0x00000000e3100000, 0x00000000e3100000| Untracked 
|  50|0x00000000e3200000, 0x00000000e3300000, 0x00000000e3300000|100%| O|  |TAMS 0x00000000e3200000, 0x00000000e3200000| Untracked 
|  51|0x00000000e3300000, 0x00000000e3400000, 0x00000000e3400000|100%| O|  |TAMS 0x00000000e3300000, 0x00000000e3300000| Untracked 
|  52|0x00000000e3400000, 0x00000000e3500000, 0x00000000e3500000|100%| O|  |TAMS 0x00000000e3400000, 0x00000000e3400000| Untracked 
|  53|0x00000000e3500000, 0x00000000e3600000, 0x00000000e3600000|100%| O|  |TAMS 0x00000000e3500000, 0x00000000e3500000| Untracked 
|  54|0x00000000e3600000, 0x00000000e3700000, 0x00000000e3700000|100%| O|  |TAMS 0x00000000e3600000, 0x00000000e3600000| Untracked 
|  55|0x00000000e3700000, 0x00000000e3800000, 0x00000000e3800000|100%| O|  |TAMS 0x00000000e3700000, 0x00000000e3700000| Untracked 
|  56|0x00000000e3800000, 0x00000000e3900000, 0x00000000e3900000|100%| O|  |TAMS 0x00000000e3800000, 0x00000000e3800000| Untracked 
|  57|0x00000000e3900000, 0x00000000e3a00000, 0x00000000e3a00000|100%| O|  |TAMS 0x00000000e3900000, 0x00000000e3900000| Untracked 
|  58|0x00000000e3a00000, 0x00000000e3b00000, 0x00000000e3b00000|100%| O|  |TAMS 0x00000000e3a00000, 0x00000000e3a00000| Untracked 
|  59|0x00000000e3b00000, 0x00000000e3c00000, 0x00000000e3c00000|100%| O|  |TAMS 0x00000000e3b00000, 0x00000000e3b00000| Untracked 
|  60|0x00000000e3c00000, 0x00000000e3d00000, 0x00000000e3d00000|100%| O|  |TAMS 0x00000000e3c00000, 0x00000000e3c00000| Untracked 
|  61|0x00000000e3d00000, 0x00000000e3e00000, 0x00000000e3e00000|100%| O|  |TAMS 0x00000000e3d00000, 0x00000000e3d00000| Untracked 
|  62|0x00000000e3e00000, 0x00000000e3f00000, 0x00000000e3f00000|100%| O|  |TAMS 0x00000000e3e00000, 0x00000000e3e00000| Untracked 
|  63|0x00000000e3f00000, 0x00000000e4000000, 0x00000000e4000000|100%| O|  |TAMS 0x00000000e3f00000, 0x00000000e3f00000| Untracked 
|  64|0x00000000e4000000, 0x00000000e4100000, 0x00000000e4100000|100%| O|  |TAMS 0x00000000e4000000, 0x00000000e4000000| Untracked 
|  65|0x00000000e4100000, 0x00000000e4200000, 0x00000000e4200000|100%| O|  |TAMS 0x00000000e4100000, 0x00000000e4100000| Untracked 
|  66|0x00000000e4200000, 0x00000000e4228600, 0x00000000e4300000| 15%| O|  |TAMS 0x00000000e4200000, 0x00000000e4200000| Untracked 
|  67|0x00000000e4300000, 0x00000000e4300000, 0x00000000e4400000|  0%| F|  |TAMS 0x00000000e4300000, 0x00000000e4300000| Untracked 
|  68|0x00000000e4400000, 0x00000000e4400000, 0x00000000e4500000|  0%| F|  |TAMS 0x00000000e4400000, 0x00000000e4400000| Untracked 
|  69|0x00000000e4500000, 0x00000000e4500000, 0x00000000e4600000|  0%| F|  |TAMS 0x00000000e4500000, 0x00000000e4500000| Untracked 
|  70|0x00000000e4600000, 0x00000000e4600000, 0x00000000e4700000|  0%| F|  |TAMS 0x00000000e4600000, 0x00000000e4600000| Untracked 
|  71|0x00000000e4700000, 0x00000000e4700000, 0x00000000e4800000|  0%| F|  |TAMS 0x00000000e4700000, 0x00000000e4700000| Untracked 
|  72|0x00000000e4800000, 0x00000000e4800000, 0x00000000e4900000|  0%| F|  |TAMS 0x00000000e4800000, 0x00000000e4800000| Untracked 
|  73|0x00000000e4900000, 0x00000000e4900000, 0x00000000e4a00000|  0%| F|  |TAMS 0x00000000e4900000, 0x00000000e4900000| Untracked 
|  74|0x00000000e4a00000, 0x00000000e4a00000, 0x00000000e4b00000|  0%| F|  |TAMS 0x00000000e4a00000, 0x00000000e4a00000| Untracked 
|  75|0x00000000e4b00000, 0x00000000e4b00000, 0x00000000e4c00000|  0%| F|  |TAMS 0x00000000e4b00000, 0x00000000e4b00000| Untracked 
|  76|0x00000000e4c00000, 0x00000000e4c00000, 0x00000000e4d00000|  0%| F|  |TAMS 0x00000000e4c00000, 0x00000000e4c00000| Untracked 
|  77|0x00000000e4d00000, 0x00000000e4d00000, 0x00000000e4e00000|  0%| F|  |TAMS 0x00000000e4d00000, 0x00000000e4d00000| Untracked 
|  78|0x00000000e4e00000, 0x00000000e4e00000, 0x00000000e4f00000|  0%| F|  |TAMS 0x00000000e4e00000, 0x00000000e4e00000| Untracked 
|  79|0x00000000e4f00000, 0x00000000e4f00000, 0x00000000e5000000|  0%| F|  |TAMS 0x00000000e4f00000, 0x00000000e4f00000| Untracked 
|  80|0x00000000e5000000, 0x00000000e5000000, 0x00000000e5100000|  0%| F|  |TAMS 0x00000000e5000000, 0x00000000e5000000| Untracked 
|  81|0x00000000e5100000, 0x00000000e5100000, 0x00000000e5200000|  0%| F|  |TAMS 0x00000000e5100000, 0x00000000e5100000| Untracked 
|  82|0x00000000e5200000, 0x00000000e5200000, 0x00000000e5300000|  0%| F|  |TAMS 0x00000000e5200000, 0x00000000e5200000| Untracked 
|  83|0x00000000e5300000, 0x00000000e5300000, 0x00000000e5400000|  0%| F|  |TAMS 0x00000000e5300000, 0x00000000e5300000| Untracked 
|  84|0x00000000e5400000, 0x00000000e5400000, 0x00000000e5500000|  0%| F|  |TAMS 0x00000000e5400000, 0x00000000e5400000| Untracked 
|  85|0x00000000e5500000, 0x00000000e5500000, 0x00000000e5600000|  0%| F|  |TAMS 0x00000000e5500000, 0x00000000e5500000| Untracked 
|  86|0x00000000e5600000, 0x00000000e5600000, 0x00000000e5700000|  0%| F|  |TAMS 0x00000000e5600000, 0x00000000e5600000| Untracked 
|  87|0x00000000e5700000, 0x00000000e5700000, 0x00000000e5800000|  0%| F|  |TAMS 0x00000000e5700000, 0x00000000e5700000| Untracked 
|  88|0x00000000e5800000, 0x00000000e5800000, 0x00000000e5900000|  0%| F|  |TAMS 0x00000000e5800000, 0x00000000e5800000| Untracked 
|  89|0x00000000e5900000, 0x00000000e5900000, 0x00000000e5a00000|  0%| F|  |TAMS 0x00000000e5900000, 0x00000000e5900000| Untracked 
|  90|0x00000000e5a00000, 0x00000000e5a00000, 0x00000000e5b00000|  0%| F|  |TAMS 0x00000000e5a00000, 0x00000000e5a00000| Untracked 
|  91|0x00000000e5b00000, 0x00000000e5b00000, 0x00000000e5c00000|  0%| F|  |TAMS 0x00000000e5b00000, 0x00000000e5b00000| Untracked 
|  92|0x00000000e5c00000, 0x00000000e5c00000, 0x00000000e5d00000|  0%| F|  |TAMS 0x00000000e5c00000, 0x00000000e5c00000| Untracked 
|  93|0x00000000e5d00000, 0x00000000e5d00000, 0x00000000e5e00000|  0%| F|  |TAMS 0x00000000e5d00000, 0x00000000e5d00000| Untracked 
|  94|0x00000000e5e00000, 0x00000000e5e00000, 0x00000000e5f00000|  0%| F|  |TAMS 0x00000000e5e00000, 0x00000000e5e00000| Untracked 
|  95|0x00000000e5f00000, 0x00000000e5f00000, 0x00000000e6000000|  0%| F|  |TAMS 0x00000000e5f00000, 0x00000000e5f00000| Untracked 
|  96|0x00000000e6000000, 0x00000000e6000000, 0x00000000e6100000|  0%| F|  |TAMS 0x00000000e6000000, 0x00000000e6000000| Untracked 
|  97|0x00000000e6100000, 0x00000000e6100000, 0x00000000e6200000|  0%| F|  |TAMS 0x00000000e6100000, 0x00000000e6100000| Untracked 
|  98|0x00000000e6200000, 0x00000000e6200000, 0x00000000e6300000|  0%| F|  |TAMS 0x00000000e6200000, 0x00000000e6200000| Untracked 
|  99|0x00000000e6300000, 0x00000000e6300000, 0x00000000e6400000|  0%| F|  |TAMS 0x00000000e6300000, 0x00000000e6300000| Untracked 
| 100|0x00000000e6400000, 0x00000000e6400000, 0x00000000e6500000|  0%| F|  |TAMS 0x00000000e6400000, 0x00000000e6400000| Untracked 
| 101|0x00000000e6500000, 0x00000000e6500000, 0x00000000e6600000|  0%| F|  |TAMS 0x00000000e6500000, 0x00000000e6500000| Untracked 
| 102|0x00000000e6600000, 0x00000000e6600000, 0x00000000e6700000|  0%| F|  |TAMS 0x00000000e6600000, 0x00000000e6600000| Untracked 
| 103|0x00000000e6700000, 0x00000000e6762280, 0x00000000e6800000| 38%| S|CS|TAMS 0x00000000e6700000, 0x00000000e6700000| Complete 
| 104|0x00000000e6800000, 0x00000000e6900000, 0x00000000e6900000|100%| S|CS|TAMS 0x00000000e6800000, 0x00000000e6800000| Complete 
| 105|0x00000000e6900000, 0x00000000e6a00000, 0x00000000e6a00000|100%| S|CS|TAMS 0x00000000e6900000, 0x00000000e6900000| Complete 
| 106|0x00000000e6a00000, 0x00000000e6b00000, 0x00000000e6b00000|100%| S|CS|TAMS 0x00000000e6a00000, 0x00000000e6a00000| Complete 
| 107|0x00000000e6b00000, 0x00000000e6c00000, 0x00000000e6c00000|100%| S|CS|TAMS 0x00000000e6b00000, 0x00000000e6b00000| Complete 
| 108|0x00000000e6c00000, 0x00000000e6d00000, 0x00000000e6d00000|100%| S|CS|TAMS 0x00000000e6c00000, 0x00000000e6c00000| Complete 
| 109|0x00000000e6d00000, 0x00000000e6e00000, 0x00000000e6e00000|100%| S|CS|TAMS 0x00000000e6d00000, 0x00000000e6d00000| Complete 
| 110|0x00000000e6e00000, 0x00000000e6f00000, 0x00000000e6f00000|100%| S|CS|TAMS 0x00000000e6e00000, 0x00000000e6e00000| Complete 
| 111|0x00000000e6f00000, 0x00000000e7000000, 0x00000000e7000000|100%| S|CS|TAMS 0x00000000e6f00000, 0x00000000e6f00000| Complete 
| 112|0x00000000e7000000, 0x00000000e7100000, 0x00000000e7100000|100%| S|CS|TAMS 0x00000000e7000000, 0x00000000e7000000| Complete 
| 113|0x00000000e7100000, 0x00000000e7100000, 0x00000000e7200000|  0%| F|  |TAMS 0x00000000e7100000, 0x00000000e7100000| Untracked 
| 114|0x00000000e7200000, 0x00000000e7200000, 0x00000000e7300000|  0%| F|  |TAMS 0x00000000e7200000, 0x00000000e7200000| Untracked 
| 115|0x00000000e7300000, 0x00000000e7300000, 0x00000000e7400000|  0%| F|  |TAMS 0x00000000e7300000, 0x00000000e7300000| Untracked 
| 116|0x00000000e7400000, 0x00000000e7400000, 0x00000000e7500000|  0%| F|  |TAMS 0x00000000e7400000, 0x00000000e7400000| Untracked 
| 117|0x00000000e7500000, 0x00000000e7500000, 0x00000000e7600000|  0%| F|  |TAMS 0x00000000e7500000, 0x00000000e7500000| Untracked 
| 118|0x00000000e7600000, 0x00000000e7600000, 0x00000000e7700000|  0%| F|  |TAMS 0x00000000e7600000, 0x00000000e7600000| Untracked 
| 119|0x00000000e7700000, 0x00000000e7700000, 0x00000000e7800000|  0%| F|  |TAMS 0x00000000e7700000, 0x00000000e7700000| Untracked 
| 120|0x00000000e7800000, 0x00000000e7800000, 0x00000000e7900000|  0%| F|  |TAMS 0x00000000e7800000, 0x00000000e7800000| Untracked 
| 121|0x00000000e7900000, 0x00000000e7900000, 0x00000000e7a00000|  0%| F|  |TAMS 0x00000000e7900000, 0x00000000e7900000| Untracked 
| 122|0x00000000e7a00000, 0x00000000e7a00000, 0x00000000e7b00000|  0%| F|  |TAMS 0x00000000e7a00000, 0x00000000e7a00000| Untracked 
| 123|0x00000000e7b00000, 0x00000000e7c00000, 0x00000000e7c00000|100%| S|CS|TAMS 0x00000000e7b00000, 0x00000000e7b00000| Complete 
| 124|0x00000000e7c00000, 0x00000000e7d00000, 0x00000000e7d00000|100%| S|CS|TAMS 0x00000000e7c00000, 0x00000000e7c00000| Complete 
| 125|0x00000000e7d00000, 0x00000000e7e00000, 0x00000000e7e00000|100%| S|CS|TAMS 0x00000000e7d00000, 0x00000000e7d00000| Complete 
| 126|0x00000000e7e00000, 0x00000000e7f00000, 0x00000000e7f00000|100%| S|CS|TAMS 0x00000000e7e00000, 0x00000000e7e00000| Complete 
| 127|0x00000000e7f00000, 0x00000000e8000000, 0x00000000e8000000|100%| S|CS|TAMS 0x00000000e7f00000, 0x00000000e7f00000| Complete 
| 128|0x00000000e8000000, 0x00000000e8100000, 0x00000000e8100000|100%| S|CS|TAMS 0x00000000e8000000, 0x00000000e8000000| Complete 
| 129|0x00000000e8100000, 0x00000000e8100000, 0x00000000e8200000|  0%| F|  |TAMS 0x00000000e8100000, 0x00000000e8100000| Untracked 
| 130|0x00000000e8200000, 0x00000000e8200000, 0x00000000e8300000|  0%| F|  |TAMS 0x00000000e8200000, 0x00000000e8200000| Untracked 
| 131|0x00000000e8300000, 0x00000000e8300000, 0x00000000e8400000|  0%| F|  |TAMS 0x00000000e8300000, 0x00000000e8300000| Untracked 
| 132|0x00000000e8400000, 0x00000000e8400000, 0x00000000e8500000|  0%| F|  |TAMS 0x00000000e8400000, 0x00000000e8400000| Untracked 
| 133|0x00000000e8500000, 0x00000000e8500000, 0x00000000e8600000|  0%| F|  |TAMS 0x00000000e8500000, 0x00000000e8500000| Untracked 
| 134|0x00000000e8600000, 0x00000000e8600000, 0x00000000e8700000|  0%| F|  |TAMS 0x00000000e8600000, 0x00000000e8600000| Untracked 
| 135|0x00000000e8700000, 0x00000000e8700000, 0x00000000e8800000|  0%| F|  |TAMS 0x00000000e8700000, 0x00000000e8700000| Untracked 
| 136|0x00000000e8800000, 0x00000000e8800000, 0x00000000e8900000|  0%| F|  |TAMS 0x00000000e8800000, 0x00000000e8800000| Untracked 
| 137|0x00000000e8900000, 0x00000000e8900000, 0x00000000e8a00000|  0%| F|  |TAMS 0x00000000e8900000, 0x00000000e8900000| Untracked 
| 138|0x00000000e8a00000, 0x00000000e8a00000, 0x00000000e8b00000|  0%| F|  |TAMS 0x00000000e8a00000, 0x00000000e8a00000| Untracked 
| 139|0x00000000e8b00000, 0x00000000e8b00000, 0x00000000e8c00000|  0%| F|  |TAMS 0x00000000e8b00000, 0x00000000e8b00000| Untracked 
| 140|0x00000000e8c00000, 0x00000000e8c00000, 0x00000000e8d00000|  0%| F|  |TAMS 0x00000000e8c00000, 0x00000000e8c00000| Untracked 
| 141|0x00000000e8d00000, 0x00000000e8d00000, 0x00000000e8e00000|  0%| F|  |TAMS 0x00000000e8d00000, 0x00000000e8d00000| Untracked 
| 142|0x00000000e8e00000, 0x00000000e8e00000, 0x00000000e8f00000|  0%| F|  |TAMS 0x00000000e8e00000, 0x00000000e8e00000| Untracked 
| 143|0x00000000e8f00000, 0x00000000e8f00000, 0x00000000e9000000|  0%| F|  |TAMS 0x00000000e8f00000, 0x00000000e8f00000| Untracked 
| 144|0x00000000e9000000, 0x00000000e9000000, 0x00000000e9100000|  0%| F|  |TAMS 0x00000000e9000000, 0x00000000e9000000| Untracked 
| 145|0x00000000e9100000, 0x00000000e9100000, 0x00000000e9200000|  0%| F|  |TAMS 0x00000000e9100000, 0x00000000e9100000| Untracked 
| 146|0x00000000e9200000, 0x00000000e9200000, 0x00000000e9300000|  0%| F|  |TAMS 0x00000000e9200000, 0x00000000e9200000| Untracked 
| 147|0x00000000e9300000, 0x00000000e9300000, 0x00000000e9400000|  0%| F|  |TAMS 0x00000000e9300000, 0x00000000e9300000| Untracked 
| 148|0x00000000e9400000, 0x00000000e9400000, 0x00000000e9500000|  0%| F|  |TAMS 0x00000000e9400000, 0x00000000e9400000| Untracked 
| 149|0x00000000e9500000, 0x00000000e9500000, 0x00000000e9600000|  0%| F|  |TAMS 0x00000000e9500000, 0x00000000e9500000| Untracked 
| 150|0x00000000e9600000, 0x00000000e9600000, 0x00000000e9700000|  0%| F|  |TAMS 0x00000000e9600000, 0x00000000e9600000| Untracked 
| 151|0x00000000e9700000, 0x00000000e9700000, 0x00000000e9800000|  0%| F|  |TAMS 0x00000000e9700000, 0x00000000e9700000| Untracked 
| 152|0x00000000e9800000, 0x00000000e9800000, 0x00000000e9900000|  0%| F|  |TAMS 0x00000000e9800000, 0x00000000e9800000| Untracked 
| 153|0x00000000e9900000, 0x00000000e9900000, 0x00000000e9a00000|  0%| F|  |TAMS 0x00000000e9900000, 0x00000000e9900000| Untracked 
| 154|0x00000000e9a00000, 0x00000000e9a00000, 0x00000000e9b00000|  0%| F|  |TAMS 0x00000000e9a00000, 0x00000000e9a00000| Untracked 
| 155|0x00000000e9b00000, 0x00000000e9b00000, 0x00000000e9c00000|  0%| F|  |TAMS 0x00000000e9b00000, 0x00000000e9b00000| Untracked 
| 156|0x00000000e9c00000, 0x00000000e9c00000, 0x00000000e9d00000|  0%| F|  |TAMS 0x00000000e9c00000, 0x00000000e9c00000| Untracked 
| 157|0x00000000e9d00000, 0x00000000e9d00000, 0x00000000e9e00000|  0%| F|  |TAMS 0x00000000e9d00000, 0x00000000e9d00000| Untracked 
| 158|0x00000000e9e00000, 0x00000000e9e00000, 0x00000000e9f00000|  0%| F|  |TAMS 0x00000000e9e00000, 0x00000000e9e00000| Untracked 
| 159|0x00000000e9f00000, 0x00000000e9f00000, 0x00000000ea000000|  0%| F|  |TAMS 0x00000000e9f00000, 0x00000000e9f00000| Untracked 
| 160|0x00000000ea000000, 0x00000000ea000000, 0x00000000ea100000|  0%| F|  |TAMS 0x00000000ea000000, 0x00000000ea000000| Untracked 
| 161|0x00000000ea100000, 0x00000000ea100000, 0x00000000ea200000|  0%| F|  |TAMS 0x00000000ea100000, 0x00000000ea100000| Untracked 
| 162|0x00000000ea200000, 0x00000000ea200000, 0x00000000ea300000|  0%| F|  |TAMS 0x00000000ea200000, 0x00000000ea200000| Untracked 
| 163|0x00000000ea300000, 0x00000000ea300000, 0x00000000ea400000|  0%| F|  |TAMS 0x00000000ea300000, 0x00000000ea300000| Untracked 
| 164|0x00000000ea400000, 0x00000000ea400000, 0x00000000ea500000|  0%| F|  |TAMS 0x00000000ea400000, 0x00000000ea400000| Untracked 
| 165|0x00000000ea500000, 0x00000000ea500000, 0x00000000ea600000|  0%| F|  |TAMS 0x00000000ea500000, 0x00000000ea500000| Untracked 
| 166|0x00000000ea600000, 0x00000000ea600000, 0x00000000ea700000|  0%| F|  |TAMS 0x00000000ea600000, 0x00000000ea600000| Untracked 
| 167|0x00000000ea700000, 0x00000000ea700000, 0x00000000ea800000|  0%| F|  |TAMS 0x00000000ea700000, 0x00000000ea700000| Untracked 
| 168|0x00000000ea800000, 0x00000000ea800000, 0x00000000ea900000|  0%| F|  |TAMS 0x00000000ea800000, 0x00000000ea800000| Untracked 
| 169|0x00000000ea900000, 0x00000000ea900000, 0x00000000eaa00000|  0%| F|  |TAMS 0x00000000ea900000, 0x00000000ea900000| Untracked 
| 170|0x00000000eaa00000, 0x00000000eaa00000, 0x00000000eab00000|  0%| F|  |TAMS 0x00000000eaa00000, 0x00000000eaa00000| Untracked 
| 171|0x00000000eab00000, 0x00000000eab00000, 0x00000000eac00000|  0%| F|  |TAMS 0x00000000eab00000, 0x00000000eab00000| Untracked 
| 172|0x00000000eac00000, 0x00000000eac00000, 0x00000000ead00000|  0%| F|  |TAMS 0x00000000eac00000, 0x00000000eac00000| Untracked 
| 173|0x00000000ead00000, 0x00000000ead00000, 0x00000000eae00000|  0%| F|  |TAMS 0x00000000ead00000, 0x00000000ead00000| Untracked 
| 174|0x00000000eae00000, 0x00000000eae00000, 0x00000000eaf00000|  0%| F|  |TAMS 0x00000000eae00000, 0x00000000eae00000| Untracked 
| 175|0x00000000eaf00000, 0x00000000eaf00000, 0x00000000eb000000|  0%| F|  |TAMS 0x00000000eaf00000, 0x00000000eaf00000| Untracked 
| 176|0x00000000eb000000, 0x00000000eb000000, 0x00000000eb100000|  0%| F|  |TAMS 0x00000000eb000000, 0x00000000eb000000| Untracked 
| 177|0x00000000eb100000, 0x00000000eb100000, 0x00000000eb200000|  0%| F|  |TAMS 0x00000000eb100000, 0x00000000eb100000| Untracked 
| 178|0x00000000eb200000, 0x00000000eb200000, 0x00000000eb300000|  0%| F|  |TAMS 0x00000000eb200000, 0x00000000eb200000| Untracked 
| 179|0x00000000eb300000, 0x00000000eb300000, 0x00000000eb400000|  0%| F|  |TAMS 0x00000000eb300000, 0x00000000eb300000| Untracked 
| 180|0x00000000eb400000, 0x00000000eb400000, 0x00000000eb500000|  0%| F|  |TAMS 0x00000000eb400000, 0x00000000eb400000| Untracked 
| 181|0x00000000eb500000, 0x00000000eb500000, 0x00000000eb600000|  0%| F|  |TAMS 0x00000000eb500000, 0x00000000eb500000| Untracked 
| 182|0x00000000eb600000, 0x00000000eb600000, 0x00000000eb700000|  0%| F|  |TAMS 0x00000000eb600000, 0x00000000eb600000| Untracked 
| 183|0x00000000eb700000, 0x00000000eb700000, 0x00000000eb800000|  0%| F|  |TAMS 0x00000000eb700000, 0x00000000eb700000| Untracked 
| 184|0x00000000eb800000, 0x00000000eb800000, 0x00000000eb900000|  0%| F|  |TAMS 0x00000000eb800000, 0x00000000eb800000| Untracked 
| 185|0x00000000eb900000, 0x00000000eb900000, 0x00000000eba00000|  0%| F|  |TAMS 0x00000000eb900000, 0x00000000eb900000| Untracked 
| 186|0x00000000eba00000, 0x00000000eba00000, 0x00000000ebb00000|  0%| F|  |TAMS 0x00000000eba00000, 0x00000000eba00000| Untracked 
| 187|0x00000000ebb00000, 0x00000000ebb00000, 0x00000000ebc00000|  0%| F|  |TAMS 0x00000000ebb00000, 0x00000000ebb00000| Untracked 
| 188|0x00000000ebc00000, 0x00000000ebc00000, 0x00000000ebd00000|  0%| F|  |TAMS 0x00000000ebc00000, 0x00000000ebc00000| Untracked 
| 189|0x00000000ebd00000, 0x00000000ebd00000, 0x00000000ebe00000|  0%| F|  |TAMS 0x00000000ebd00000, 0x00000000ebd00000| Untracked 
| 190|0x00000000ebe00000, 0x00000000ebe00000, 0x00000000ebf00000|  0%| F|  |TAMS 0x00000000ebe00000, 0x00000000ebe00000| Untracked 
| 191|0x00000000ebf00000, 0x00000000ebf80000, 0x00000000ec000000| 50%| E|  |TAMS 0x00000000ebf00000, 0x00000000ebf00000| Complete 
| 192|0x00000000ec000000, 0x00000000ec100000, 0x00000000ec100000|100%| E|CS|TAMS 0x00000000ec000000, 0x00000000ec000000| Complete 
| 193|0x00000000ec100000, 0x00000000ec200000, 0x00000000ec200000|100%| E|CS|TAMS 0x00000000ec100000, 0x00000000ec100000| Complete 
| 194|0x00000000ec200000, 0x00000000ec300000, 0x00000000ec300000|100%| E|CS|TAMS 0x00000000ec200000, 0x00000000ec200000| Complete 
| 195|0x00000000ec300000, 0x00000000ec400000, 0x00000000ec400000|100%| E|CS|TAMS 0x00000000ec300000, 0x00000000ec300000| Complete 
| 196|0x00000000ec400000, 0x00000000ec500000, 0x00000000ec500000|100%| E|CS|TAMS 0x00000000ec400000, 0x00000000ec400000| Complete 
| 197|0x00000000ec500000, 0x00000000ec600000, 0x00000000ec600000|100%| E|CS|TAMS 0x00000000ec500000, 0x00000000ec500000| Complete 
| 198|0x00000000ec600000, 0x00000000ec700000, 0x00000000ec700000|100%| E|CS|TAMS 0x00000000ec600000, 0x00000000ec600000| Complete 
| 199|0x00000000ec700000, 0x00000000ec800000, 0x00000000ec800000|100%| E|CS|TAMS 0x00000000ec700000, 0x00000000ec700000| Complete 
| 200|0x00000000ec800000, 0x00000000ec900000, 0x00000000ec900000|100%| E|CS|TAMS 0x00000000ec800000, 0x00000000ec800000| Complete 
| 201|0x00000000ec900000, 0x00000000eca00000, 0x00000000eca00000|100%| E|CS|TAMS 0x00000000ec900000, 0x00000000ec900000| Complete 
| 202|0x00000000eca00000, 0x00000000ecb00000, 0x00000000ecb00000|100%| E|CS|TAMS 0x00000000eca00000, 0x00000000eca00000| Complete 
| 203|0x00000000ecb00000, 0x00000000ecc00000, 0x00000000ecc00000|100%| E|CS|TAMS 0x00000000ecb00000, 0x00000000ecb00000| Complete 
| 204|0x00000000ecc00000, 0x00000000ecd00000, 0x00000000ecd00000|100%| E|CS|TAMS 0x00000000ecc00000, 0x00000000ecc00000| Complete 
| 205|0x00000000ecd00000, 0x00000000ece00000, 0x00000000ece00000|100%| E|CS|TAMS 0x00000000ecd00000, 0x00000000ecd00000| Complete 
| 206|0x00000000ece00000, 0x00000000ecf00000, 0x00000000ecf00000|100%| E|CS|TAMS 0x00000000ece00000, 0x00000000ece00000| Complete 
| 207|0x00000000ecf00000, 0x00000000ed000000, 0x00000000ed000000|100%| E|CS|TAMS 0x00000000ecf00000, 0x00000000ecf00000| Complete 
| 208|0x00000000ed000000, 0x00000000ed100000, 0x00000000ed100000|100%| E|CS|TAMS 0x00000000ed000000, 0x00000000ed000000| Complete 
| 209|0x00000000ed100000, 0x00000000ed200000, 0x00000000ed200000|100%| E|CS|TAMS 0x00000000ed100000, 0x00000000ed100000| Complete 
| 210|0x00000000ed200000, 0x00000000ed300000, 0x00000000ed300000|100%| E|CS|TAMS 0x00000000ed200000, 0x00000000ed200000| Complete 
| 211|0x00000000ed300000, 0x00000000ed400000, 0x00000000ed400000|100%| E|CS|TAMS 0x00000000ed300000, 0x00000000ed300000| Complete 
| 212|0x00000000ed400000, 0x00000000ed500000, 0x00000000ed500000|100%| E|CS|TAMS 0x00000000ed400000, 0x00000000ed400000| Complete 
| 213|0x00000000ed500000, 0x00000000ed600000, 0x00000000ed600000|100%| E|CS|TAMS 0x00000000ed500000, 0x00000000ed500000| Complete 
| 214|0x00000000ed600000, 0x00000000ed700000, 0x00000000ed700000|100%| E|CS|TAMS 0x00000000ed600000, 0x00000000ed600000| Complete 
| 215|0x00000000ed700000, 0x00000000ed800000, 0x00000000ed800000|100%| E|CS|TAMS 0x00000000ed700000, 0x00000000ed700000| Complete 
| 216|0x00000000ed800000, 0x00000000ed900000, 0x00000000ed900000|100%| E|CS|TAMS 0x00000000ed800000, 0x00000000ed800000| Complete 
| 217|0x00000000ed900000, 0x00000000eda00000, 0x00000000eda00000|100%| E|CS|TAMS 0x00000000ed900000, 0x00000000ed900000| Complete 
| 218|0x00000000eda00000, 0x00000000edb00000, 0x00000000edb00000|100%| E|CS|TAMS 0x00000000eda00000, 0x00000000eda00000| Complete 
| 219|0x00000000edb00000, 0x00000000edc00000, 0x00000000edc00000|100%| E|CS|TAMS 0x00000000edb00000, 0x00000000edb00000| Complete 
| 220|0x00000000edc00000, 0x00000000edd00000, 0x00000000edd00000|100%| E|CS|TAMS 0x00000000edc00000, 0x00000000edc00000| Complete 
| 221|0x00000000edd00000, 0x00000000ede00000, 0x00000000ede00000|100%| E|CS|TAMS 0x00000000edd00000, 0x00000000edd00000| Complete 
| 222|0x00000000ede00000, 0x00000000edf00000, 0x00000000edf00000|100%| E|CS|TAMS 0x00000000ede00000, 0x00000000ede00000| Complete 
| 223|0x00000000edf00000, 0x00000000ee000000, 0x00000000ee000000|100%| E|CS|TAMS 0x00000000edf00000, 0x00000000edf00000| Complete 
| 224|0x00000000ee000000, 0x00000000ee100000, 0x00000000ee100000|100%| E|CS|TAMS 0x00000000ee000000, 0x00000000ee000000| Complete 
| 225|0x00000000ee100000, 0x00000000ee200000, 0x00000000ee200000|100%| E|CS|TAMS 0x00000000ee100000, 0x00000000ee100000| Complete 
| 226|0x00000000ee200000, 0x00000000ee300000, 0x00000000ee300000|100%| E|CS|TAMS 0x00000000ee200000, 0x00000000ee200000| Complete 
| 227|0x00000000ee300000, 0x00000000ee400000, 0x00000000ee400000|100%| E|CS|TAMS 0x00000000ee300000, 0x00000000ee300000| Complete 
| 228|0x00000000ee400000, 0x00000000ee500000, 0x00000000ee500000|100%| E|CS|TAMS 0x00000000ee400000, 0x00000000ee400000| Complete 
| 229|0x00000000ee500000, 0x00000000ee600000, 0x00000000ee600000|100%| E|CS|TAMS 0x00000000ee500000, 0x00000000ee500000| Complete 
| 230|0x00000000ee600000, 0x00000000ee700000, 0x00000000ee700000|100%| E|CS|TAMS 0x00000000ee600000, 0x00000000ee600000| Complete 
| 231|0x00000000ee700000, 0x00000000ee800000, 0x00000000ee800000|100%| E|CS|TAMS 0x00000000ee700000, 0x00000000ee700000| Complete 
| 232|0x00000000ee800000, 0x00000000ee900000, 0x00000000ee900000|100%| E|CS|TAMS 0x00000000ee800000, 0x00000000ee800000| Complete 
| 233|0x00000000ee900000, 0x00000000eea00000, 0x00000000eea00000|100%| E|CS|TAMS 0x00000000ee900000, 0x00000000ee900000| Complete 
| 234|0x00000000eea00000, 0x00000000eeb00000, 0x00000000eeb00000|100%| E|CS|TAMS 0x00000000eea00000, 0x00000000eea00000| Complete 
| 235|0x00000000eeb00000, 0x00000000eec00000, 0x00000000eec00000|100%| E|CS|TAMS 0x00000000eeb00000, 0x00000000eeb00000| Complete 
| 236|0x00000000eec00000, 0x00000000eed00000, 0x00000000eed00000|100%| E|CS|TAMS 0x00000000eec00000, 0x00000000eec00000| Complete 
| 237|0x00000000eed00000, 0x00000000eee00000, 0x00000000eee00000|100%| E|CS|TAMS 0x00000000eed00000, 0x00000000eed00000| Complete 
| 238|0x00000000eee00000, 0x00000000eef00000, 0x00000000eef00000|100%| E|CS|TAMS 0x00000000eee00000, 0x00000000eee00000| Complete 
| 239|0x00000000eef00000, 0x00000000ef000000, 0x00000000ef000000|100%| E|CS|TAMS 0x00000000eef00000, 0x00000000eef00000| Complete 
| 240|0x00000000ef000000, 0x00000000ef100000, 0x00000000ef100000|100%| E|CS|TAMS 0x00000000ef000000, 0x00000000ef000000| Complete 
| 241|0x00000000ef100000, 0x00000000ef200000, 0x00000000ef200000|100%| E|CS|TAMS 0x00000000ef100000, 0x00000000ef100000| Complete 
| 242|0x00000000ef200000, 0x00000000ef300000, 0x00000000ef300000|100%| E|CS|TAMS 0x00000000ef200000, 0x00000000ef200000| Complete 
| 243|0x00000000ef300000, 0x00000000ef400000, 0x00000000ef400000|100%| E|CS|TAMS 0x00000000ef300000, 0x00000000ef300000| Complete 
| 244|0x00000000ef400000, 0x00000000ef500000, 0x00000000ef500000|100%| E|CS|TAMS 0x00000000ef400000, 0x00000000ef400000| Complete 
| 245|0x00000000ef500000, 0x00000000ef600000, 0x00000000ef600000|100%| E|CS|TAMS 0x00000000ef500000, 0x00000000ef500000| Complete 
| 246|0x00000000ef600000, 0x00000000ef700000, 0x00000000ef700000|100%| E|CS|TAMS 0x00000000ef600000, 0x00000000ef600000| Complete 
| 247|0x00000000ef700000, 0x00000000ef800000, 0x00000000ef800000|100%| E|CS|TAMS 0x00000000ef700000, 0x00000000ef700000| Complete 
| 248|0x00000000ef800000, 0x00000000ef900000, 0x00000000ef900000|100%| E|CS|TAMS 0x00000000ef800000, 0x00000000ef800000| Complete 
| 249|0x00000000ef900000, 0x00000000efa00000, 0x00000000efa00000|100%| E|CS|TAMS 0x00000000ef900000, 0x00000000ef900000| Complete 
| 250|0x00000000efa00000, 0x00000000efb00000, 0x00000000efb00000|100%| E|CS|TAMS 0x00000000efa00000, 0x00000000efa00000| Complete 
| 251|0x00000000efb00000, 0x00000000efc00000, 0x00000000efc00000|100%| E|CS|TAMS 0x00000000efb00000, 0x00000000efb00000| Complete 
| 252|0x00000000efc00000, 0x00000000efd00000, 0x00000000efd00000|100%| E|CS|TAMS 0x00000000efc00000, 0x00000000efc00000| Complete 
| 253|0x00000000efd00000, 0x00000000efe00000, 0x00000000efe00000|100%| E|CS|TAMS 0x00000000efd00000, 0x00000000efd00000| Complete 
| 254|0x00000000efe00000, 0x00000000eff00000, 0x00000000eff00000|100%| E|CS|TAMS 0x00000000efe00000, 0x00000000efe00000| Complete 
| 255|0x00000000eff00000, 0x00000000f0000000, 0x00000000f0000000|100%| E|CS|TAMS 0x00000000eff00000, 0x00000000eff00000| Complete 

Card table byte_map: [0x0000015d4bee0000,0x0000015d4bfe0000] _byte_map_base: 0x0000015d4b7e0000

Marking Bits (Prev, Next): (CMBitMap*) 0x0000015d3481e2f0, (CMBitMap*) 0x0000015d3481e2b0
 Prev Bits: [0x0000015d4c8e0000, 0x0000015d4d0e0000)
 Next Bits: [0x0000015d4c0e0000, 0x0000015d4c8e0000)

Polling page: 0x0000015d326a0000

Metaspace:

Usage:
  Non-class:     60.26 MB used.
      Class:      9.67 MB used.
       Both:     69.94 MB used.

Virtual space:
  Non-class space:       64.00 MB reserved,      60.69 MB ( 95%) committed,  1 nodes.
      Class space:      320.00 MB reserved,      10.00 MB (  3%) committed,  1 nodes.
             Both:      384.00 MB reserved,      70.69 MB ( 18%) committed. 

Chunk freelists:
   Non-Class:  2.97 MB
       Class:  5.94 MB
        Both:  8.91 MB

MaxMetaspaceSize: 384.00 MB
CompressedClassSpaceSize: 320.00 MB
Initial GC threshold: 21.00 MB
Current GC threshold: 98.25 MB
CDS: on
MetaspaceReclaimPolicy: balanced
 - commit_granule_bytes: 65536.
 - commit_granule_words: 8192.
 - virtual_space_node_default_size: 8388608.
 - enlarge_chunks_in_place: 1.
 - new_chunks_are_fully_committed: 0.
 - uncommit_free_chunks: 1.
 - use_allocation_guard: 0.
 - handle_deallocations: 1.


Internal statistics:

num_allocs_failed_limit: 9.
num_arena_births: 948.
num_arena_deaths: 2.
num_vsnodes_births: 2.
num_vsnodes_deaths: 0.
num_space_committed: 1131.
num_space_uncommitted: 0.
num_chunks_returned_to_freelist: 14.
num_chunks_taken_from_freelist: 4094.
num_chunk_merges: 9.
num_chunk_splits: 2580.
num_chunks_enlarged: 1587.
num_inconsistent_stats: 0.

CodeHeap 'non-profiled nmethods': size=119168Kb used=8816Kb max_used=8816Kb free=110352Kb
 bounds [0x0000015d43ed0000, 0x0000015d44770000, 0x0000015d4b330000]
CodeHeap 'profiled nmethods': size=119104Kb used=25071Kb max_used=25269Kb free=94032Kb
 bounds [0x0000015d3c330000, 0x0000015d3dbf0000, 0x0000015d43780000]
CodeHeap 'non-nmethods': size=7488Kb used=4053Kb max_used=4126Kb free=3434Kb
 bounds [0x0000015d43780000, 0x0000015d43ba0000, 0x0000015d43ed0000]
 total_blobs=13518 nmethods=12629 adapters=797
 compilation: enabled
              stopped_count=0, restarted_count=0
 full_count=0

Compilation events (20 events):
Event: 19.405 Thread 0x0000015d5043a5f0 14769       3       java.nio.channels.spi.AbstractInterruptibleChannel::<init> (16 bytes)
Event: 19.406 Thread 0x0000015d5043a5f0 nmethod 14769 0x0000015d3d328110 code [0x0000015d3d3282c0, 0x0000015d3d328538]
Event: 19.415 Thread 0x0000015d5043a5f0 14770       3       org.gradle.cache.internal.btree.BTreePersistentIndexedCache$Lookup::<init> (8 bytes)
Event: 19.415 Thread 0x0000015d6ca41fd0 14771       3       org.gradle.cache.internal.btree.BTreePersistentIndexedCache$Lookup::<init> (20 bytes)
Event: 19.415 Thread 0x0000015d502dde40 14772       3       org.gradle.internal.snapshot.AbstractListChildMap::withReplacedChild (78 bytes)
Event: 19.415 Thread 0x0000015d6ca41fd0 nmethod 14771 0x0000015d3d327b90 code [0x0000015d3d327d40, 0x0000015d3d327fb8]
Event: 19.415 Thread 0x0000015d5043a5f0 nmethod 14770 0x0000015d3d34c690 code [0x0000015d3d34c840, 0x0000015d3d34cb18]
Event: 19.416 Thread 0x0000015d6ca41fd0 14773       3       org.gradle.internal.file.FileHierarchySet::<init> (5 bytes)
Event: 19.416 Thread 0x0000015d50318a60 14774       3       org.gradle.internal.file.FileHierarchySet$PrefixFileSet::removeTrailingSeparator (39 bytes)
Event: 19.416 Thread 0x0000015d6ca41fd0 nmethod 14773 0x0000015d3d34c290 code [0x0000015d3d34c440, 0x0000015d3d34c598]
Event: 19.416 Thread 0x0000015d6ca41fd0 14775       3       org.gradle.api.internal.file.DefaultFileCollectionFactory$FixedFileCollection::<init> (18 bytes)
Event: 19.416 Thread 0x0000015d502dde40 nmethod 14772 0x0000015d3d34af10 code [0x0000015d3d34b180, 0x0000015d3d34be38]
Event: 19.416 Thread 0x0000015d50318a60 nmethod 14774 0x0000015d3d34a510 code [0x0000015d3d34a720, 0x0000015d3d34acc8]
Event: 19.417 Thread 0x0000015d6ca41fd0 nmethod 14775 0x0000015d3d349e90 code [0x0000015d3d34a060, 0x0000015d3d34a3f8]
Event: 19.424 Thread 0x0000015d5043a5f0 14780       3       org.apache.groovy.parser.antlr4.GroovyParser$IdentifierPrmrAltContext::<init> (10 bytes)
Event: 19.424 Thread 0x0000015d5043a5f0 nmethod 14780 0x0000015d3d349710 code [0x0000015d3d3498e0, 0x0000015d3d349d08]
Event: 19.428 Thread 0x0000015d6ca41fd0 14782       3       org.apache.groovy.parser.antlr4.GroovyParser$PrimaryContext::<init> (7 bytes)
Event: 19.429 Thread 0x0000015d50318a60 14784       3       org.apache.groovy.parser.antlr4.GroovyParser$RparenContext::<init> (7 bytes)
Event: 19.429 Thread 0x0000015d502dde40 14783   !   3       org.apache.groovy.parser.antlr4.GroovyParser::rparen (98 bytes)
Event: 19.430 Thread 0x0000015d5043a5f0 14785       3       groovyjarjarantlr4.v4.runtime.atn.LexerPushModeAction::execute (9 bytes)

GC Heap History (20 events):
Event: 3.458 GC heap before
{Heap before GC invocations=2 (full 0):
 garbage-first heap   total 262144K, used 164816K [0x00000000e0000000, 0x0000000100000000)
  region size 1024K, 153 young (156672K), 5 survivors (5120K)
 Metaspace       used 19899K, committed 20224K, reserved 393216K
  class space    used 2889K, committed 3008K, reserved 327680K
}
Event: 3.470 GC heap after
{Heap after GC invocations=3 (full 0):
 garbage-first heap   total 262144K, used 22853K [0x00000000e0000000, 0x0000000100000000)
  region size 1024K, 16 young (16384K), 16 survivors (16384K)
 Metaspace       used 19899K, committed 20224K, reserved 393216K
  class space    used 2889K, committed 3008K, reserved 327680K
}
Event: 3.696 GC heap before
{Heap before GC invocations=3 (full 0):
 garbage-first heap   total 262144K, used 36165K [0x00000000e0000000, 0x0000000100000000)
  region size 1024K, 30 young (30720K), 16 survivors (16384K)
 Metaspace       used 21189K, committed 21504K, reserved 393216K
  class space    used 3073K, committed 3200K, reserved 327680K
}
Event: 3.704 GC heap after
{Heap after GC invocations=4 (full 0):
 garbage-first heap   total 262144K, used 25314K [0x00000000e0000000, 0x0000000100000000)
  region size 1024K, 2 young (2048K), 2 survivors (2048K)
 Metaspace       used 21189K, committed 21504K, reserved 393216K
  class space    used 3073K, committed 3200K, reserved 327680K
}
Event: 7.441 GC heap before
{Heap before GC invocations=5 (full 0):
 garbage-first heap   total 262144K, used 167650K [0x00000000e0000000, 0x0000000100000000)
  region size 1024K, 143 young (146432K), 2 survivors (2048K)
 Metaspace       used 35619K, committed 35968K, reserved 393216K
  class space    used 5088K, committed 5248K, reserved 327680K
}
Event: 7.449 GC heap after
{Heap after GC invocations=6 (full 0):
 garbage-first heap   total 262144K, used 33384K [0x00000000e0000000, 0x0000000100000000)
  region size 1024K, 10 young (10240K), 10 survivors (10240K)
 Metaspace       used 35619K, committed 35968K, reserved 393216K
  class space    used 5088K, committed 5248K, reserved 327680K
}
Event: 8.547 GC heap before
{Heap before GC invocations=7 (full 0):
 garbage-first heap   total 262144K, used 184936K [0x00000000e0000000, 0x0000000100000000)
  region size 1024K, 153 young (156672K), 10 survivors (10240K)
 Metaspace       used 42265K, committed 42688K, reserved 393216K
  class space    used 5803K, committed 6016K, reserved 327680K
}
Event: 8.557 GC heap after
{Heap after GC invocations=8 (full 0):
 garbage-first heap   total 262144K, used 43265K [0x00000000e0000000, 0x0000000100000000)
  region size 1024K, 20 young (20480K), 20 survivors (20480K)
 Metaspace       used 42265K, committed 42688K, reserved 393216K
  class space    used 5803K, committed 6016K, reserved 327680K
}
Event: 8.559 GC heap before
{Heap before GC invocations=8 (full 0):
 garbage-first heap   total 262144K, used 44289K [0x00000000e0000000, 0x0000000100000000)
  region size 1024K, 21 young (21504K), 20 survivors (20480K)
 Metaspace       used 42265K, committed 42688K, reserved 393216K
  class space    used 5803K, committed 6016K, reserved 327680K
}
Event: 8.569 GC heap after
{Heap after GC invocations=9 (full 0):
 garbage-first heap   total 262144K, used 44184K [0x00000000e0000000, 0x0000000100000000)
  region size 1024K, 3 young (3072K), 3 survivors (3072K)
 Metaspace       used 42265K, committed 42688K, reserved 393216K
  class space    used 5803K, committed 6016K, reserved 327680K
}
Event: 10.473 GC heap before
{Heap before GC invocations=9 (full 0):
 garbage-first heap   total 262144K, used 199832K [0x00000000e0000000, 0x0000000100000000)
  region size 1024K, 153 young (156672K), 3 survivors (3072K)
 Metaspace       used 50908K, committed 51456K, reserved 393216K
  class space    used 6999K, committed 7296K, reserved 327680K
}
Event: 10.480 GC heap after
{Heap after GC invocations=10 (full 0):
 garbage-first heap   total 262144K, used 51056K [0x00000000e0000000, 0x0000000100000000)
  region size 1024K, 10 young (10240K), 10 survivors (10240K)
 Metaspace       used 50908K, committed 51456K, reserved 393216K
  class space    used 6999K, committed 7296K, reserved 327680K
}
Event: 12.549 GC heap before
{Heap before GC invocations=10 (full 0):
 garbage-first heap   total 262144K, used 158576K [0x00000000e0000000, 0x0000000100000000)
  region size 1024K, 117 young (119808K), 10 survivors (10240K)
 Metaspace       used 59583K, committed 60160K, reserved 393216K
  class space    used 8397K, committed 8704K, reserved 327680K
}
Event: 12.556 GC heap after
{Heap after GC invocations=11 (full 0):
 garbage-first heap   total 262144K, used 55658K [0x00000000e0000000, 0x0000000100000000)
  region size 1024K, 14 young (14336K), 14 survivors (14336K)
 Metaspace       used 59583K, committed 60160K, reserved 393216K
  class space    used 8397K, committed 8704K, reserved 327680K
}
Event: 14.492 GC heap before
{Heap before GC invocations=12 (full 0):
 garbage-first heap   total 262144K, used 197993K [0x00000000e0000000, 0x0000000100000000)
  region size 1024K, 153 young (156672K), 14 survivors (14336K)
 Metaspace       used 64747K, committed 65408K, reserved 393216K
  class space    used 8952K, committed 9280K, reserved 327680K
}
Event: 14.504 GC heap after
{Heap after GC invocations=13 (full 0):
 garbage-first heap   total 262144K, used 68302K [0x00000000e0000000, 0x0000000100000000)
  region size 1024K, 19 young (19456K), 19 survivors (19456K)
 Metaspace       used 64747K, committed 65408K, reserved 393216K
  class space    used 8952K, committed 9280K, reserved 327680K
}
Event: 15.701 GC heap before
{Heap before GC invocations=13 (full 0):
 garbage-first heap   total 262144K, used 204494K [0x00000000e0000000, 0x0000000100000000)
  region size 1024K, 152 young (155648K), 19 survivors (19456K)
 Metaspace       used 65604K, committed 66304K, reserved 393216K
  class space    used 8957K, committed 9280K, reserved 327680K
}
Event: 15.713 GC heap after
{Heap after GC invocations=14 (full 0):
 garbage-first heap   total 262144K, used 77371K [0x00000000e0000000, 0x0000000100000000)
  region size 1024K, 10 young (10240K), 10 survivors (10240K)
 Metaspace       used 65604K, committed 66304K, reserved 393216K
  class space    used 8957K, committed 9280K, reserved 327680K
}
Event: 17.331 GC heap before
{Heap before GC invocations=14 (full 0):
 garbage-first heap   total 262144K, used 207419K [0x00000000e0000000, 0x0000000100000000)
  region size 1024K, 137 young (140288K), 10 survivors (10240K)
 Metaspace       used 69355K, committed 70080K, reserved 393216K
  class space    used 9542K, committed 9856K, reserved 327680K
}
Event: 17.337 GC heap after
{Heap after GC invocations=15 (full 0):
 garbage-first heap   total 262144K, used 83498K [0x00000000e0000000, 0x0000000100000000)
  region size 1024K, 16 young (16384K), 16 survivors (16384K)
 Metaspace       used 69355K, committed 70080K, reserved 393216K
  class space    used 9542K, committed 9856K, reserved 327680K
}

Dll operation events (15 events):
Event: 0.007 Loaded shared library C:\Program Files\Amazon Corretto\jdk17.0.16_8\bin\java.dll
Event: 0.032 Loaded shared library C:\Program Files\Amazon Corretto\jdk17.0.16_8\bin\jsvml.dll
Event: 0.091 Loaded shared library C:\Program Files\Amazon Corretto\jdk17.0.16_8\bin\zip.dll
Event: 0.099 Loaded shared library C:\Program Files\Amazon Corretto\jdk17.0.16_8\bin\instrument.dll
Event: 0.105 Loaded shared library C:\Program Files\Amazon Corretto\jdk17.0.16_8\bin\net.dll
Event: 0.106 Loaded shared library C:\Program Files\Amazon Corretto\jdk17.0.16_8\bin\nio.dll
Event: 0.108 Loaded shared library C:\Program Files\Amazon Corretto\jdk17.0.16_8\bin\zip.dll
Event: 0.306 Loaded shared library C:\Program Files\Amazon Corretto\jdk17.0.16_8\bin\jimage.dll
Event: 0.401 Loaded shared library C:\Program Files\Amazon Corretto\jdk17.0.16_8\bin\verify.dll
Event: 0.477 Loaded shared library C:\Users\Administrator\.gradle\native\1def1411415f61bf3af743bc5b6707747c0891f09f0c88961ee8f79bc544acac\windows-amd64\native-platform.dll
Event: 0.486 Loaded shared library C:\Users\Administrator\.gradle\native\0.2.7\x86_64-windows-gnu\gradle-fileevents.dll
Event: 1.209 Loaded shared library C:\Program Files\Amazon Corretto\jdk17.0.16_8\bin\management.dll
Event: 1.211 Loaded shared library C:\Program Files\Amazon Corretto\jdk17.0.16_8\bin\management_ext.dll
Event: 1.448 Loaded shared library C:\Program Files\Amazon Corretto\jdk17.0.16_8\bin\extnet.dll
Event: 1.673 Loaded shared library C:\Program Files\Amazon Corretto\jdk17.0.16_8\bin\sunmscapi.dll

Deoptimization events (20 events):
Event: 19.324 Thread 0x0000015d6b26bf10 Uncommon trap: trap_request=0xffffff45 fr.pc=0x0000015d442038bc relative=0x000000000000129c
Event: 19.324 Thread 0x0000015d6b26bf10 Uncommon trap: reason=unstable_if action=reinterpret pc=0x0000015d442038bc method=org.gradle.cache.internal.btree.BTreePersistentIndexedCache$IndexBlock.find(J)Lorg/gradle/cache/internal/btree/BTreePersistentIndexedCache$Lookup; @ 98 c2
Event: 19.324 Thread 0x0000015d6b26bf10 DEOPT PACKING pc=0x0000015d442038bc sp=0x0000004a271feaf0
Event: 19.324 Thread 0x0000015d6b26bf10 DEOPT UNPACKING pc=0x0000015d437d69a3 sp=0x0000004a271fea28 mode 2
Event: 19.326 Thread 0x0000015d6b26bf10 Uncommon trap: trap_request=0xffffffbe fr.pc=0x0000015d4456a010 relative=0x0000000000000250
Event: 19.326 Thread 0x0000015d6b26bf10 Uncommon trap: reason=profile_predicate action=maybe_recompile pc=0x0000015d4456a010 method=java.util.Collections.indexedBinarySearch(Ljava/util/List;Ljava/lang/Object;)I @ 13 c2
Event: 19.326 Thread 0x0000015d6b26bf10 DEOPT PACKING pc=0x0000015d4456a010 sp=0x0000004a271fe570
Event: 19.326 Thread 0x0000015d6b26bf10 DEOPT UNPACKING pc=0x0000015d437d69a3 sp=0x0000004a271fe4f0 mode 2
Event: 19.392 Thread 0x0000015d6b269ba0 Uncommon trap: trap_request=0xffffff45 fr.pc=0x0000015d44644a60 relative=0x00000000000000c0
Event: 19.393 Thread 0x0000015d6b269ba0 Uncommon trap: reason=unstable_if action=reinterpret pc=0x0000015d44644a60 method=java.util.LinkedList.node(I)Ljava/util/LinkedList$Node; @ 49 c2
Event: 19.393 Thread 0x0000015d6b269ba0 DEOPT PACKING pc=0x0000015d44644a60 sp=0x0000004a26df6230
Event: 19.393 Thread 0x0000015d6b269ba0 DEOPT UNPACKING pc=0x0000015d437d69a3 sp=0x0000004a26df61a8 mode 2
Event: 19.414 Thread 0x0000015d6b26bf10 Uncommon trap: trap_request=0xffffffbe fr.pc=0x0000015d4456a010 relative=0x0000000000000250
Event: 19.414 Thread 0x0000015d6b26bf10 Uncommon trap: reason=profile_predicate action=maybe_recompile pc=0x0000015d4456a010 method=java.util.Collections.indexedBinarySearch(Ljava/util/List;Ljava/lang/Object;)I @ 13 c2
Event: 19.414 Thread 0x0000015d6b26bf10 DEOPT PACKING pc=0x0000015d4456a010 sp=0x0000004a271fe570
Event: 19.414 Thread 0x0000015d6b26bf10 DEOPT UNPACKING pc=0x0000015d437d69a3 sp=0x0000004a271fe4f0 mode 2
Event: 19.415 Thread 0x0000015d6b26bf10 Uncommon trap: trap_request=0xffffffbe fr.pc=0x0000015d4456a010 relative=0x0000000000000250
Event: 19.415 Thread 0x0000015d6b26bf10 Uncommon trap: reason=profile_predicate action=maybe_recompile pc=0x0000015d4456a010 method=java.util.Collections.indexedBinarySearch(Ljava/util/List;Ljava/lang/Object;)I @ 13 c2
Event: 19.415 Thread 0x0000015d6b26bf10 DEOPT PACKING pc=0x0000015d4456a010 sp=0x0000004a271fe570
Event: 19.415 Thread 0x0000015d6b26bf10 DEOPT UNPACKING pc=0x0000015d437d69a3 sp=0x0000004a271fe4f0 mode 2

Classes loaded (20 events):
Event: 17.633 Loading class java/net/Proxy
Event: 17.633 Loading class java/net/Proxy done
Event: 17.642 Loading class java/util/HashMap$EntrySpliterator
Event: 17.642 Loading class java/util/HashMap$EntrySpliterator done
Event: 17.723 Loading class java/time/Instant$1
Event: 17.723 Loading class java/time/Instant$1 done
Event: 17.764 Loading class java/util/Locale$1
Event: 17.764 Loading class java/util/Locale$1 done
Event: 17.774 Loading class java/util/concurrent/CompletableFuture$AsyncRun
Event: 17.774 Loading class java/util/concurrent/CompletableFuture$AsyncRun done
Event: 18.575 Loading class jdk/internal/math/FormattedFloatingDecimal$Form
Event: 18.575 Loading class jdk/internal/math/FormattedFloatingDecimal$Form done
Event: 18.575 Loading class jdk/internal/math/FormattedFloatingDecimal
Event: 18.576 Loading class jdk/internal/math/FormattedFloatingDecimal done
Event: 18.576 Loading class jdk/internal/math/FormattedFloatingDecimal$1
Event: 18.576 Loading class jdk/internal/math/FormattedFloatingDecimal$1 done
Event: 18.576 Loading class jdk/internal/math/FormattedFloatingDecimal$2
Event: 18.576 Loading class jdk/internal/math/FormattedFloatingDecimal$2 done
Event: 18.577 Loading class sun/text/resources/cldr/FormatData_en
Event: 18.578 Loading class sun/text/resources/cldr/FormatData_en done

Classes unloaded (3 events):
Event: 12.584 Thread 0x0000015d502f06c0 Unloading class 0x0000015d525503e8 '_BuildScript_$_run_closure1$_closure2'
Event: 12.584 Thread 0x0000015d502f06c0 Unloading class 0x0000015d52550000 '_BuildScript_$_run_closure1'
Event: 12.584 Thread 0x0000015d502f06c0 Unloading class 0x0000015d52540800 '_BuildScript_'

Classes redefined (0 events):
No events

Internal exceptions (20 events):
Event: 17.474 Thread 0x0000015d6b269ba0 Exception <a 'java/lang/ClassNotFoundException'{0x00000000eec2ab28}: org/gradle/api/internal/ConventionTaskBeanInfo> (0x00000000eec2ab28) 
thrown [s\src\hotspot\share\classfile\systemDictionary.cpp, line 256]
Event: 17.474 Thread 0x0000015d6b269ba0 Exception <a 'java/lang/ClassNotFoundException'{0x00000000eec36b50}: org/gradle/api/DefaultTaskBeanInfo> (0x00000000eec36b50) 
thrown [s\src\hotspot\share\classfile\systemDictionary.cpp, line 256]
Event: 17.475 Thread 0x0000015d6b269ba0 Exception <a 'java/lang/ClassNotFoundException'{0x00000000eec42ea8}: org/gradle/api/internal/AbstractTaskBeanInfo> (0x00000000eec42ea8) 
thrown [s\src\hotspot\share\classfile\systemDictionary.cpp, line 256]
Event: 17.476 Thread 0x0000015d6b269ba0 Exception <a 'java/lang/ClassNotFoundException'{0x00000000eec4f1f0}: org/gradle/api/internal/AbstractTaskCustomizer> (0x00000000eec4f1f0) 
thrown [s\src\hotspot\share\classfile\systemDictionary.cpp, line 256]
Event: 17.478 Thread 0x0000015d6b269ba0 Exception <a 'java/lang/ClassNotFoundException'{0x00000000eecb09c8}: org/gradle/api/DefaultTaskCustomizer> (0x00000000eecb09c8) 
thrown [s\src\hotspot\share\classfile\systemDictionary.cpp, line 256]
Event: 17.481 Thread 0x0000015d6b269ba0 Exception <a 'java/lang/ClassNotFoundException'{0x00000000eeb1a238}: org/gradle/api/internal/ConventionTaskCustomizer> (0x00000000eeb1a238) 
thrown [s\src\hotspot\share\classfile\systemDictionary.cpp, line 256]
Event: 17.482 Thread 0x0000015d6b269ba0 Exception <a 'java/lang/ClassNotFoundException'{0x00000000eeb37630}: org/gradle/api/tasks/testing/AbstractTestTaskCustomizer> (0x00000000eeb37630) 
thrown [s\src\hotspot\share\classfile\systemDictionary.cpp, line 256]
Event: 17.483 Thread 0x0000015d6b269ba0 Exception <a 'java/lang/ClassNotFoundException'{0x00000000eeb619e0}: org/gradle/api/tasks/testing/TestCustomizer> (0x00000000eeb619e0) 
thrown [s\src\hotspot\share\classfile\systemDictionary.cpp, line 256]
Event: 17.487 Thread 0x0000015d6b269ba0 Exception <a 'java/lang/ClassNotFoundException'{0x00000000eebf93c0}: org/gradle/api/tasks/testing/Test_DecoratedCustomizer> (0x00000000eebf93c0) 
thrown [s\src\hotspot\share\classfile\systemDictionary.cpp, line 256]
Event: 17.629 Thread 0x0000015d6b26ba00 Exception <a 'java/lang/NoSuchMethodError'{0x00000000ee3814f0}: static [Ljava/lang/Object;.<clinit>()V> (0x00000000ee3814f0) 
thrown [s\src\hotspot\share\prims\jni.cpp, line 1112]
Event: 17.631 Thread 0x0000015d6b26ba00 Exception <a 'java/lang/NoSuchMethodError'{0x00000000ee38c528}: static Lorg/gradle/internal/classloader/ClassLoaderSpec;.<clinit>()V> (0x00000000ee38c528) 
thrown [s\src\hotspot\share\prims\jni.cpp, line 1112]
Event: 17.632 Thread 0x0000015d6b26ba00 Exception <a 'java/lang/NoSuchMethodError'{0x00000000ee00b600}: static Lorg/gradle/internal/classloader/VisitableURLClassLoader$Spec;.<clinit>()V> (0x00000000ee00b600) 
thrown [s\src\hotspot\share\prims\jni.cpp, line 1112]
Event: 17.635 Thread 0x0000015d6b26ba00 Exception <a 'java/lang/NoSuchMethodError'{0x00000000ee029c60}: static [Ljava/net/URL;.<clinit>()V> (0x00000000ee029c60) 
thrown [s\src\hotspot\share\prims\jni.cpp, line 1112]
Event: 17.636 Thread 0x0000015d6b26ba00 Exception <a 'java/lang/NoSuchMethodError'{0x00000000ee031848}: static [B.<clinit>()V> (0x00000000ee031848) 
thrown [s\src\hotspot\share\prims\jni.cpp, line 1112]
Event: 17.641 Thread 0x0000015d6b269ba0 Exception <a 'sun/nio/fs/WindowsException'{0x00000000ee057ca0}> (0x00000000ee057ca0) 
thrown [s\src\hotspot\share\prims\jni.cpp, line 516]
Event: 17.708 Thread 0x0000015d6b26ba00 Exception <a 'java/lang/NoSuchMethodError'{0x00000000edf87030}: static Lorg/gradle/internal/build/event/types/DefaultRootOperationDescriptor;.<clinit>()V> (0x00000000edf87030) 
thrown [s\src\hotspot\share\prims\jni.cpp, line 1112]
Event: 19.398 Thread 0x0000015d6b269ba0 Exception <a 'sun/nio/fs/WindowsException'{0x00000000ec2a4a38}> (0x00000000ec2a4a38) 
thrown [s\src\hotspot\share\prims\jni.cpp, line 516]
Event: 19.399 Thread 0x0000015d6b269ba0 Exception <a 'sun/nio/fs/WindowsException'{0x00000000ec2a63f0}> (0x00000000ec2a63f0) 
thrown [s\src\hotspot\share\prims\jni.cpp, line 516]
Event: 19.411 Thread 0x0000015d504047b0 Exception <a 'sun/nio/fs/WindowsException'{0x00000000ec118a20}> (0x00000000ec118a20) 
thrown [s\src\hotspot\share\prims\jni.cpp, line 516]
Event: 19.411 Thread 0x0000015d504047b0 Exception <a 'sun/nio/fs/WindowsException'{0x00000000ec119150}> (0x00000000ec119150) 
thrown [s\src\hotspot\share\prims\jni.cpp, line 516]

VM Operations (20 events):
Event: 17.058 Executing VM operation: HandshakeAllThreads done
Event: 17.064 Executing VM operation: HandshakeAllThreads
Event: 17.065 Executing VM operation: HandshakeAllThreads done
Event: 17.117 Executing VM operation: ICBufferFull
Event: 17.118 Executing VM operation: ICBufferFull done
Event: 17.201 Executing VM operation: HandshakeAllThreads
Event: 17.201 Executing VM operation: HandshakeAllThreads done
Event: 17.331 Executing VM operation: G1CollectForAllocation
Event: 17.337 Executing VM operation: G1CollectForAllocation done
Event: 17.547 Executing VM operation: ICBufferFull
Event: 17.547 Executing VM operation: ICBufferFull done
Event: 17.573 Executing VM operation: HandshakeAllThreads
Event: 17.573 Executing VM operation: HandshakeAllThreads done
Event: 17.575 Executing VM operation: HandshakeAllThreads
Event: 17.576 Executing VM operation: HandshakeAllThreads done
Event: 18.587 Executing VM operation: Cleanup
Event: 18.588 Executing VM operation: Cleanup done
Event: 19.390 Executing VM operation: HandshakeAllThreads
Event: 19.390 Executing VM operation: HandshakeAllThreads done
Event: 20.402 Executing VM operation: Cleanup

Memory protections (0 events):
No events

Nmethod flushes (20 events):
Event: 17.217 Thread 0x0000015d50324880 flushing  nmethod 0x0000015d3d709390
Event: 17.218 Thread 0x0000015d50324880 flushing  nmethod 0x0000015d3d7f3990
Event: 17.218 Thread 0x0000015d50324880 flushing  nmethod 0x0000015d3d808e90
Event: 17.218 Thread 0x0000015d50324880 flushing  nmethod 0x0000015d3d826890
Event: 17.218 Thread 0x0000015d50324880 flushing  nmethod 0x0000015d3d87ee90
Event: 17.218 Thread 0x0000015d50324880 flushing  nmethod 0x0000015d3d8c2690
Event: 17.218 Thread 0x0000015d50324880 flushing  nmethod 0x0000015d3d8dfb10
Event: 17.218 Thread 0x0000015d50324880 flushing  nmethod 0x0000015d3d900090
Event: 17.218 Thread 0x0000015d50324880 flushing  nmethod 0x0000015d3d920690
Event: 17.218 Thread 0x0000015d50324880 flushing  nmethod 0x0000015d3d943190
Event: 17.218 Thread 0x0000015d50324880 flushing  nmethod 0x0000015d3d944610
Event: 17.218 Thread 0x0000015d50324880 flushing  nmethod 0x0000015d3d96f590
Event: 17.218 Thread 0x0000015d50324880 flushing  nmethod 0x0000015d3d9d0b10
Event: 17.219 Thread 0x0000015d50324880 flushing  nmethod 0x0000015d3da10c10
Event: 17.219 Thread 0x0000015d50324880 flushing  nmethod 0x0000015d3da1a490
Event: 17.219 Thread 0x0000015d50324880 flushing  nmethod 0x0000015d3da20c90
Event: 17.219 Thread 0x0000015d50324880 flushing  nmethod 0x0000015d3da4ac10
Event: 17.219 Thread 0x0000015d50324880 flushing  nmethod 0x0000015d3da87490
Event: 17.219 Thread 0x0000015d50324880 flushing  nmethod 0x0000015d3daa6110
Event: 17.220 Thread 0x0000015d50324880 flushing  nmethod 0x0000015d3db67690

Events (20 events):
Event: 17.986 Thread 0x0000015d50a91340 Thread exited: 0x0000015d50a91340
Event: 18.567 Thread 0x0000015d6b55d160 Thread added: 0x0000015d504042a0
Event: 18.569 Thread 0x0000015d6edc0c80 Thread exited: 0x0000015d6edc0c80
Event: 18.570 Thread 0x0000015d6edc01e0 Thread exited: 0x0000015d6edc01e0
Event: 18.570 Thread 0x0000015d6edc1720 Thread exited: 0x0000015d6edc1720
Event: 18.570 Thread 0x0000015d6b55d160 Thread added: 0x0000015d50406100
Event: 18.575 Thread 0x0000015d6b269ba0 Thread added: 0x0000015d50406610
Event: 18.580 Thread 0x0000015d6b269ba0 Thread added: 0x0000015d50402e60
Event: 18.580 Thread 0x0000015d6b269ba0 Thread added: 0x0000015d504056e0
Event: 18.590 Thread 0x0000015d6b269ba0 Thread added: 0x0000015d50406b20
Event: 18.607 Thread 0x0000015d6b269ba0 Thread added: 0x0000015d50403d90
Event: 18.932 Thread 0x0000015d6edb9cf0 Thread exited: 0x0000015d6edb9cf0
Event: 19.335 Thread 0x0000015d502dde40 Thread added: 0x0000015d6edb9cf0
Event: 19.335 Thread 0x0000015d502dde40 Thread added: 0x0000015d6edbf1f0
Event: 19.335 Thread 0x0000015d502dde40 Thread added: 0x0000015d6edbf740
Event: 19.338 Thread 0x0000015d502dde40 Thread added: 0x0000015d6edbc220
Event: 19.338 Thread 0x0000015d502dde40 Thread added: 0x0000015d6edc0c80
Event: 19.363 Thread 0x0000015d50318a60 Thread added: 0x0000015d6edc01e0
Event: 19.394 Thread 0x0000015d5043a5f0 Thread added: 0x0000015d6edc11d0
Event: 19.407 Thread 0x0000015d6b269ba0 Thread added: 0x0000015d504047b0


Dynamic libraries:
0x00007ff69a070000 - 0x00007ff69a07e000 	C:\Program Files\Amazon Corretto\jdk17.0.16_8\bin\java.exe
0x00007ff922560000 - 0x00007ff9227c7000 	C:\WINDOWS\SYSTEM32\ntdll.dll
0x00007ff9215f0000 - 0x00007ff9216b9000 	C:\WINDOWS\System32\KERNEL32.DLL
0x00007ff91f9f0000 - 0x00007ff91fde0000 	C:\WINDOWS\System32\KERNELBASE.dll
0x00007ff91fee0000 - 0x00007ff92002b000 	C:\WINDOWS\System32\ucrtbase.dll
0x00007ff900a00000 - 0x00007ff900a1b000 	C:\Program Files\Amazon Corretto\jdk17.0.16_8\bin\VCRUNTIME140.dll
0x00007ff9009e0000 - 0x00007ff9009f7000 	C:\Program Files\Amazon Corretto\jdk17.0.16_8\bin\jli.dll
0x00007ff920330000 - 0x00007ff9204f5000 	C:\WINDOWS\System32\USER32.dll
0x00007ff90aa60000 - 0x00007ff90acfa000 	C:\WINDOWS\WinSxS\amd64_microsoft.windows.common-controls_6595b64144ccf1df_6.0.26100.4768_none_3e0c112ce331287c\COMCTL32.dll
0x00007ff91feb0000 - 0x00007ff91fed7000 	C:\WINDOWS\System32\win32u.dll
0x00007ff920600000 - 0x00007ff9206a9000 	C:\WINDOWS\System32\msvcrt.dll
0x00007ff9224f0000 - 0x00007ff92251b000 	C:\WINDOWS\System32\GDI32.dll
0x00007ff920030000 - 0x00007ff920168000 	C:\WINDOWS\System32\gdi32full.dll
0x00007ff91f7c0000 - 0x00007ff91f863000 	C:\WINDOWS\System32\msvcp_win.dll
0x00007ff920cb0000 - 0x00007ff920cdf000 	C:\WINDOWS\System32\IMM32.DLL
0x00007ff90f010000 - 0x00007ff90f01c000 	C:\Program Files\Amazon Corretto\jdk17.0.16_8\bin\vcruntime140_1.dll
0x00007ff9007d0000 - 0x00007ff90085d000 	C:\Program Files\Amazon Corretto\jdk17.0.16_8\bin\msvcp140.dll
0x00007ff8e8ae0000 - 0x00007ff8e974c000 	C:\Program Files\Amazon Corretto\jdk17.0.16_8\bin\server\jvm.dll
0x00007ff9210a0000 - 0x00007ff921154000 	C:\WINDOWS\System32\ADVAPI32.dll
0x00007ff9217c0000 - 0x00007ff921866000 	C:\WINDOWS\System32\sechost.dll
0x00007ff921870000 - 0x00007ff921988000 	C:\WINDOWS\System32\RPCRT4.dll
0x00007ff921cb0000 - 0x00007ff921d24000 	C:\WINDOWS\System32\WS2_32.dll
0x00007ff9176d0000 - 0x00007ff917705000 	C:\WINDOWS\SYSTEM32\WINMM.dll
0x00007ff91f4f0000 - 0x00007ff91f54e000 	C:\WINDOWS\SYSTEM32\POWRPROF.dll
0x00007ff90de50000 - 0x00007ff90de5b000 	C:\WINDOWS\SYSTEM32\VERSION.dll
0x00007ff91f4d0000 - 0x00007ff91f4e4000 	C:\WINDOWS\SYSTEM32\UMPDC.dll
0x00007ff91e3d0000 - 0x00007ff91e3eb000 	C:\WINDOWS\SYSTEM32\kernel.appcore.dll
0x00007ff90b640000 - 0x00007ff90b64a000 	C:\Program Files\Amazon Corretto\jdk17.0.16_8\bin\jimage.dll
0x00007ff8fffc0000 - 0x00007ff900201000 	C:\WINDOWS\SYSTEM32\DBGHELP.DLL
0x00007ff921170000 - 0x00007ff9214f5000 	C:\WINDOWS\System32\combase.dll
0x00007ff921500000 - 0x00007ff9215e0000 	C:\WINDOWS\System32\OLEAUT32.dll
0x00007ff8ffe90000 - 0x00007ff8ffed3000 	C:\WINDOWS\SYSTEM32\dbgcore.DLL
0x00007ff91f690000 - 0x00007ff91f729000 	C:\WINDOWS\System32\bcryptPrimitives.dll
0x00007ff906fb0000 - 0x00007ff906fbe000 	C:\Program Files\Amazon Corretto\jdk17.0.16_8\bin\instrument.dll
0x00007ff9009b0000 - 0x00007ff9009d5000 	C:\Program Files\Amazon Corretto\jdk17.0.16_8\bin\java.dll
0x00007ff8ef9e0000 - 0x00007ff8efab7000 	C:\Program Files\Amazon Corretto\jdk17.0.16_8\bin\jsvml.dll
0x00007ff921da0000 - 0x00007ff9224ed000 	C:\WINDOWS\System32\SHELL32.dll
0x00007ff91f870000 - 0x00007ff91f9e3000 	C:\WINDOWS\System32\wintypes.dll
0x00007ff91d250000 - 0x00007ff91daaf000 	C:\WINDOWS\SYSTEM32\windows.storage.dll
0x00007ff9216c0000 - 0x00007ff9217b5000 	C:\WINDOWS\System32\SHCORE.dll
0x00007ff921d30000 - 0x00007ff921d9a000 	C:\WINDOWS\System32\shlwapi.dll
0x00007ff91f5b0000 - 0x00007ff91f5d9000 	C:\WINDOWS\SYSTEM32\profapi.dll
0x00007ff8fc7c0000 - 0x00007ff8fc7d8000 	C:\Program Files\Amazon Corretto\jdk17.0.16_8\bin\zip.dll
0x00007ff9007b0000 - 0x00007ff9007c9000 	C:\Program Files\Amazon Corretto\jdk17.0.16_8\bin\net.dll
0x00007ff918f80000 - 0x00007ff91909e000 	C:\WINDOWS\SYSTEM32\WINHTTP.dll
0x00007ff91e940000 - 0x00007ff91e9ab000 	C:\WINDOWS\system32\mswsock.dll
0x00007ff900790000 - 0x00007ff9007a6000 	C:\Program Files\Amazon Corretto\jdk17.0.16_8\bin\nio.dll
0x00007ff909f00000 - 0x00007ff909f10000 	C:\Program Files\Amazon Corretto\jdk17.0.16_8\bin\verify.dll
0x00007ff8f5f30000 - 0x00007ff8f5f57000 	C:\Users\Administrator\.gradle\native\1def1411415f61bf3af743bc5b6707747c0891f09f0c88961ee8f79bc544acac\windows-amd64\native-platform.dll
0x00007ff8ea560000 - 0x00007ff8ea5d8000 	C:\Users\Administrator\.gradle\native\0.2.7\x86_64-windows-gnu\gradle-fileevents.dll
0x00007ff909ca0000 - 0x00007ff909ca9000 	C:\Program Files\Amazon Corretto\jdk17.0.16_8\bin\management.dll
0x00007ff908ac0000 - 0x00007ff908acb000 	C:\Program Files\Amazon Corretto\jdk17.0.16_8\bin\management_ext.dll
0x00007ff920ee0000 - 0x00007ff920ee8000 	C:\WINDOWS\System32\PSAPI.DLL
0x00007ff91ddc0000 - 0x00007ff91ddf3000 	C:\WINDOWS\SYSTEM32\IPHLPAPI.DLL
0x00007ff920320000 - 0x00007ff92032a000 	C:\WINDOWS\System32\NSI.dll
0x00007ff918f30000 - 0x00007ff918f4f000 	C:\WINDOWS\SYSTEM32\dhcpcsvc6.DLL
0x00007ff918d40000 - 0x00007ff918d65000 	C:\WINDOWS\SYSTEM32\dhcpcsvc.DLL
0x00007ff91de00000 - 0x00007ff91df26000 	C:\WINDOWS\SYSTEM32\DNSAPI.dll
0x00007ff907590000 - 0x00007ff907599000 	C:\Program Files\Amazon Corretto\jdk17.0.16_8\bin\extnet.dll
0x00007ff91ed20000 - 0x00007ff91ed3b000 	C:\WINDOWS\SYSTEM32\CRYPTSP.dll
0x00007ff91e330000 - 0x00007ff91e36b000 	C:\WINDOWS\system32\rsaenh.dll
0x00007ff91e9e0000 - 0x00007ff91ea0b000 	C:\WINDOWS\SYSTEM32\USERENV.dll
0x00007ff91f580000 - 0x00007ff91f5a6000 	C:\WINDOWS\SYSTEM32\bcrypt.dll
0x00007ff91eb80000 - 0x00007ff91eb8c000 	C:\WINDOWS\SYSTEM32\CRYPTBASE.dll
0x00007ff905520000 - 0x00007ff90552e000 	C:\Program Files\Amazon Corretto\jdk17.0.16_8\bin\sunmscapi.dll
0x00007ff920170000 - 0x00007ff9202e7000 	C:\WINDOWS\System32\CRYPT32.dll
0x00007ff91ee80000 - 0x00007ff91eeb0000 	C:\WINDOWS\SYSTEM32\ncrypt.dll
0x00007ff91ee30000 - 0x00007ff91ee6f000 	C:\WINDOWS\SYSTEM32\NTASN1.dll
0x00007ff910460000 - 0x00007ff910468000 	C:\WINDOWS\system32\wshunix.dll

dbghelp: loaded successfully - version: 4.0.5 - missing functions: none
symbol engine: initialized successfully - sym options: 0x614 - pdb path: .;C:\Program Files\Amazon Corretto\jdk17.0.16_8\bin;C:\WINDOWS\SYSTEM32;C:\WINDOWS\WinSxS\amd64_microsoft.windows.common-controls_6595b64144ccf1df_6.0.26100.4768_none_3e0c112ce331287c;C:\Program Files\Amazon Corretto\jdk17.0.16_8\bin\server;C:\Users\Administrator\.gradle\native\1def1411415f61bf3af743bc5b6707747c0891f09f0c88961ee8f79bc544acac\windows-amd64;C:\Users\Administrator\.gradle\native\0.2.7\x86_64-windows-gnu

VM Arguments:
jvm_args: --add-opens=java.base/java.lang=ALL-UNNAMED --add-opens=java.base/java.lang.invoke=ALL-UNNAMED --add-opens=java.base/java.util=ALL-UNNAMED --add-opens=java.prefs/java.util.prefs=ALL-UNNAMED --add-exports=jdk.compiler/com.sun.tools.javac.api=ALL-UNNAMED --add-exports=jdk.compiler/com.sun.tools.javac.util=ALL-UNNAMED --add-opens=java.base/java.util=ALL-UNNAMED --add-opens=java.prefs/java.util.prefs=ALL-UNNAMED --add-opens=java.base/java.nio.charset=ALL-UNNAMED --add-opens=java.base/java.net=ALL-UNNAMED --add-opens=java.base/java.util.concurrent.atomic=ALL-UNNAMED --add-opens=java.xml/javax.xml.namespace=ALL-UNNAMED -XX:MaxMetaspaceSize=384m -XX:+HeapDumpOnOutOfMemoryError -Xms256m -Xmx512m -Dfile.encoding=UTF-8 -Duser.country=KR -Duser.language=ko -Duser.variant -javaagent:C:\Users\Administrator\.gradle\wrapper\dists\gradle-8.14.3-bin\cv11ve7ro1n3o1j4so8xd9n66\gradle-8.14.3\lib\agents\gradle-instrumentation-agent-8.14.3.jar 
java_command: org.gradle.launcher.daemon.bootstrap.GradleDaemon 8.14.3
java_class_path (initial): C:\Users\Administrator\.gradle\wrapper\dists\gradle-8.14.3-bin\cv11ve7ro1n3o1j4so8xd9n66\gradle-8.14.3\lib\gradle-daemon-main-8.14.3.jar
Launcher Type: SUN_STANDARD

[Global flags]
     intx CICompilerCount                          = 12                                        {product} {ergonomic}
   size_t CompressedClassSpaceSize                 = 335544320                                 {product} {ergonomic}
     uint ConcGCThreads                            = 4                                         {product} {ergonomic}
     uint G1ConcRefinementThreads                  = 15                                        {product} {ergonomic}
   size_t G1HeapRegionSize                         = 1048576                                   {product} {ergonomic}
    uintx GCDrainStackTargetSize                   = 64                                        {product} {ergonomic}
     bool HeapDumpOnOutOfMemoryError               = true                                   {manageable} {command line}
   size_t InitialHeapSize                          = 268435456                                 {product} {command line}
   size_t MarkStackSize                            = 4194304                                   {product} {ergonomic}
   size_t MaxHeapSize                              = 536870912                                 {product} {command line}
   size_t MaxMetaspaceSize                         = 402653184                                 {product} {command line}
   size_t MaxNewSize                               = 321912832                                 {product} {ergonomic}
   size_t MinHeapDeltaBytes                        = 1048576                                   {product} {ergonomic}
   size_t MinHeapSize                              = 268435456                                 {product} {command line}
    uintx NonNMethodCodeHeapSize                   = 7602480                                {pd product} {ergonomic}
    uintx NonProfiledCodeHeapSize                  = 122027880                              {pd product} {ergonomic}
    uintx ProfiledCodeHeapSize                     = 122027880                              {pd product} {ergonomic}
    uintx ReservedCodeCacheSize                    = 251658240                              {pd product} {ergonomic}
     bool SegmentedCodeCache                       = true                                      {product} {ergonomic}
   size_t SoftMaxHeapSize                          = 536870912                              {manageable} {ergonomic}
     bool UseCompressedClassPointers               = true                           {product lp64_product} {ergonomic}
     bool UseCompressedOops                        = true                           {product lp64_product} {ergonomic}
     bool UseG1GC                                  = true                                      {product} {ergonomic}
     bool UseLargePagesIndividualAllocation        = false                                  {pd product} {ergonomic}

Logging:
Log output configuration:
 #0: stdout all=warning uptime,level,tags
 #1: stderr all=off uptime,level,tags

Environment Variables:
JAVA_HOME=C:\Program Files\Amazon Corretto\jdk17.0.16_8
PATH=C:\Python313\Scripts\;C:\Python313\;C:\Program Files\Amazon Corretto\jdk17.0.16_8\bin;C:\WINDOWS\system32;C:\WINDOWS;C:\WINDOWS\System32\Wbem;C:\WINDOWS\System32\WindowsPowerShell\v1.0\;C:\WINDOWS\System32\OpenSSH\;C:\Program Files\Docker\Docker\resources\bin;C:\Program Files\Git\cmd;C:\Program Files\Vagrant\bin;C:\Program Files\nodejs\;C:\ProgramData\chocolatey\bin;C:\Program Files\cursor\resources\app\bin;C:\Users\Administrator\AppData\Local\Microsoft\WindowsApps;;C:\Program Files\JetBrains\IntelliJ IDEA 2025.2.2\bin;C:\Users\Administrator\AppData\Local\SOOP;C:\Users\Administrator\AppData\Roaming\npm;C:\Users\Administrator\AppData\Local\Programs\Microsoft VS Code\bin
USERNAME=Administrator
OS=Windows_NT
PROCESSOR_IDENTIFIER=Intel64 Family 6 Model 151 Stepping 2, GenuineIntel
TMP=C:\Users\ADMINI~1\AppData\Local\Temp
TEMP=C:\Users\ADMINI~1\AppData\Local\Temp



Periodic native trim disabled


---------------  S Y S T E M  ---------------

OS:
 Windows 11 , 64 bit Build 26100 (10.0.26100.4768)
OS uptime: 6 days 22:28 hours
Hyper-V role detected

CPU: total 20 (initial active 20) (10 cores per cpu, 2 threads per core) family 6 model 151 stepping 2 microcode 0x36, cx8, cmov, fxsr, ht, mmx, 3dnowpref, sse, sse2, sse3, ssse3, sse4.1, sse4.2, popcnt, lzcnt, tsc, tscinvbit, avx, avx2, aes, erms, clmul, bmi1, bmi2, adx, sha, fma, vzeroupper, clflush, clflushopt, clwb, hv
Processor Information for processor 0
  Max Mhz: 2100, Current Mhz: 2100, Mhz Limit: 2100
Processor Information for processor 1
  Max Mhz: 2100, Current Mhz: 2100, Mhz Limit: 2100
Processor Information for processor 2
  Max Mhz: 2100, Current Mhz: 2100, Mhz Limit: 2100
Processor Information for processor 3
  Max Mhz: 2100, Current Mhz: 2100, Mhz Limit: 2100
Processor Information for processor 4
  Max Mhz: 2100, Current Mhz: 2100, Mhz Limit: 2100
Processor Information for processor 5
  Max Mhz: 2100, Current Mhz: 2100, Mhz Limit: 2100
Processor Information for processor 6
  Max Mhz: 2100, Current Mhz: 2100, Mhz Limit: 2100
Processor Information for processor 7
  Max Mhz: 2100, Current Mhz: 2100, Mhz Limit: 2100
Processor Information for processor 8
  Max Mhz: 2100, Current Mhz: 2100, Mhz Limit: 2100
Processor Information for processor 9
  Max Mhz: 2100, Current Mhz: 2100, Mhz Limit: 2100
Processor Information for processor 10
  Max Mhz: 2100, Current Mhz: 2100, Mhz Limit: 2100
Processor Information for processor 11
  Max Mhz: 2100, Current Mhz: 2100, Mhz Limit: 2100
Processor Information for processor 12
  Max Mhz: 2100, Current Mhz: 2100, Mhz Limit: 2100
Processor Information for processor 13
  Max Mhz: 2100, Current Mhz: 2100, Mhz Limit: 2100
Processor Information for processor 14
  Max Mhz: 2100, Current Mhz: 2100, Mhz Limit: 2100
Processor Information for processor 15
  Max Mhz: 2100, Current Mhz: 2100, Mhz Limit: 2100
Processor Information for processor 16
  Max Mhz: 2100, Current Mhz: 1600, Mhz Limit: 1596
Processor Information for processor 17
  Max Mhz: 2100, Current Mhz: 1600, Mhz Limit: 1596
Processor Information for processor 18
  Max Mhz: 2100, Current Mhz: 1600, Mhz Limit: 1596
Processor Information for processor 19
  Max Mhz: 2100, Current Mhz: 1600, Mhz Limit: 1596

Memory: 4k page, system-wide physical 16068M (2420M free)
TotalPageFile size 46493M (AvailPageFile size 424M)
current process WorkingSet (physical memory assigned to process): 544M, peak: 544M
current process commit charge ("private bytes"): 617M, peak: 617M

vm_info: OpenJDK 64-Bit Server VM (17.0.16+8-LTS) for windows-amd64 JRE (17.0.16+8-LTS), built on Jul  9 2025 19:25:12 by "Administrator" with MS VC++ 16.10 / 16.11 (VS2019)

END.
